"../../../../../../Users/NIVELLEMENDIOLA-PC/Documents/GitHub/prototype/Content/PLASMA/Assets/sidecoffin_lambert1_BaseColor.uasset" 0
"../../../../../../Users/NIVELLEMENDIOLA-PC/Documents/GitHub/prototype/Content/PLASMA/Assets/sidecoffin_lambert1_Normal.uasset" 1
"../../../../../../Users/NIVELLEMENDIOLA-PC/Documents/GitHub/prototype/Content/PLASMA/Assets/sidecoffin_lambert1_OcclusionRoughnessMetallic.uasset" 2
"../../../../../../Users/NIVELLEMENDIOLA-PC/Documents/GitHub/prototype/Content/PLASMA/Assets/MAT_coffin.uasset" 3
"../../../../../../Users/NIVELLEMENDIOLA-PC/Documents/GitHub/prototype/Content/PLASMA/Weapon/Axe/Textures/Axe_Axe_Handle1_BaseColor.uasset" 4
"../../../../../../Users/NIVELLEMENDIOLA-PC/Documents/GitHub/prototype/Content/PLASMA/Weapon/Axe/Textures/Axe_Axe_Handle1_Normal.uasset" 5
"../../../../../../Users/NIVELLEMENDIOLA-PC/Documents/GitHub/prototype/Content/PLASMA/Weapon/Axe/Textures/Axe_Axe_Handle1_OcclusionRoughnessMetallic.uasset" 6
"../../../../../../Users/NIVELLEMENDIOLA-PC/Documents/GitHub/prototype/Content/PLASMA/Weapon/Axe/Material/Axe_Handle1.uasset" 7
"../../../../../../Users/NIVELLEMENDIOLA-PC/Documents/GitHub/prototype/Content/PLASMA/Weapon/Axe/Textures/Axe_Axe_Handle2_BaseColor.uasset" 8
"../../../../../../Users/NIVELLEMENDIOLA-PC/Documents/GitHub/prototype/Content/PLASMA/Weapon/Axe/Textures/Axe_Axe_Handle2_Normal.uasset" 9
"../../../../../../Users/NIVELLEMENDIOLA-PC/Documents/GitHub/prototype/Content/PLASMA/Weapon/Axe/Textures/Axe_Axe_Handle2_OcclusionRoughnessMetallic.uasset" 10
"../../../../../../Users/NIVELLEMENDIOLA-PC/Documents/GitHub/prototype/Content/PLASMA/Weapon/Axe/Material/Axe_Handle2.uasset" 11
"../../../../../../Users/NIVELLEMENDIOLA-PC/Documents/GitHub/prototype/Content/PLASMA/Weapon/Axe/Textures/Axe_Axe_Handle3_BaseColor.uasset" 12
"../../../../../../Users/NIVELLEMENDIOLA-PC/Documents/GitHub/prototype/Content/PLASMA/Weapon/Axe/Textures/Axe_Axe_Handle3_Normal.uasset" 13
"../../../../../../Users/NIVELLEMENDIOLA-PC/Documents/GitHub/prototype/Content/PLASMA/Weapon/Axe/Textures/Axe_Axe_Handle3_OcclusionRoughnessMetallic.uasset" 14
"../../../../../../Users/NIVELLEMENDIOLA-PC/Documents/GitHub/prototype/Content/PLASMA/Weapon/Axe/Material/Axe_Handle3.uasset" 15
"../../../../../../Users/NIVELLEMENDIOLA-PC/Documents/GitHub/prototype/Content/PLASMA/Weapon/Axe/Textures/Axe_Axe_Head1_BaseColor.uasset" 16
"../../../../../../Users/NIVELLEMENDIOLA-PC/Documents/GitHub/prototype/Content/PLASMA/Weapon/Axe/Textures/Axe_Axe_Head1_Normal.uasset" 17
"../../../../../../Users/NIVELLEMENDIOLA-PC/Documents/GitHub/prototype/Content/PLASMA/Weapon/Axe/Textures/Axe_Axe_Head1_OcclusionRoughnessMetallic.uasset" 18
"../../../../../../Users/NIVELLEMENDIOLA-PC/Documents/GitHub/prototype/Content/PLASMA/Weapon/Axe/Material/Axe_Head1.uasset" 19
"../../../../../../Users/NIVELLEMENDIOLA-PC/Documents/GitHub/prototype/Content/PLASMA/Weapon/Axe/Textures/Axe_Axe_Head2_BaseColor.uasset" 20
"../../../../../../Users/NIVELLEMENDIOLA-PC/Documents/GitHub/prototype/Content/PLASMA/Weapon/Axe/Textures/Axe_Axe_Head2_Normal.uasset" 21
"../../../../../../Users/NIVELLEMENDIOLA-PC/Documents/GitHub/prototype/Content/PLASMA/Weapon/Axe/Textures/Axe_Axe_Head2_OcclusionRoughnessMetallic.uasset" 22
"../../../../../../Users/NIVELLEMENDIOLA-PC/Documents/GitHub/prototype/Content/PLASMA/Weapon/Axe/Material/Axe_Head2.uasset" 23
"../../../../../../Users/NIVELLEMENDIOLA-PC/Documents/GitHub/prototype/Content/PLASMA/Weapon/Axe/Textures/Axe_Axe_Head3_BaseColor.uasset" 24
"../../../../../../Users/NIVELLEMENDIOLA-PC/Documents/GitHub/prototype/Content/PLASMA/Weapon/Axe/Textures/Axe_Axe_Head3_Normal.uasset" 25
"../../../../../../Users/NIVELLEMENDIOLA-PC/Documents/GitHub/prototype/Content/PLASMA/Weapon/Axe/Textures/Axe_Axe_Head3_OcclusionRoughnessMetallic.uasset" 26
"../../../../../../Users/NIVELLEMENDIOLA-PC/Documents/GitHub/prototype/Content/PLASMA/Weapon/Axe/Material/Axe_Head3.uasset" 27
"../../../../../../Users/NIVELLEMENDIOLA-PC/Documents/GitHub/prototype/Content/PLASMA/Weapon/Axe/Textures/Axe_lambert2_BaseColor.uasset" 28
"../../../../../../Users/NIVELLEMENDIOLA-PC/Documents/GitHub/prototype/Content/PLASMA/Weapon/Axe/Textures/Axe_lambert2_Normal.uasset" 29
"../../../../../../Users/NIVELLEMENDIOLA-PC/Documents/GitHub/prototype/Content/PLASMA/Weapon/Axe/Textures/Axe_lambert2_OcclusionRoughnessMetallic.uasset" 30
"../../../../../../Users/NIVELLEMENDIOLA-PC/Documents/GitHub/prototype/Content/PLASMA/Weapon/Axe/Material/lambert2.uasset" 31
"../../../Engine/Content/Functions/Engine_MaterialFunctions01/Opacity/CameraDepthFade.uasset" 32
"../../../Engine/Content/EngineMaterials/T_Default_Material_Grid_M.uasset" 33
"../../../Engine/Content/EngineMaterials/T_Default_Material_Grid_N.uasset" 34
"../../../Engine/Content/EngineMaterials/DefaultMaterial.uasset" 35
"../../../Engine/Content/BasicShapes/Cone.uasset" 36
"../../../Engine/Content/BasicShapes/Cylinder.uasset" 37
"../../../Engine/Content/EngineMaterials/WorldGridMaterial.uasset" 38
"../../../Engine/Content/BasicShapes/Plane.uasset" 39
"../../../Engine/Content/EditorLandscapeResources/DataLayer.uasset" 40
"../../../Engine/Content/EditorMaterials/GizmoMaterial.uasset" 41
"../../../Engine/Content/EditorMaterials/MAT_Groups_Toggle.uasset" 42
"../../../Engine/Content/EditorMaterials/MAT_Groups_Visibility.uasset" 43
"../../../Engine/Content/EditorMaterials/PreviewShadowIndicator.uasset" 44
"../../../Engine/Content/EditorMaterials/PreviewShadowIndicatorMaterial.uasset" 45
"../../../Engine/Content/EditorMaterials/MatineeGroups/MAT_ColorTrack.uasset" 46
"../../../Engine/Content/EditorMaterials/MatineeGroups/MAT_Groups_Anim.uasset" 47
"../../../Engine/Content/EditorMaterials/MatineeGroups/MAT_Groups_AudioMaster.uasset" 48
"../../../Engine/Content/EditorMaterials/MatineeGroups/MAT_Groups_Director.uasset" 49
"../../../Engine/Content/EditorMaterials/MatineeGroups/MAT_Groups_Event.uasset" 50
"../../../Engine/Content/EditorMaterials/MatineeGroups/MAT_Groups_Fade.uasset" 51
"../../../Engine/Content/EditorMaterials/MatineeGroups/MAT_Groups_Float.uasset" 52
"../../../Engine/Content/EditorMaterials/MatineeGroups/MAT_Groups_Move.uasset" 53
"../../../Engine/Content/EditorMaterials/MatineeGroups/MAT_Groups_Slomo.uasset" 54
"../../../Engine/Content/EditorMaterials/MatineeGroups/MAT_Groups_Sound.uasset" 55
"../../../Engine/Content/EditorMaterials/MatineeGroups/MAT_Groups_Vector.uasset" 56
"../../../Engine/Content/EditorMaterials/ParticleSystems/PSysThumbnail_NoImage.uasset" 57
"../../../Engine/Content/EditorMaterials/ParticleSystems/PSysThumbnail_OOD.uasset" 58
"../../../Engine/Content/EditorMaterials/Camera/CineMat.uasset" 59
"../../../Engine/Content/EditorMaterials/Camera/MI_CineMat_Rig.uasset" 60
"../../../Engine/Content/EditorMeshes/Camera/SM_CraneRig_Arm.uasset" 61
"../../../Engine/Content/EditorMeshes/Camera/SM_CraneRig_Base.uasset" 62
"../../../Engine/Content/EditorMeshes/Camera/SM_CraneRig_Body.uasset" 63
"../../../Engine/Content/EditorMeshes/Camera/SM_CraneRig_Mount.uasset" 64
"../../../Engine/Content/EditorMeshes/Camera/SM_RailRig_Mount.uasset" 65
"../../../Engine/Content/EditorMeshes/Camera/SM_RailRig_Track.uasset" 66
"../../../Engine/Content/EditorMeshes/ColorCalibrator/M_ChromeBall.uasset" 67
"../../../Engine/Content/EditorMeshes/ColorCalibrator/M_ClearCoat.uasset" 68
"../../../Engine/Content/EditorMeshes/ColorCalibrator/M_ClearCoatBlack.uasset" 69
"../../../Engine/Content/EditorMeshes/ColorCalibrator/Color_checker.uasset" 70
"../../../Engine/Content/EditorMeshes/ColorCalibrator/M_ColorGrid.uasset" 71
"../../../Engine/Content/EditorMeshes/ColorCalibrator/M_GreyBall.uasset" 72
"../../../Engine/Content/EditorMeshes/ColorCalibrator/SM_ColorCalibrator.uasset" 73
"../../../Engine/Content/EditorResources/BSPVertex.uasset" 74
"../../../Engine/Content/EditorResources/EmptyActor.uasset" 75
"../../../Engine/Content/EditorResources/S_Actor.uasset" 76
"../../../Engine/Content/EditorResources/S_Trigger.uasset" 77
"../../../Engine/Content/EditorResources/AudioIcons/S_AudioComponent_AutoActivate.uasset" 78
"../../../Engine/Content/EditorResources/LightIcons/S_LightError.uasset" 79
"../../../Engine/Content/EditorResources/SequenceRecorder/Countdown.uasset" 80
"../../../Engine/Content/EditorResources/SequenceRecorder/RecordingIndicator.uasset" 81
"../../../Engine/Content/EditorSounds/Notifications/CompileFailed.uasset" 82
"../../../Engine/Content/EditorSounds/Notifications/CompileFailed_Cue.uasset" 83
"../../../Engine/Content/EditorSounds/Notifications/CompileSuccess.uasset" 84
"../../../Engine/Content/EditorSounds/Notifications/CompileStart_Cue.uasset" 85
"../../../Engine/Content/EditorSounds/Notifications/CompileSuccess_Cue.uasset" 86
"../../../Engine/Content/EngineDamageTypes/DmgTypeBP_Environmental.uasset" 87
"../../../Engine/Content/EngineDebugMaterials/HeatmapGradient.uasset" 88
"../../../Engine/Content/EngineDebugMaterials/BoneWeightMaterial.uasset" 89
"../../../Engine/Content/EngineDebugMaterials/ClothMaterial.uasset" 90
"../../../Engine/Content/EngineDebugMaterials/ClothMaterial_WF.uasset" 91
"../../../Engine/Content/EngineDebugMaterials/DebugEditorMaterial.uasset" 92
"../../../Engine/Content/EngineDebugMaterials/DebugMeshMaterial.uasset" 93
"../../../Engine/Content/EngineDebugMaterials/GeomMaterial.uasset" 94
"../../../Engine/Content/EngineFonts/Faces/RobotoBold.uasset" 95
"../../../Engine/Content/EngineFonts/Faces/RobotoBoldItalic.uasset" 96
"../../../Engine/Content/EngineFonts/Faces/RobotoItalic.uasset" 97
"../../../Engine/Content/EngineFonts/Faces/RobotoLight.uasset" 98
"../../../Engine/Content/EngineFonts/Faces/RobotoRegular.uasset" 99
"../../../Engine/Content/EngineFonts/Roboto.uasset" 100
"../../../Engine/Content/EngineFonts/Faces/RobotoTiny.uasset" 101
"../../../Engine/Content/EngineFonts/RobotoTiny.uasset" 102
"../../../Engine/Content/EngineMaterials/DefaultBloomKernel.uasset" 103
"../../../Engine/Content/EngineMaterials/DefaultBokeh.uasset" 104
"../../../Engine/Content/EngineMaterials/DefaultDiffuse.uasset" 105
"../../../Engine/Content/EngineMaterials/DefaultDeferredDecalMaterial.uasset" 106
"../../../Engine/Content/EngineMaterials/DefaultLightFunctionMaterial.uasset" 107
"../../../Engine/Content/EngineMaterials/DefaultPhysicalMaterial.uasset" 108
"../../../Engine/Content/Functions/Engine_MaterialFunctions02/Utility/BreakOutFloat2Components.uasset" 109
"../../../Engine/Content/EngineMaterials/DefaultPostProcessMaterial.uasset" 110
"../../../Engine/Content/EngineFonts/RobotoDistanceField.uasset" 111
"../../../Engine/Content/EngineMaterials/DefaultTextMaterialOpaque.uasset" 112
"../../../Engine/Content/EngineMaterials/DefaultWhiteGrid.uasset" 113
"../../../Engine/Content/EngineMaterials/EditorBrushMaterial.uasset" 114
"../../../Engine/Content/EngineMaterials/Good64x64TilingNoiseHighFreq.uasset" 115
"../../../Engine/Content/EngineMaterials/MiniFont.uasset" 116
"../../../Engine/Content/EngineMaterials/InvalidLightmapSettings.uasset" 117
"../../../Engine/Content/EngineMaterials/M_InvalidLightmapSettings.uasset" 118
"../../../Engine/Content/Functions/Engine_MaterialFunctions02/WorldPositionOffset/CameraOffset.uasset" 119
"../../../Engine/Content/EngineMaterials/PhAT_JointLimitMaterial.uasset" 120
"../../../Engine/Content/EngineMaterials/PreintegratedSkinBRDF.uasset" 121
"../../../Engine/Content/EngineMaterials/RemoveSurfaceMaterial.uasset" 122
"../../../Engine/Content/EngineMaterials/WeightMapPlaceholderTexture.uasset" 123
"../../../Engine/Content/EngineResources/WhiteSquareTexture.uasset" 124
"../../../Engine/Content/EngineMaterials/Widget3DPassThrough.uasset" 125
"../../../Engine/Content/EngineMaterials/Widget3DPassThrough_Masked.uasset" 126
"../../../Engine/Content/EngineMaterials/Widget3DPassThrough_Opaque.uasset" 127
"../../../Engine/Content/EngineMaterials/Widget3DPassThrough_Masked_OneSided.uasset" 128
"../../../Engine/Content/EngineMaterials/Widget3DPassThrough_Opaque_OneSided.uasset" 129
"../../../Engine/Content/EngineMaterials/Widget3DPassThrough_Translucent.uasset" 130
"../../../Engine/Content/EngineMaterials/Widget3DPassThrough_Translucent_OneSided.uasset" 131
"../../../Engine/Content/EngineMeshes/Cube.uasset" 132
"../../../Engine/Content/EngineMeshes/Cylinder.uasset" 133
"../../../Engine/Content/EngineResources/Black.uasset" 134
"../../../Engine/Content/EngineResources/DefaultTextureCube.uasset" 135
"../../../Engine/Content/EngineResources/GradientTexture0.uasset" 136
"../../../Engine/Content/EngineSounds/Master.uasset" 137
"../../../Engine/Content/Functions/Engine_MaterialFunctions01/Shading/ConvertFromDiffSpec.uasset" 138
"../../../Engine/Content/Functions/Engine_MaterialFunctions01/Shading/PowerToRoughness.uasset" 139
"../../../Engine/Content/Maps/Templates/Thumbnails/Default.uasset" 140
"../../../Engine/Content/Maps/Templates/Thumbnails/VR-Basic.uasset" 141
"../../../Engine/Content/MobileResources/T_MobileControls_texture.uasset" 142
"../../../Engine/Content/MobileResources/T_MobileMenu2.uasset" 143
"../../../Engine/Content/MobileResources/HUD/AnalogHat.uasset" 144
"../../../Engine/Content/MobileResources/HUD/VirtualJoystick_Background.uasset" 145
"../../../Engine/Content/MobileResources/HUD/VirtualJoystick_Thumb.uasset" 146
"../../../Engine/Content/MobileResources/HUD/DefaultVirtualJoysticks.uasset" 147
"../../../Engine/Content/MobileResources/HUD/LeftVirtualJoystickOnly.uasset" 148
"../../../Engine/Content/MobileResources/HUD/MobileHUDButton1_off.uasset" 149
"../../../Engine/Content/MobileResources/HUD/MobileHUDButton1_on.uasset" 150
"../../../Engine/Content/MobileResources/HUD/MobileHUDButton2_off.uasset" 151
"../../../Engine/Content/MobileResources/HUD/MobileHUDButton2_on.uasset" 152
"../../../Engine/Content/MobileResources/HUD/MobileHUDButton3.uasset" 153
"../../../Engine/Content/MobileResources/HUD/MobileHUDButtonFire.uasset" 154
"../../../Engine/Content/MobileResources/HUD/MobileHUDDirectionPad.uasset" 155
"../../../Engine/Content/MobileResources/HUD/MobileHUDDirectionPad2.uasset" 156
"../../../Engine/Content/MobileResources/HUD/MobileHUDDirectionPad3.uasset" 157
"../../../Engine/Content/MobileResources/HUD/MobileHUDDirectionStick.uasset" 158
"../../../Engine/Content/MobileResources/HUD/T_Castle_ThumbstickInner.uasset" 159
"../../../Engine/Content/MobileResources/HUD/T_Castle_ThumbstickOutter.uasset" 160
"../../../Engine/Content/Tutorial/ContentIntroCurve.uasset" 161
"../../../Engine/Content/Tutorial/Basics/TutorialAssets/icon_tab_Levels_40x.uasset" 162
"../../../Engine/Content/Tutorial/BlueprintTutorials/TutorialAssets/BlueprintInterface_64x.uasset" 163
"../../../Engine/Content/Tutorial/BlueprintTutorials/TutorialAssets/BlueprintMacroLibrary_64x.uasset" 164
"../../../Engine/Content/Tutorial/BlueprintTutorials/TutorialAssets/Blueprint_64x.uasset" 165
"../../../Engine/Content/Tutorial/BlueprintTutorials/TutorialAssets/Tutorial_BP_Interface.uasset" 166
"../../../Engine/Content/Tutorial/Foliage/TutorialAssets/Foliage.uasset" 167
"../../../Engine/Content/Tutorial/Landscape/TutorialAssets/Landscape.uasset" 168
"../../../Engine/Content/Tutorial/Paper2D/TutorialAssets/Paper2DFlipbook_TutorialIcon.uasset" 169
"../../../Engine/Content/Tutorial/Paper2D/TutorialAssets/Paper2DSprite_TutorialIcon.uasset" 170
"../../../Engine/Content/Tutorial/SubEditors/TutorialAssets/icon_Editor_Preferences_General_40x.uasset" 171
"../../../Engine/Content/Tutorial/SubEditors/TutorialAssets/icon_ShowSkeletalMeshes_40x.uasset" 172
"../../../Engine/Content/Tutorial/SubEditors/TutorialAssets/TutorialMaterial.uasset" 173
"../../../Engine/Content/Tutorial/SubEditors/TutorialAssets/T_SmokeSubUV_8X8.uasset" 174
"../../../Engine/Content/Tutorial/SubEditors/TutorialAssets/T_soft_smoke.uasset" 175
"../../../Engine/Content/Tutorial/SubEditors/TutorialAssets/M_smoke_subUV_blackbody.uasset" 176
"../../../Engine/Content/Tutorial/SubEditors/TutorialAssets/TutorialParticleSystem.uasset" 177
"../../../Engine/Content/VREditor/Fonts/VRText_RobotoLarge.uasset" 178
"../../../Engine/Content/VREditor/Fonts/VRTextMaterial.uasset" 179
"../../../Engine/Content/Functions/Engine_MaterialFunctions01/Gradient/RadialGradient.uasset" 180
"../../../Engine/Content/VREditor/WorldMovementGrid/SimpleGrid.uasset" 181
"../../../Engine/Content/VREditor/WorldMovementGrid/GridMaterial.uasset" 182
"../../../Engine/Content/Functions/Engine_MaterialFunctions01/Density/ExponentialDensity.uasset" 183
"../../../Engine/Content/VREditor/WorldMovementGrid/GridPostProcess.uasset" 184
"../../../Engine/Content/Functions/Engine_MaterialFunctions02/Utility/BreakOutFloat3Components.uasset" 185
"../../../Engine/Content/VREditor/Devices/Vive/VivePreController_MasksB.uasset" 186
"../../../Engine/Content/VREditor/Devices/Oculus/OculusControllerMaterial.uasset" 187
"../../../Engine/Content/VREditor/Devices/Oculus/OculusControllerMaterial_Inst.uasset" 188
"../../../Engine/Content/VREditor/Devices/Vive/T_VivePreController_EM.uasset" 189
"../../../Engine/Content/VREditor/Devices/Vive/VivePreController_MasksA.uasset" 190
"../../../Engine/Content/VREditor/Devices/Vive/VivePreControllerDiffuse.uasset" 191
"../../../Engine/Content/VREditor/Devices/Vive/VivePreControllerSpec.uasset" 192
"../../../Engine/Content/VREditor/LaserPointer/VR_LaserPower_01.uasset" 193
"../../../Engine/Content/VREditor/Devices/Vive/VivePreControllerMaterial.uasset" 194
"../../../Engine/Content/VREditor/Devices/Vive/VivePreControllerMaterial_Inst.uasset" 195
"../../../Engine/Content/VREditor/LaserPointer/LaserPointerMaterial.uasset" 196
"../../../Engine/Content/VREditor/LaserPointer/LaserPointerMaterialInst.uasset" 197
"../../../Engine/Content/VREditor/LaserPointer/TranslucentLaserPointerMaterialInst.uasset" 198
"../../../Engine/Content/VREditor/Teleport/TeleportDirectionMaterial.uasset" 199
"../../../Engine/Content/VREditor/Teleport/TeleportDirectionMaterial_Inst.uasset" 200
"../../../Engine/Content/VREditor/TransformGizmo/TransformGizmoMaterial.uasset" 201
"../../../Engine/Content/VREditor/TransformGizmo/TransformGizmoMaterial_Inst.uasset" 202
"../../../Engine/Content/VREditor/TransformGizmo/TranslucentTransformGizmoMaterial.uasset" 203
"../../../Engine/Content/VREditor/TransformGizmo/TranslucentTransformGizmoMaterial_Inst.uasset" 204
"../../../Engine/Content/VREditor/Devices/Generic/GenericHMDMaterial.uasset" 205
"../../../Engine/Content/VREditor/Devices/Generic/GenericHMD.uasset" 206
"../../../Engine/Content/VREditor/Devices/Oculus/OculusControllerMesh.uasset" 207
"../../../Engine/Content/VREditor/Devices/Vive/VivePreControllerMesh.uasset" 208
"../../../Engine/Content/VREditor/LaserPointer/CursorPointer.uasset" 209
"../../../Engine/Content/VREditor/LaserPointer/HoverMaterial.uasset" 210
"../../../Engine/Content/VREditor/LaserPointer/TranslucentHoverMaterial.uasset" 211
"../../../Engine/Content/VREditor/LaserPointer/HoverMesh.uasset" 212
"../../../Engine/Content/VREditor/LaserPointer/LaserPointerMesh.uasset" 213
"../../../Engine/Content/VREditor/LaserPointer/LaserPointerMesh_End.uasset" 214
"../../../Engine/Content/VREditor/LaserPointer/LaserPointerMesh_Start.uasset" 215
"../../../Engine/Content/VREditor/Sounds/UI/Click_on_Button_Cue.uasset" 216
"../../../Engine/Content/VREditor/Sounds/UI/Dockable_Window_Close.uasset" 217
"../../../Engine/Content/VREditor/Sounds/UI/Dockable_Window_Drop.uasset" 218
"../../../Engine/Content/VREditor/Sounds/UI/Dockable_Window_Open.uasset" 219
"../../../Engine/Content/VREditor/Sounds/UI/Dockable_Window_Pick_Up.uasset" 220
"../../../Engine/Content/VREditor/Sounds/UI/Drop_Item_From_ContentBrowser.uasset" 221
"../../../Engine/Content/VREditor/Sounds/UI/Floating_UI_Open-001.uasset" 222
"../../../Engine/Content/VREditor/Sounds/UI/Radial_Menu_FadeOut.uasset" 223
"../../../Engine/Content/VREditor/Sounds/UI/Teleport_Mode_Entered.uasset" 224
"../../../Engine/Content/VREditor/Sounds/VR_teleport.uasset" 225
"../../../Engine/Content/VREditor/Teleport/TeleportDirectionMesh.uasset" 226
"../../../Engine/Content/VREditor/TransformGizmo/Main.uasset" 227
"../../../Engine/Content/VREditor/TransformGizmo/Xray.uasset" 228
"../../../Engine/Content/VREditor/TransformGizmo/SM_Dialog_Close.uasset" 229
"../../../Engine/Content/VREditor/TransformGizmo/SM_Dialog_Move.uasset" 230
"../../../Engine/Content/VREditor/Devices/Vive/UE4_Logo.uasset" 231
"../../../Engine/Content/VREditor/UI/M_ContentWindow.uasset" 232
"../../../Engine/Content/VREditor/UI/SM_ContentWindow_01.uasset" 233
"../../../Engine/Content/VREditor/UI/KeyDiskMaterial.uasset" 234
"../../../Engine/Content/VREditor/UI/DiscMaterial.uasset" 235
"../../../Engine/Content/VREditor/UI/SM_Radial_Disk.uasset" 236
"../../../Engine/Content/VREditor/UI/ArrowMaterial.uasset" 237
"../../../Engine/Content/VREditor/UI/SM_Radial_Pointer.uasset" 238
"../../../Engine/Content/EditorLandscapeResources/FlattenHeightMat.uasset" 239
"../../../Engine/Content/VREditor/WorldMovementGrid/PlaneMesh.uasset" 240
"../../../Engine/Content/VREditor/VREditorAssetContainerData.uasset" 241
"../../../Engine/Content/VREditor/FloatingText/LineMaterial.uasset" 242
"../../../Engine/Content/VREditor/FloatingText/JointSphere.uasset" 243
"../../../Engine/Content/VREditor/FloatingText/LineSegmentCylinder.uasset" 244
"../../../Engine/Content/VREditor/Fonts/TranslucentVRTextMaterial.uasset" 245
"../../../Engine/Content/VREditor/Sounds/UI/Click_on_Button.uasset" 246
"../../../Engine/Content/VREditor/TransformGizmo/BoundingBoxCorner.uasset" 247
"../../../Engine/Content/VREditor/TransformGizmo/BoundingBoxEdge.uasset" 248
"../../../Engine/Content/VREditor/TransformGizmo/PlaneTranslationHandle.uasset" 249
"../../../Engine/Content/VREditor/TransformGizmo/SM_Sequencer_Key.uasset" 250
"../../../Engine/Content/VREditor/TransformGizmo/SM_Sequencer_Node.uasset" 251
"../../Plugins/2D/Paper2D/Content/PlaceholderTextures/DummySpriteTexture.uasset" 252
"../../Plugins/2D/Paper2D/Content/DummySprite.uasset" 253
"../../Plugins/2D/Paper2D/Content/DefaultPaperTerrainMaterial.uasset" 254
"../../Plugins/2D/Paper2D/Content/DefaultSpriteMaterial.uasset" 255
"../../Plugins/2D/Paper2D/Content/MaskedUnlitSpriteMaterial.uasset" 256
"../../Plugins/2D/Paper2D/Content/OpaqueUnlitSpriteMaterial.uasset" 257
"../../Plugins/Media/MediaCompositing/Content/DefaultMediaPlaneTexture.uasset" 258
"../../Plugins/Media/MediaCompositing/Content/DefaultMediaPlaneMaterial.uasset" 259
"../../../Engine/Content/Functions/Engine_MaterialFunctions02/Utility/MakeFloat4.uasset" 260
"../../Plugins/Runtime/AppleARKit/Content/ARKitCameraMaterial.uasset" 261
"../../Plugins/Runtime/Oculus/OculusVR/Content/Textures/GearVRController_AO.uasset" 262
"../../Plugins/Runtime/Oculus/OculusVR/Content/Textures/GearVRController_Color.uasset" 263
"../../Plugins/Runtime/Oculus/OculusVR/Content/Textures/GearVRController_Normal.uasset" 264
"../../Plugins/Runtime/Oculus/OculusVR/Content/Materials/GearVRControllerMaterial.uasset" 265
"../../Plugins/Runtime/Oculus/OculusVR/Content/Meshes/GearVrController.uasset" 266
"../../../Engine/Content/EditorBlueprintResources/StandardMacros.uasset" 267
"../../../Engine/Content/EngineSky/C_Sky_Cloud_Color.uasset" 268
"../../../Engine/Content/EngineSky/C_Sky_Horizon_Color.uasset" 269
"../../../Engine/Content/EngineSky/C_Sky_Zenith_Color.uasset" 270
"../../../Engine/Content/EngineSky/T_Sky_Blue.uasset" 271
"../../../Engine/Content/EngineSky/T_Sky_Clouds_M.uasset" 272
"../../../Engine/Content/EngineSky/T_Sky_Stars.uasset" 273
"../../../Engine/Content/EngineSky/M_Sky_Panning_Clouds2.uasset" 274
"../../../Engine/Content/EngineSky/SM_SkySphere.uasset" 275
"../../../Engine/Content/EngineSky/BP_Sky_Sphere.uasset" 276
"../../../../../../Users/NIVELLEMENDIOLA-PC/Documents/GitHub/prototype/Content/PLASMA/Character/Main/Mesh/MainChar_Skeleton.uasset" 277
"../../../../../../Users/NIVELLEMENDIOLA-PC/Documents/GitHub/prototype/Content/PLASMA/Character/Main/Animations/MainChar_JumpEnd.uasset" 278
"../../../../../../Users/NIVELLEMENDIOLA-PC/Documents/GitHub/prototype/Content/PLASMA/Character/Main/Animations/MainChar_JumpLoop.uasset" 279
"../../../../../../Users/NIVELLEMENDIOLA-PC/Documents/GitHub/prototype/Content/PLASMA/Character/Main/Animations/MainChar_JumpStart.uasset" 280
"../../../../../../Users/NIVELLEMENDIOLA-PC/Documents/GitHub/prototype/Content/PLASMA/Character/Main/Animations/MainChar_Idle.uasset" 281
"../../../../../../Users/NIVELLEMENDIOLA-PC/Documents/GitHub/prototype/Content/PLASMA/Character/Main/Animations/MainChar_Run.uasset" 282
"../../../../../../Users/NIVELLEMENDIOLA-PC/Documents/GitHub/prototype/Content/PLASMA/Character/Main/BP/BS_Anim_Main.uasset" 283
"../../../../../../Users/NIVELLEMENDIOLA-PC/Documents/GitHub/prototype/Content/PLASMA/Character/Main/BP/AnimBP_Main.uasset" 284
"../../../../../../Users/NIVELLEMENDIOLA-PC/Documents/GitHub/prototype/Content/PLASMA/Character/Main/Animations/MainChar_Attack_Handgun.uasset" 285
"../../../../../../Users/NIVELLEMENDIOLA-PC/Documents/GitHub/prototype/Content/PLASMA/Character/Main/Animations/MainChar_Attack_Handgun_Montage.uasset" 286
"../../../../../../Users/NIVELLEMENDIOLA-PC/Documents/GitHub/prototype/Content/PLASMA/Character/Main/Animations/MainChar_Attack_Riffle.uasset" 287
"../../../../../../Users/NIVELLEMENDIOLA-PC/Documents/GitHub/prototype/Content/PLASMA/Character/Main/Animations/MainChar_Attack_Riffle_Montage.uasset" 288
"../../../../../../Users/NIVELLEMENDIOLA-PC/Documents/GitHub/prototype/Content/PLASMA/Character/Main/Animations/MainChar_Attack_Shotgun.uasset" 289
"../../../../../../Users/NIVELLEMENDIOLA-PC/Documents/GitHub/prototype/Content/PLASMA/Character/Main/Animations/MainChar_Attack_Shotgun_Montage.uasset" 290
"../../../../../../Users/NIVELLEMENDIOLA-PC/Documents/GitHub/prototype/Content/PLASMA/Character/Enemy/Enemy1/Mesh/Enemy1_Skeleton.uasset" 291
"../../../../../../Users/NIVELLEMENDIOLA-PC/Documents/GitHub/prototype/Content/PLASMA/Character/Enemy/Enemy1/Animations/Enemy1_Attack.uasset" 292
"../../../../../../Users/NIVELLEMENDIOLA-PC/Documents/GitHub/prototype/Content/PLASMA/Character/Enemy/Enemy1/Animations/Enemy1_Death.uasset" 293
"../../../../../../Users/NIVELLEMENDIOLA-PC/Documents/GitHub/prototype/Content/PLASMA/Character/Enemy/Enemy1/Animations/Enemy1_Hit.uasset" 294
"../../../../../../Users/NIVELLEMENDIOLA-PC/Documents/GitHub/prototype/Content/PLASMA/Character/Enemy/Enemy1/Animations/Enemy1_Idle.uasset" 295
"../../../../../../Users/NIVELLEMENDIOLA-PC/Documents/GitHub/prototype/Content/PLASMA/Character/Enemy/Enemy1/Animations/Enemy1_Walk.uasset" 296
"../../../../../../Users/NIVELLEMENDIOLA-PC/Documents/GitHub/prototype/Content/PLASMA/Character/Enemy/Enemy1/BP/BS_ANIM_ENEMY1.uasset" 297
"../../../../../../Users/NIVELLEMENDIOLA-PC/Documents/GitHub/prototype/Content/PLASMA/Character/Enemy/Enemy1/BP/BP_ANIM_Enemy1.uasset" 298
"../../../../../../Users/NIVELLEMENDIOLA-PC/Documents/GitHub/prototype/Content/PLASMA/Character/Main/Animations/MainChar_Death_Handgun.uasset" 299
"../../../../../../Users/NIVELLEMENDIOLA-PC/Documents/GitHub/prototype/Content/BP_CamShake.uasset" 300
"../../../../../../Users/NIVELLEMENDIOLA-PC/Documents/GitHub/prototype/Content/bulletmat.uasset" 301
"../../../../../../Users/NIVELLEMENDIOLA-PC/Documents/GitHub/prototype/Content/characterbulletmat1.uasset" 302
"../../../Engine/Content/EngineMeshes/Sphere.uasset" 303
"../../../../../../Users/NIVELLEMENDIOLA-PC/Documents/GitHub/prototype/Content/PLASMA/UI/Images/levelLoading/DEAD.uasset" 304
"../../../../../../Users/NIVELLEMENDIOLA-PC/Documents/GitHub/prototype/Content/PLASMA/UI/Widget/W_Death.uasset" 305
"../../../../../../Users/NIVELLEMENDIOLA-PC/Documents/GitHub/prototype/Content/EnemyBullet.uasset" 306
"../../../../../../Users/NIVELLEMENDIOLA-PC/Documents/GitHub/prototype/Content/PLASMA/Character/Enemy/Enemy1/BP/AI_BP/BB_Enemy1.uasset" 307
"../../../../../../Users/NIVELLEMENDIOLA-PC/Documents/GitHub/prototype/Content/PLASMA/Character/Enemy/Enemy1/BP/AI_BP/Enemy1_AttackAnimation.uasset" 308
"../../../../../../Users/NIVELLEMENDIOLA-PC/Documents/GitHub/prototype/Content/PLASMA/Character/Enemy/Enemy1/BP/AI_BP/Enemy1_ClearFocus.uasset" 309
"../../../../../../Users/NIVELLEMENDIOLA-PC/Documents/GitHub/prototype/Content/PLASMA/Character/Enemy/Enemy1/BP/AI_BP/Enemy1_GetPlayerLocation.uasset" 310
"../../../../../../Users/NIVELLEMENDIOLA-PC/Documents/GitHub/prototype/Content/PLASMA/Character/Enemy/Enemy1/BP/AI_BP/Enemy1_GetRoamLocation.uasset" 311
"../../../../../../Users/NIVELLEMENDIOLA-PC/Documents/GitHub/prototype/Content/PLASMA/Character/Enemy/Enemy1/BP/AI_BP/Enemy1_GotoLastLocation.uasset" 312
"../../../../../../Users/NIVELLEMENDIOLA-PC/Documents/GitHub/prototype/Content/PLASMA/Character/Enemy/Enemy1/BP/AI_BP/Enemy1_MoveSmoothly.uasset" 313
"../../../../../../Users/NIVELLEMENDIOLA-PC/Documents/GitHub/prototype/Content/PLASMA/Character/Enemy/Enemy1/BP/AI_BP/Enemy1_SetPlayerFocus.uasset" 314
"../../../../../../Users/NIVELLEMENDIOLA-PC/Documents/GitHub/prototype/Content/PLASMA/Character/Enemy/Enemy1/BP/AI_BP/BT_Enemy1.uasset" 315
"../../../../../../Users/NIVELLEMENDIOLA-PC/Documents/GitHub/prototype/Content/PLASMA/Character/Enemy/Enemy1/BP/AI_BP/Enemy1_PC.uasset" 316
"../../../Engine/Content/Functions/Engine_MaterialFunctions02/ObjectLocalBounds.uasset" 317
"../../../Engine/Content/Functions/Engine_MaterialFunctions02/UVs/BoundingBoxBased_0-1_UVW.uasset" 318
"../../../../../../Users/NIVELLEMENDIOLA-PC/Documents/GitHub/prototype/Content/Material/Dissolve.uasset" 319
"../../../../../../Users/NIVELLEMENDIOLA-PC/Documents/GitHub/prototype/Content/PLASMA/Character/Enemy/Enemy1/Textures/Enemy1_Enemy1_Gun_BaseColor.uasset" 320
"../../../../../../Users/NIVELLEMENDIOLA-PC/Documents/GitHub/prototype/Content/PLASMA/Character/Enemy/Enemy1/Textures/Enemy1_Enemy1_Gun_Normal.uasset" 321
"../../../../../../Users/NIVELLEMENDIOLA-PC/Documents/GitHub/prototype/Content/PLASMA/Character/Enemy/Enemy1/Textures/Enemy1_Enemy1_Gun_OcclusionRoughnessMetallic.uasset" 322
"../../../../../../Users/NIVELLEMENDIOLA-PC/Documents/GitHub/prototype/Content/PLASMA/Character/Enemy/Enemy1/Materials/Enemy1_Gun.uasset" 323
"../../../Engine/Content/EngineResources/DefaultTexture.uasset" 324
"../../../../../../Users/NIVELLEMENDIOLA-PC/Documents/GitHub/prototype/Content/PLASMA/Character/Enemy/Enemy1/Materials/Enemy1_Gun_Inst.uasset" 325
"../../../../../../Users/NIVELLEMENDIOLA-PC/Documents/GitHub/prototype/Content/PLASMA/Character/Enemy/Enemy1/Textures/Enemy1_Enemy1_Head_BaseColor.uasset" 326
"../../../../../../Users/NIVELLEMENDIOLA-PC/Documents/GitHub/prototype/Content/PLASMA/Character/Enemy/Enemy1/Textures/Enemy1_Enemy1_Head_Normal.uasset" 327
"../../../../../../Users/NIVELLEMENDIOLA-PC/Documents/GitHub/prototype/Content/PLASMA/Character/Enemy/Enemy1/Textures/Enemy1_Enemy1_Head_OcclusionRoughnessMetallic.uasset" 328
"../../../../../../Users/NIVELLEMENDIOLA-PC/Documents/GitHub/prototype/Content/PLASMA/Character/Enemy/Enemy1/Materials/Enemy1_Head.uasset" 329
"../../../../../../Users/NIVELLEMENDIOLA-PC/Documents/GitHub/prototype/Content/PLASMA/Character/Enemy/Enemy1/Materials/Enemy1_Head_Inst.uasset" 330
"../../../../../../Users/NIVELLEMENDIOLA-PC/Documents/GitHub/prototype/Content/PLASMA/Character/Enemy/Enemy1/Textures/Enemy1_Enemy1_Inner_BaseColor.uasset" 331
"../../../../../../Users/NIVELLEMENDIOLA-PC/Documents/GitHub/prototype/Content/PLASMA/Character/Enemy/Enemy1/Textures/Enemy1_Enemy1_Inner_Normal.uasset" 332
"../../../../../../Users/NIVELLEMENDIOLA-PC/Documents/GitHub/prototype/Content/PLASMA/Character/Enemy/Enemy1/Textures/Enemy1_Enemy1_Inner_OcclusionRoughnessMetallic.uasset" 333
"../../../../../../Users/NIVELLEMENDIOLA-PC/Documents/GitHub/prototype/Content/PLASMA/Character/Enemy/Enemy1/Materials/Enemy1_Inner.uasset" 334
"../../../../../../Users/NIVELLEMENDIOLA-PC/Documents/GitHub/prototype/Content/PLASMA/Character/Enemy/Enemy1/Materials/Enemy1_Inner_Inst.uasset" 335
"../../../../../../Users/NIVELLEMENDIOLA-PC/Documents/GitHub/prototype/Content/PLASMA/Character/Enemy/Enemy1/Textures/Enemy1_Enemy1_OuterUpper_BaseColor.uasset" 336
"../../../../../../Users/NIVELLEMENDIOLA-PC/Documents/GitHub/prototype/Content/PLASMA/Character/Enemy/Enemy1/Textures/Enemy1_Enemy1_OuterUpper_Normal.uasset" 337
"../../../../../../Users/NIVELLEMENDIOLA-PC/Documents/GitHub/prototype/Content/PLASMA/Character/Enemy/Enemy1/Textures/Enemy1_Enemy1_OuterUpper_OcclusionRoughnessMetallic.uasset" 338
"../../../../../../Users/NIVELLEMENDIOLA-PC/Documents/GitHub/prototype/Content/PLASMA/Character/Enemy/Enemy1/Materials/Enemy1_OuterUpper.uasset" 339
"../../../../../../Users/NIVELLEMENDIOLA-PC/Documents/GitHub/prototype/Content/PLASMA/Character/Enemy/Enemy1/Materials/Enemy1_OuterUpper_Inst.uasset" 340
"../../../../../../Users/NIVELLEMENDIOLA-PC/Documents/GitHub/prototype/Content/PLASMA/Character/Enemy/Enemy1/Textures/Enemy1_Enemy1_Shoes_BaseColor.uasset" 341
"../../../../../../Users/NIVELLEMENDIOLA-PC/Documents/GitHub/prototype/Content/PLASMA/Character/Enemy/Enemy1/Textures/Enemy1_Enemy1_Shoes_Normal.uasset" 342
"../../../../../../Users/NIVELLEMENDIOLA-PC/Documents/GitHub/prototype/Content/PLASMA/Character/Enemy/Enemy1/Textures/Enemy1_Enemy1_Shoes_OcclusionRoughnessMetallic.uasset" 343
"../../../../../../Users/NIVELLEMENDIOLA-PC/Documents/GitHub/prototype/Content/PLASMA/Character/Enemy/Enemy1/Materials/Enemy1_Shoes.uasset" 344
"../../../../../../Users/NIVELLEMENDIOLA-PC/Documents/GitHub/prototype/Content/PLASMA/Character/Enemy/Enemy1/Materials/Enemy1_Shoes_Inst.uasset" 345
"../../../../../../Users/NIVELLEMENDIOLA-PC/Documents/GitHub/prototype/Content/PLASMA/Character/Enemy/Enemy1/Textures/Enemy1_Enemy_OuterPants_BaseColor.uasset" 346
"../../../../../../Users/NIVELLEMENDIOLA-PC/Documents/GitHub/prototype/Content/PLASMA/Character/Enemy/Enemy1/Textures/Enemy1_Enemy_OuterPants_Normal.uasset" 347
"../../../../../../Users/NIVELLEMENDIOLA-PC/Documents/GitHub/prototype/Content/PLASMA/Character/Enemy/Enemy1/Textures/Enemy1_Enemy_OuterPants_OcclusionRoughnessMetallic.uasset" 348
"../../../../../../Users/NIVELLEMENDIOLA-PC/Documents/GitHub/prototype/Content/PLASMA/Character/Enemy/Enemy1/Materials/Enemy_OuterPants.uasset" 349
"../../../../../../Users/NIVELLEMENDIOLA-PC/Documents/GitHub/prototype/Content/PLASMA/Character/Enemy/Enemy1/Materials/Enemy_OuterPants_Inst.uasset" 350
"../../../../../../Users/NIVELLEMENDIOLA-PC/Documents/GitHub/prototype/Content/PLASMA/Character/Enemy/Enemy1/Textures/Enemy1_lambert1_BaseColor.uasset" 351
"../../../../../../Users/NIVELLEMENDIOLA-PC/Documents/GitHub/prototype/Content/PLASMA/Character/Enemy/Enemy1/Textures/Enemy1_lambert1_Normal.uasset" 352
"../../../../../../Users/NIVELLEMENDIOLA-PC/Documents/GitHub/prototype/Content/PLASMA/Character/Enemy/Enemy1/Textures/Enemy1_lambert1_OcclusionRoughnessMetallic.uasset" 353
"../../../../../../Users/NIVELLEMENDIOLA-PC/Documents/GitHub/prototype/Content/PLASMA/Character/Enemy/Enemy1/Materials/lambert2.uasset" 354
"../../../../../../Users/NIVELLEMENDIOLA-PC/Documents/GitHub/prototype/Content/PLASMA/Character/Enemy/Enemy1/Materials/lambert2_Inst.uasset" 355
"../../../../../../Users/NIVELLEMENDIOLA-PC/Documents/GitHub/prototype/Content/PLASMA/Character/Enemy/Enemy1/Mesh/Enemy1_PhysicsAsset.uasset" 356
"../../../../../../Users/NIVELLEMENDIOLA-PC/Documents/GitHub/prototype/Content/PLASMA/Character/Enemy/Enemy1/Mesh/Enemy1.uasset" 357
"../../../../../../Users/NIVELLEMENDIOLA-PC/Documents/GitHub/prototype/Content/StarterContent/Particles/Materials/M_Radial_Gradient.uasset" 358
"../../../../../../Users/NIVELLEMENDIOLA-PC/Documents/GitHub/prototype/Content/StarterContent/Textures/T_Smoke_SubUV.uasset" 359
"../../../../../../Users/NIVELLEMENDIOLA-PC/Documents/GitHub/prototype/Content/StarterContent/Textures/T_Smoke_Tiled_D.uasset" 360
"../../../../../../Users/NIVELLEMENDIOLA-PC/Documents/GitHub/prototype/Content/StarterContent/Particles/Materials/M_smoke_subUV.uasset" 361
"../../../../../../Users/NIVELLEMENDIOLA-PC/Documents/GitHub/prototype/Content/StarterContent/Textures/T_Spark_Core.uasset" 362
"../../../../../../Users/NIVELLEMENDIOLA-PC/Documents/GitHub/prototype/Content/StarterContent/Particles/Materials/M_Spark.uasset" 363
"../../../../../../Users/NIVELLEMENDIOLA-PC/Documents/GitHub/prototype/Content/StarterContent/Particles/P_Sparks.uasset" 364
"../../../../../../Users/NIVELLEMENDIOLA-PC/Documents/GitHub/prototype/Content/PLASMA/Character/Enemy/Enemy1/BP/CH_ENEMY1.uasset" 365
"../../../../../../Users/NIVELLEMENDIOLA-PC/Documents/GitHub/prototype/Content/characterbulletmat.uasset" 366
"../../../Engine/Content/BasicShapes/Sphere.uasset" 367
"../../../../../../Users/NIVELLEMENDIOLA-PC/Documents/GitHub/prototype/Content/bullet.uasset" 368
"../../../../../../Users/NIVELLEMENDIOLA-PC/Documents/GitHub/prototype/Content/PLASMA/Weapon/HandGun/Plasma_HandGun__1__HandGun_Body1_BaseColor.uasset" 369
"../../../../../../Users/NIVELLEMENDIOLA-PC/Documents/GitHub/prototype/Content/PLASMA/Weapon/HandGun/Plasma_HandGun__1__HandGun_Body1_Normal.uasset" 370
"../../../../../../Users/NIVELLEMENDIOLA-PC/Documents/GitHub/prototype/Content/PLASMA/Weapon/HandGun/Plasma_HandGun__1__HandGun_Body1_OcclusionRoughnessMetallic.uasset" 371
"../../../../../../Users/NIVELLEMENDIOLA-PC/Documents/GitHub/prototype/Content/PLASMA/Weapon/HandGun/HandGun_Body1.uasset" 372
"../../../../../../Users/NIVELLEMENDIOLA-PC/Documents/GitHub/prototype/Content/PLASMA/Weapon/HandGun/Plasma_HandGun__1__HandGun_Body2_BaseColor.uasset" 373
"../../../../../../Users/NIVELLEMENDIOLA-PC/Documents/GitHub/prototype/Content/PLASMA/Weapon/HandGun/Plasma_HandGun__1__HandGun_Body2_Normal.uasset" 374
"../../../../../../Users/NIVELLEMENDIOLA-PC/Documents/GitHub/prototype/Content/PLASMA/Weapon/HandGun/Plasma_HandGun__1__HandGun_Body2_OcclusionRoughnessMetallic.uasset" 375
"../../../../../../Users/NIVELLEMENDIOLA-PC/Documents/GitHub/prototype/Content/PLASMA/Weapon/HandGun/HandGun_Body2.uasset" 376
"../../../../../../Users/NIVELLEMENDIOLA-PC/Documents/GitHub/prototype/Content/PLASMA/Weapon/HandGun/Plasma_HandGun__1__HandGun_Body3_BaseColor.uasset" 377
"../../../../../../Users/NIVELLEMENDIOLA-PC/Documents/GitHub/prototype/Content/PLASMA/Weapon/HandGun/Plasma_HandGun__1__HandGun_Body3_Normal.uasset" 378
"../../../../../../Users/NIVELLEMENDIOLA-PC/Documents/GitHub/prototype/Content/PLASMA/Weapon/HandGun/Plasma_HandGun__1__HandGun_Body3_OcclusionRoughnessMetallic.uasset" 379
"../../../../../../Users/NIVELLEMENDIOLA-PC/Documents/GitHub/prototype/Content/PLASMA/Weapon/HandGun/HandGun_Body3.uasset" 380
"../../../../../../Users/NIVELLEMENDIOLA-PC/Documents/GitHub/prototype/Content/PLASMA/Weapon/HandGun/Plasma_HandGun__1__HandGun_Body4_BaseColor.uasset" 381
"../../../../../../Users/NIVELLEMENDIOLA-PC/Documents/GitHub/prototype/Content/PLASMA/Weapon/HandGun/Plasma_HandGun__1__HandGun_Body4_Normal.uasset" 382
"../../../../../../Users/NIVELLEMENDIOLA-PC/Documents/GitHub/prototype/Content/PLASMA/Weapon/HandGun/Plasma_HandGun__1__HandGun_Body4_OcclusionRoughnessMetallic.uasset" 383
"../../../../../../Users/NIVELLEMENDIOLA-PC/Documents/GitHub/prototype/Content/PLASMA/Weapon/HandGun/HandGun_Body4.uasset" 384
"../../../../../../Users/NIVELLEMENDIOLA-PC/Documents/GitHub/prototype/Content/PLASMA/Weapon/HandGun/Plasma_HandGun__1__HandGun_Handle1_BaseColor.uasset" 385
"../../../../../../Users/NIVELLEMENDIOLA-PC/Documents/GitHub/prototype/Content/PLASMA/Weapon/HandGun/Plasma_HandGun__1__HandGun_Handle1_Normal.uasset" 386
"../../../../../../Users/NIVELLEMENDIOLA-PC/Documents/GitHub/prototype/Content/PLASMA/Weapon/HandGun/Plasma_HandGun__1__HandGun_Handle1_OcclusionRoughnessMetallic.uasset" 387
"../../../../../../Users/NIVELLEMENDIOLA-PC/Documents/GitHub/prototype/Content/PLASMA/Weapon/HandGun/HandGun_Handle1.uasset" 388
"../../../../../../Users/NIVELLEMENDIOLA-PC/Documents/GitHub/prototype/Content/PLASMA/Weapon/HandGun/Plasma_HandGun__1__HandGun_Handle2_BaseColor.uasset" 389
"../../../../../../Users/NIVELLEMENDIOLA-PC/Documents/GitHub/prototype/Content/PLASMA/Weapon/HandGun/Plasma_HandGun__1__HandGun_Handle2_Normal.uasset" 390
"../../../../../../Users/NIVELLEMENDIOLA-PC/Documents/GitHub/prototype/Content/PLASMA/Weapon/HandGun/Plasma_HandGun__1__HandGun_Handle2_OcclusionRoughnessMetallic.uasset" 391
"../../../../../../Users/NIVELLEMENDIOLA-PC/Documents/GitHub/prototype/Content/PLASMA/Weapon/HandGun/HandGun_Handle2.uasset" 392
"../../../../../../Users/NIVELLEMENDIOLA-PC/Documents/GitHub/prototype/Content/PLASMA/Weapon/HandGun/Plasma_HandGun__1__HandGun_P1_BaseColor.uasset" 393
"../../../../../../Users/NIVELLEMENDIOLA-PC/Documents/GitHub/prototype/Content/PLASMA/Weapon/HandGun/Plasma_HandGun__1__HandGun_P1_Normal.uasset" 394
"../../../../../../Users/NIVELLEMENDIOLA-PC/Documents/GitHub/prototype/Content/PLASMA/Weapon/HandGun/Plasma_HandGun__1__HandGun_P1_OcclusionRoughnessMetallic.uasset" 395
"../../../../../../Users/NIVELLEMENDIOLA-PC/Documents/GitHub/prototype/Content/PLASMA/Weapon/HandGun/HandGun_P1.uasset" 396
"../../../../../../Users/NIVELLEMENDIOLA-PC/Documents/GitHub/prototype/Content/PLASMA/Weapon/HandGun/Plasma_HandGun__1__HandGun_P2_BaseColor.uasset" 397
"../../../../../../Users/NIVELLEMENDIOLA-PC/Documents/GitHub/prototype/Content/PLASMA/Weapon/HandGun/Plasma_HandGun__1__HandGun_P2_Normal.uasset" 398
"../../../../../../Users/NIVELLEMENDIOLA-PC/Documents/GitHub/prototype/Content/PLASMA/Weapon/HandGun/Plasma_HandGun__1__HandGun_P2_OcclusionRoughnessMetallic.uasset" 399
"../../../../../../Users/NIVELLEMENDIOLA-PC/Documents/GitHub/prototype/Content/PLASMA/Weapon/HandGun/HandGun_P2.uasset" 400
"../../../../../../Users/NIVELLEMENDIOLA-PC/Documents/GitHub/prototype/Content/PLASMA/Weapon/HandGun/Plasma_HandGun__1__HandGun_T1_BaseColor.uasset" 401
"../../../../../../Users/NIVELLEMENDIOLA-PC/Documents/GitHub/prototype/Content/PLASMA/Weapon/HandGun/Plasma_HandGun__1__HandGun_T1_Normal.uasset" 402
"../../../../../../Users/NIVELLEMENDIOLA-PC/Documents/GitHub/prototype/Content/PLASMA/Weapon/HandGun/Plasma_HandGun__1__HandGun_T1_OcclusionRoughnessMetallic.uasset" 403
"../../../../../../Users/NIVELLEMENDIOLA-PC/Documents/GitHub/prototype/Content/PLASMA/Weapon/HandGun/HandGun_T1.uasset" 404
"../../../../../../Users/NIVELLEMENDIOLA-PC/Documents/GitHub/prototype/Content/PLASMA/Weapon/HandGun/Plasma_HandGun__1__HandGun_T2_BaseColor.uasset" 405
"../../../../../../Users/NIVELLEMENDIOLA-PC/Documents/GitHub/prototype/Content/PLASMA/Weapon/HandGun/Plasma_HandGun__1__HandGun_T2_Normal.uasset" 406
"../../../../../../Users/NIVELLEMENDIOLA-PC/Documents/GitHub/prototype/Content/PLASMA/Weapon/HandGun/Plasma_HandGun__1__HandGun_T2_OcclusionRoughnessMetallic.uasset" 407
"../../../../../../Users/NIVELLEMENDIOLA-PC/Documents/GitHub/prototype/Content/PLASMA/Weapon/HandGun/HandGun_T2.uasset" 408
"../../../../../../Users/NIVELLEMENDIOLA-PC/Documents/GitHub/prototype/Content/PLASMA/Weapon/HandGun/Plasma_HandGun__PhysicsAsset.uasset" 409
"../../../../../../Users/NIVELLEMENDIOLA-PC/Documents/GitHub/prototype/Content/PLASMA/Weapon/HandGun/Plasma_HandGun__Skeleton.uasset" 410
"../../../../../../Users/NIVELLEMENDIOLA-PC/Documents/GitHub/prototype/Content/PLASMA/Weapon/HandGun/Plasma_HandGun_.uasset" 411
"../../../../../../Users/NIVELLEMENDIOLA-PC/Documents/GitHub/prototype/Content/weapon/shotgun_2/BP_Handgun.uasset" 412
"../../../../../../Users/NIVELLEMENDIOLA-PC/Documents/GitHub/prototype/Content/PLASMA/Weapon/Rifle/Plasma_Riflefix_blue_BaseColor.uasset" 413
"../../../../../../Users/NIVELLEMENDIOLA-PC/Documents/GitHub/prototype/Content/PLASMA/Weapon/Rifle/Plasma_Riflefix_blue_Normal.uasset" 414
"../../../../../../Users/NIVELLEMENDIOLA-PC/Documents/GitHub/prototype/Content/PLASMA/Weapon/Rifle/Plasma_Riflefix_blue_OcclusionRoughnessMetallic.uasset" 415
"../../../../../../Users/NIVELLEMENDIOLA-PC/Documents/GitHub/prototype/Content/PLASMA/Weapon/Rifle/blue.uasset" 416
"../../../../../../Users/NIVELLEMENDIOLA-PC/Documents/GitHub/prototype/Content/PLASMA/Weapon/Rifle/Plasma_Riflefix_main_BaseColor.uasset" 417
"../../../../../../Users/NIVELLEMENDIOLA-PC/Documents/GitHub/prototype/Content/PLASMA/Weapon/Rifle/Plasma_Riflefix_main_Normal.uasset" 418
"../../../../../../Users/NIVELLEMENDIOLA-PC/Documents/GitHub/prototype/Content/PLASMA/Weapon/Rifle/Plasma_Riflefix_main_OcclusionRoughnessMetallic.uasset" 419
"../../../../../../Users/NIVELLEMENDIOLA-PC/Documents/GitHub/prototype/Content/PLASMA/Weapon/Rifle/main.uasset" 420
"../../../../../../Users/NIVELLEMENDIOLA-PC/Documents/GitHub/prototype/Content/PLASMA/Weapon/Rifle/red.uasset" 421
"../../../../../../Users/NIVELLEMENDIOLA-PC/Documents/GitHub/prototype/Content/PLASMA/Weapon/Rifle/topgreen.uasset" 422
"../../../../../../Users/NIVELLEMENDIOLA-PC/Documents/GitHub/prototype/Content/PLASMA/Weapon/Rifle/Plasma_Riflefix_PhysicsAsset.uasset" 423
"../../../../../../Users/NIVELLEMENDIOLA-PC/Documents/GitHub/prototype/Content/PLASMA/Weapon/Rifle/Plasma_Riflefix_Skeleton.uasset" 424
"../../../../../../Users/NIVELLEMENDIOLA-PC/Documents/GitHub/prototype/Content/PLASMA/Weapon/Rifle/Plasma_Riflefix.uasset" 425
"../../../../../../Users/NIVELLEMENDIOLA-PC/Documents/GitHub/prototype/Content/weapon/shotgun_2/BP_Rifle.uasset" 426
"../../../../../../Users/NIVELLEMENDIOLA-PC/Documents/GitHub/prototype/Content/PLASMA/Weapon/Shotgun/Minishotgun_Minishotgun_Body_BaseColor.uasset" 427
"../../../../../../Users/NIVELLEMENDIOLA-PC/Documents/GitHub/prototype/Content/PLASMA/Weapon/Shotgun/Minishotgun_Minishotgun_Body_Normal.uasset" 428
"../../../../../../Users/NIVELLEMENDIOLA-PC/Documents/GitHub/prototype/Content/PLASMA/Weapon/Shotgun/Minishotgun_Minishotgun_Body_OcclusionRoughnessMetallic.uasset" 429
"../../../../../../Users/NIVELLEMENDIOLA-PC/Documents/GitHub/prototype/Content/PLASMA/Weapon/Shotgun/Minishotgun_Body.uasset" 430
"../../../../../../Users/NIVELLEMENDIOLA-PC/Documents/GitHub/prototype/Content/PLASMA/Weapon/Shotgun/Minishotgun_Minishotgun_Body2_BaseColor.uasset" 431
"../../../../../../Users/NIVELLEMENDIOLA-PC/Documents/GitHub/prototype/Content/PLASMA/Weapon/Shotgun/Minishotgun_Minishotgun_Body2_Normal.uasset" 432
"../../../../../../Users/NIVELLEMENDIOLA-PC/Documents/GitHub/prototype/Content/PLASMA/Weapon/Shotgun/Minishotgun_Minishotgun_Body2_OcclusionRoughnessMetallic.uasset" 433
"../../../../../../Users/NIVELLEMENDIOLA-PC/Documents/GitHub/prototype/Content/PLASMA/Weapon/Shotgun/Minishotgun_Body2.uasset" 434
"../../../../../../Users/NIVELLEMENDIOLA-PC/Documents/GitHub/prototype/Content/PLASMA/Weapon/Shotgun/Minishotgun_Minishotgun_Body3_BaseColor.uasset" 435
"../../../../../../Users/NIVELLEMENDIOLA-PC/Documents/GitHub/prototype/Content/PLASMA/Weapon/Shotgun/Minishotgun_Minishotgun_Body3_Normal.uasset" 436
"../../../../../../Users/NIVELLEMENDIOLA-PC/Documents/GitHub/prototype/Content/PLASMA/Weapon/Shotgun/Minishotgun_Minishotgun_Body3_OcclusionRoughnessMetallic.uasset" 437
"../../../../../../Users/NIVELLEMENDIOLA-PC/Documents/GitHub/prototype/Content/PLASMA/Weapon/Shotgun/Minishotgun_Body3.uasset" 438
"../../../../../../Users/NIVELLEMENDIOLA-PC/Documents/GitHub/prototype/Content/PLASMA/Weapon/Shotgun/Minishotgun_Minishotgun_Handle2_BaseColor.uasset" 439
"../../../../../../Users/NIVELLEMENDIOLA-PC/Documents/GitHub/prototype/Content/PLASMA/Weapon/Shotgun/Minishotgun_Minishotgun_Handle2_Normal.uasset" 440
"../../../../../../Users/NIVELLEMENDIOLA-PC/Documents/GitHub/prototype/Content/PLASMA/Weapon/Shotgun/Minishotgun_Minishotgun_Handle2_OcclusionRoughnessMetallic.uasset" 441
"../../../../../../Users/NIVELLEMENDIOLA-PC/Documents/GitHub/prototype/Content/PLASMA/Weapon/Shotgun/Minishotgun_Handle.uasset" 442
"../../../../../../Users/NIVELLEMENDIOLA-PC/Documents/GitHub/prototype/Content/PLASMA/Weapon/Shotgun/Minishotgun_Minishotgun_Handle_BaseColor.uasset" 443
"../../../../../../Users/NIVELLEMENDIOLA-PC/Documents/GitHub/prototype/Content/PLASMA/Weapon/Shotgun/Minishotgun_Minishotgun_Handle_Normal.uasset" 444
"../../../../../../Users/NIVELLEMENDIOLA-PC/Documents/GitHub/prototype/Content/PLASMA/Weapon/Shotgun/Minishotgun_Minishotgun_Handle_OcclusionRoughnessMetallic.uasset" 445
"../../../../../../Users/NIVELLEMENDIOLA-PC/Documents/GitHub/prototype/Content/PLASMA/Weapon/Shotgun/Minishotgun_Handle2.uasset" 446
"../../../../../../Users/NIVELLEMENDIOLA-PC/Documents/GitHub/prototype/Content/PLASMA/Weapon/Shotgun/Minishotgun_Minishotgun_Tube1_BaseColor.uasset" 447
"../../../../../../Users/NIVELLEMENDIOLA-PC/Documents/GitHub/prototype/Content/PLASMA/Weapon/Shotgun/Minishotgun_Minishotgun_Tube1_Normal.uasset" 448
"../../../../../../Users/NIVELLEMENDIOLA-PC/Documents/GitHub/prototype/Content/PLASMA/Weapon/Shotgun/Minishotgun_Minishotgun_Tube1_OcclusionRoughnessMetallic.uasset" 449
"../../../../../../Users/NIVELLEMENDIOLA-PC/Documents/GitHub/prototype/Content/PLASMA/Weapon/Shotgun/Minishotgun_Tube1.uasset" 450
"../../../../../../Users/NIVELLEMENDIOLA-PC/Documents/GitHub/prototype/Content/PLASMA/Weapon/Shotgun/Minishotgun_Minishotgun_Tube2_BaseColor.uasset" 451
"../../../../../../Users/NIVELLEMENDIOLA-PC/Documents/GitHub/prototype/Content/PLASMA/Weapon/Shotgun/Minishotgun_Minishotgun_Tube2_Normal.uasset" 452
"../../../../../../Users/NIVELLEMENDIOLA-PC/Documents/GitHub/prototype/Content/PLASMA/Weapon/Shotgun/Minishotgun_Minishotgun_Tube2_OcclusionRoughnessMetallic.uasset" 453
"../../../../../../Users/NIVELLEMENDIOLA-PC/Documents/GitHub/prototype/Content/PLASMA/Weapon/Shotgun/Minishotgun_Tube2.uasset" 454
"../../../../../../Users/NIVELLEMENDIOLA-PC/Documents/GitHub/prototype/Content/PLASMA/Weapon/Shotgun/Minishotgun_PhysicsAsset.uasset" 455
"../../../../../../Users/NIVELLEMENDIOLA-PC/Documents/GitHub/prototype/Content/PLASMA/Weapon/Shotgun/Minishotgun_Skeleton.uasset" 456
"../../../../../../Users/NIVELLEMENDIOLA-PC/Documents/GitHub/prototype/Content/PLASMA/Weapon/Shotgun/Minishotgun.uasset" 457
"../../../../../../Users/NIVELLEMENDIOLA-PC/Documents/GitHub/prototype/Content/weapon/shotgun_2/BP_shotgun1.uasset" 458
"../../../../../../Users/NIVELLEMENDIOLA-PC/Documents/GitHub/prototype/Content/PLASMA/Pictures/31350806_1623950237702828_4212988151414652928_n.uasset" 459
"../../../../../../Users/NIVELLEMENDIOLA-PC/Documents/GitHub/prototype/Content/crosshair.uasset" 460
"../../../../../../Users/NIVELLEMENDIOLA-PC/Documents/GitHub/prototype/Content/PLASMA/Character/Main/BP/WeaponEnum.uasset" 461
"../../../../../../Users/NIVELLEMENDIOLA-PC/Documents/GitHub/prototype/Content/PLASMA/Character/Main/Texture/MainChar_ArmorBrief_BaseColor.uasset" 462
"../../../../../../Users/NIVELLEMENDIOLA-PC/Documents/GitHub/prototype/Content/PLASMA/Character/Main/Texture/MainChar_ArmorBrief_Normal.uasset" 463
"../../../../../../Users/NIVELLEMENDIOLA-PC/Documents/GitHub/prototype/Content/PLASMA/Character/Main/Texture/MainChar_ArmorBrief_OcclusionRoughnessMetallic.uasset" 464
"../../../../../../Users/NIVELLEMENDIOLA-PC/Documents/GitHub/prototype/Content/PLASMA/Character/Main/Material/ArmorBrief.uasset" 465
"../../../../../../Users/NIVELLEMENDIOLA-PC/Documents/GitHub/prototype/Content/PLASMA/Character/Main/Texture/MainChar_body_BaseColor.uasset" 466
"../../../../../../Users/NIVELLEMENDIOLA-PC/Documents/GitHub/prototype/Content/PLASMA/Character/Main/Texture/MainChar_body_Normal.uasset" 467
"../../../../../../Users/NIVELLEMENDIOLA-PC/Documents/GitHub/prototype/Content/PLASMA/Character/Main/Texture/MainChar_body_OcclusionRoughnessMetallic.uasset" 468
"../../../../../../Users/NIVELLEMENDIOLA-PC/Documents/GitHub/prototype/Content/PLASMA/Character/Main/Material/body.uasset" 469
"../../../../../../Users/NIVELLEMENDIOLA-PC/Documents/GitHub/prototype/Content/PLASMA/Character/Main/Texture/MainChar_Face_BaseColor.uasset" 470
"../../../../../../Users/NIVELLEMENDIOLA-PC/Documents/GitHub/prototype/Content/PLASMA/Character/Main/Texture/MainChar_Face_Normal.uasset" 471
"../../../../../../Users/NIVELLEMENDIOLA-PC/Documents/GitHub/prototype/Content/PLASMA/Character/Main/Texture/MainChar_Face_OcclusionRoughnessMetallic.uasset" 472
"../../../../../../Users/NIVELLEMENDIOLA-PC/Documents/GitHub/prototype/Content/PLASMA/Character/Main/Material/Face.uasset" 473
"../../../../../../Users/NIVELLEMENDIOLA-PC/Documents/GitHub/prototype/Content/PLASMA/Character/Main/Texture/MainChar_Helmet_BaseColor.uasset" 474
"../../../../../../Users/NIVELLEMENDIOLA-PC/Documents/GitHub/prototype/Content/PLASMA/Character/Main/Texture/MainChar_Helmet_Normal.uasset" 475
"../../../../../../Users/NIVELLEMENDIOLA-PC/Documents/GitHub/prototype/Content/PLASMA/Character/Main/Texture/MainChar_Helmet_OcclusionRoughnessMetallic.uasset" 476
"../../../../../../Users/NIVELLEMENDIOLA-PC/Documents/GitHub/prototype/Content/PLASMA/Character/Main/Material/Helmet.uasset" 477
"../../../../../../Users/NIVELLEMENDIOLA-PC/Documents/GitHub/prototype/Content/PLASMA/Character/Main/Texture/MainChar_InnerArmor_BaseColor.uasset" 478
"../../../../../../Users/NIVELLEMENDIOLA-PC/Documents/GitHub/prototype/Content/PLASMA/Character/Main/Texture/MainChar_InnerArmor_Normal.uasset" 479
"../../../../../../Users/NIVELLEMENDIOLA-PC/Documents/GitHub/prototype/Content/PLASMA/Character/Main/Texture/MainChar_InnerArmor_OcclusionRoughnessMetallic.uasset" 480
"../../../../../../Users/NIVELLEMENDIOLA-PC/Documents/GitHub/prototype/Content/PLASMA/Character/Main/Material/InnerArmor.uasset" 481
"../../../../../../Users/NIVELLEMENDIOLA-PC/Documents/GitHub/prototype/Content/PLASMA/Character/Main/Texture/MainChar_KneeArmor_BaseColor.uasset" 482
"../../../../../../Users/NIVELLEMENDIOLA-PC/Documents/GitHub/prototype/Content/PLASMA/Character/Main/Texture/MainChar_KneeArmor_Normal.uasset" 483
"../../../../../../Users/NIVELLEMENDIOLA-PC/Documents/GitHub/prototype/Content/PLASMA/Character/Main/Texture/MainChar_KneeArmor_OcclusionRoughnessMetallic.uasset" 484
"../../../../../../Users/NIVELLEMENDIOLA-PC/Documents/GitHub/prototype/Content/PLASMA/Character/Main/Material/KneeArmor.uasset" 485
"../../../../../../Users/NIVELLEMENDIOLA-PC/Documents/GitHub/prototype/Content/PLASMA/Character/Main/Texture/MainChar_MainBodyArmor_BaseColor.uasset" 486
"../../../../../../Users/NIVELLEMENDIOLA-PC/Documents/GitHub/prototype/Content/PLASMA/Character/Main/Texture/MainChar_MainBodyArmor_Normal.uasset" 487
"../../../../../../Users/NIVELLEMENDIOLA-PC/Documents/GitHub/prototype/Content/PLASMA/Character/Main/Texture/MainChar_MainBodyArmor_OcclusionRoughnessMetallic.uasset" 488
"../../../../../../Users/NIVELLEMENDIOLA-PC/Documents/GitHub/prototype/Content/PLASMA/Character/Main/Material/MainBodyArmor.uasset" 489
"../../../../../../Users/NIVELLEMENDIOLA-PC/Documents/GitHub/prototype/Content/PLASMA/Character/Main/Texture/MainChar_Mouth_Ear_BaseColor.uasset" 490
"../../../../../../Users/NIVELLEMENDIOLA-PC/Documents/GitHub/prototype/Content/PLASMA/Character/Main/Texture/MainChar_Mouth_Ear_Normal.uasset" 491
"../../../../../../Users/NIVELLEMENDIOLA-PC/Documents/GitHub/prototype/Content/PLASMA/Character/Main/Texture/MainChar_Mouth_Ear_OcclusionRoughnessMetallic.uasset" 492
"../../../../../../Users/NIVELLEMENDIOLA-PC/Documents/GitHub/prototype/Content/PLASMA/Character/Main/Material/Mouth_Ear.uasset" 493
"../../../../../../Users/NIVELLEMENDIOLA-PC/Documents/GitHub/prototype/Content/PLASMA/Character/Main/Texture/MainChar_OuterArmor_BaseColor.uasset" 494
"../../../../../../Users/NIVELLEMENDIOLA-PC/Documents/GitHub/prototype/Content/PLASMA/Character/Main/Texture/MainChar_OuterArmor_Normal.uasset" 495
"../../../../../../Users/NIVELLEMENDIOLA-PC/Documents/GitHub/prototype/Content/PLASMA/Character/Main/Texture/MainChar_OuterArmor_OcclusionRoughnessMetallic.uasset" 496
"../../../../../../Users/NIVELLEMENDIOLA-PC/Documents/GitHub/prototype/Content/PLASMA/Character/Main/Material/OuterArmor.uasset" 497
"../../../../../../Users/NIVELLEMENDIOLA-PC/Documents/GitHub/prototype/Content/PLASMA/Character/Main/Texture/MainChar_Shoes_BaseColor.uasset" 498
"../../../../../../Users/NIVELLEMENDIOLA-PC/Documents/GitHub/prototype/Content/PLASMA/Character/Main/Texture/MainChar_Shoes_Normal.uasset" 499
"../../../../../../Users/NIVELLEMENDIOLA-PC/Documents/GitHub/prototype/Content/PLASMA/Character/Main/Texture/MainChar_Shoes_OcclusionRoughnessMetallic.uasset" 500
"../../../../../../Users/NIVELLEMENDIOLA-PC/Documents/GitHub/prototype/Content/PLASMA/Character/Main/Material/Shoes.uasset" 501
"../../../../../../Users/NIVELLEMENDIOLA-PC/Documents/GitHub/prototype/Content/weapon/shotgun_2/lambert1.uasset" 502
"../../../../../../Users/NIVELLEMENDIOLA-PC/Documents/GitHub/prototype/Content/PLASMA/Character/Main/Mesh/MainChar_PhysicsAsset.uasset" 503
"../../../../../../Users/NIVELLEMENDIOLA-PC/Documents/GitHub/prototype/Content/PLASMA/Character/Main/Mesh/MainChar.uasset" 504
"../../../../../../Users/NIVELLEMENDIOLA-PC/Documents/GitHub/prototype/Content/PLASMA/Sound/HandGun2.uasset" 505
"../../../../../../Users/NIVELLEMENDIOLA-PC/Documents/GitHub/prototype/Content/PLASMA/Sound/Riffle.uasset" 506
"../../../../../../Users/NIVELLEMENDIOLA-PC/Documents/GitHub/prototype/Content/PLASMA/Sound/Shotgun.uasset" 507
"../../../../../../Users/NIVELLEMENDIOLA-PC/Documents/GitHub/prototype/Content/PLASMA/UI/Images/WeaponRoll/background.uasset" 508
"../../../../../../Users/NIVELLEMENDIOLA-PC/Documents/GitHub/prototype/Content/PLASMA/UI/Images/WeaponRoll/Untitled-1.uasset" 509
"../../../../../../Users/NIVELLEMENDIOLA-PC/Documents/GitHub/prototype/Content/PLASMA/UI/Widget/W_Malfunction.uasset" 510
"../../../../../../Users/NIVELLEMENDIOLA-PC/Documents/GitHub/prototype/Content/PLASMA/UI/Images/WeaponRoll/fhealthbar.uasset" 511
"../../../../../../Users/NIVELLEMENDIOLA-PC/Documents/GitHub/prototype/Content/PLASMA/UI/Images/WeaponRoll/fweaponwheelhandgun.uasset" 512
"../../../../../../Users/NIVELLEMENDIOLA-PC/Documents/GitHub/prototype/Content/PLASMA/UI/Images/WeaponRoll/fweaponwheelknockle.uasset" 513
"../../../../../../Users/NIVELLEMENDIOLA-PC/Documents/GitHub/prototype/Content/PLASMA/UI/Images/WeaponRoll/fweaponwheelmelee.uasset" 514
"../../../../../../Users/NIVELLEMENDIOLA-PC/Documents/GitHub/prototype/Content/PLASMA/UI/Images/WeaponRoll/fweaponwheelrifle.uasset" 515
"../../../../../../Users/NIVELLEMENDIOLA-PC/Documents/GitHub/prototype/Content/PLASMA/UI/Images/WeaponRoll/fweaponwheelshotgun.uasset" 516
"../../../../../../Users/NIVELLEMENDIOLA-PC/Documents/GitHub/prototype/Content/PLASMA/UI/Widget/W_Weapon.uasset" 517
"../../../../../../Users/NIVELLEMENDIOLA-PC/Documents/GitHub/prototype/Content/StarterContent/Particles/P_Smoke.uasset" 518
"../../../../../../Users/NIVELLEMENDIOLA-PC/Documents/GitHub/prototype/Content/PLASMA/Character/Main/BP/CH_Main.uasset" 519
"../../../../../../Users/NIVELLEMENDIOLA-PC/Documents/GitHub/prototype/Content/PLASMA/GAMEMODE/BP_PC_PLASMA.uasset" 520
"../../../../../../Users/NIVELLEMENDIOLA-PC/Documents/GitHub/prototype/Content/PLASMA/GAMEMODE/BP_Plasma.uasset" 521
"../../../Engine/Content/BasicShapes/BasicShapeMaterial.uasset" 522
"../../../Engine/Content/BasicShapes/Cube.uasset" 523
"../../../Engine/Content/MapTemplates/SM_Template_Map_Floor.uasset" 524
"../../../../../../Users/NIVELLEMENDIOLA-PC/Documents/GitHub/prototype/Content/PLASMA/Assets/door_Plasma_Boxes_BaseColor.uasset" 525
"../../../../../../Users/NIVELLEMENDIOLA-PC/Documents/GitHub/prototype/Content/PLASMA/Assets/door_Plasma_Boxes_Normal.uasset" 526
"../../../../../../Users/NIVELLEMENDIOLA-PC/Documents/GitHub/prototype/Content/PLASMA/Assets/door_Plasma_Boxes_OcclusionRoughnessMetallic.uasset" 527
"../../../../../../Users/NIVELLEMENDIOLA-PC/Documents/GitHub/prototype/Content/PLASMA/Assets/Plasma_Boxes.uasset" 528
"../../../../../../Users/NIVELLEMENDIOLA-PC/Documents/GitHub/prototype/Content/PLASMA/Assets/door_Plasma_Entrance_BaseColor.uasset" 529
"../../../../../../Users/NIVELLEMENDIOLA-PC/Documents/GitHub/prototype/Content/PLASMA/Assets/door_Plasma_Entrance_Normal.uasset" 530
"../../../../../../Users/NIVELLEMENDIOLA-PC/Documents/GitHub/prototype/Content/PLASMA/Assets/door_Plasma_Entrance_OcclusionRoughnessMetallic.uasset" 531
"../../../../../../Users/NIVELLEMENDIOLA-PC/Documents/GitHub/prototype/Content/PLASMA/Assets/Plasma_Entrance.uasset" 532
"../../../../../../Users/NIVELLEMENDIOLA-PC/Documents/GitHub/prototype/Content/PLASMA/Assets/door_Plasma_Innerlayer_BaseColor.uasset" 533
"../../../../../../Users/NIVELLEMENDIOLA-PC/Documents/GitHub/prototype/Content/PLASMA/Assets/door_Plasma_Innerlayer_Normal.uasset" 534
"../../../../../../Users/NIVELLEMENDIOLA-PC/Documents/GitHub/prototype/Content/PLASMA/Assets/door_Plasma_Innerlayer_OcclusionRoughnessMetallic.uasset" 535
"../../../../../../Users/NIVELLEMENDIOLA-PC/Documents/GitHub/prototype/Content/PLASMA/Assets/Plasma_Innerlayer.uasset" 536
"../../../../../../Users/NIVELLEMENDIOLA-PC/Documents/GitHub/prototype/Content/PLASMA/Assets/door_Plasma_Middlelayer_BaseColor.uasset" 537
"../../../../../../Users/NIVELLEMENDIOLA-PC/Documents/GitHub/prototype/Content/PLASMA/Assets/door_Plasma_Middlelayer_Normal.uasset" 538
"../../../../../../Users/NIVELLEMENDIOLA-PC/Documents/GitHub/prototype/Content/PLASMA/Assets/door_Plasma_Middlelayer_OcclusionRoughnessMetallic.uasset" 539
"../../../../../../Users/NIVELLEMENDIOLA-PC/Documents/GitHub/prototype/Content/PLASMA/Assets/Plasma_Middlelayer.uasset" 540
"../../../../../../Users/NIVELLEMENDIOLA-PC/Documents/GitHub/prototype/Content/PLASMA/Assets/door_Plasma_Outerlayer_BaseColor.uasset" 541
"../../../../../../Users/NIVELLEMENDIOLA-PC/Documents/GitHub/prototype/Content/PLASMA/Assets/door_Plasma_Outerlayer_Normal.uasset" 542
"../../../../../../Users/NIVELLEMENDIOLA-PC/Documents/GitHub/prototype/Content/PLASMA/Assets/door_Plasma_Outerlayer_OcclusionRoughnessMetallic.uasset" 543
"../../../../../../Users/NIVELLEMENDIOLA-PC/Documents/GitHub/prototype/Content/PLASMA/Assets/Plasma_Outerlayer.uasset" 544
"../../../../../../Users/NIVELLEMENDIOLA-PC/Documents/GitHub/prototype/Content/PLASMA/Assets/door.uasset" 545
"../../../../../../Users/NIVELLEMENDIOLA-PC/Documents/GitHub/prototype/Content/Efren/level3.umap" 546
"../../../../../../Users/NIVELLEMENDIOLA-PC/Documents/GitHub/prototype/Content/PLASMA/Sound/Background_or_MainMenu.uasset" 547
"../../../../../../Users/NIVELLEMENDIOLA-PC/Documents/GitHub/prototype/Content/PLASMA/UI/Images/Mianmenu/fquitgame.uasset" 548
"../../../../../../Users/NIVELLEMENDIOLA-PC/Documents/GitHub/prototype/Content/PLASMA/UI/Images/Mianmenu/fquitgame_unpress_.uasset" 549
"../../../../../../Users/NIVELLEMENDIOLA-PC/Documents/GitHub/prototype/Content/PLASMA/UI/Images/Mianmenu/fstartgame.uasset" 550
"../../../../../../Users/NIVELLEMENDIOLA-PC/Documents/GitHub/prototype/Content/PLASMA/UI/Images/Mianmenu/fSTARTGAME_unpress_.uasset" 551
"../../../../../../Users/NIVELLEMENDIOLA-PC/Documents/GitHub/prototype/Content/PLASMA/UI/Images/Mianmenu/ftitle.uasset" 552
"../../../../../../Users/NIVELLEMENDIOLA-PC/Documents/GitHub/prototype/Content/PLASMA/UI/Images/Mianmenu/menu_background.uasset" 553
"../../../../../../Users/NIVELLEMENDIOLA-PC/Documents/GitHub/prototype/Content/PLASMA/UI/Widget/W_MainMenu.uasset" 554
"../../../../../../Users/NIVELLEMENDIOLA-PC/Documents/GitHub/prototype/Content/level/MainMenu.umap" 555
"../../../../../../Users/NIVELLEMENDIOLA-PC/Documents/GitHub/prototype/Content/level/prototype_level_BuiltData.uasset" 556
"../../../../../../Users/NIVELLEMENDIOLA-PC/Documents/GitHub/prototype/Content/emissive_font.uasset" 557
"../../../../../../Users/NIVELLEMENDIOLA-PC/Documents/GitHub/prototype/Content/PLASMA/Objects/Crate/Crate_Crate_Center_BaseColor.uasset" 558
"../../../../../../Users/NIVELLEMENDIOLA-PC/Documents/GitHub/prototype/Content/PLASMA/Objects/Crate/Crate_Crate_Center_Normal.uasset" 559
"../../../../../../Users/NIVELLEMENDIOLA-PC/Documents/GitHub/prototype/Content/PLASMA/Objects/Crate/Crate_Crate_Center_OcclusionRoughnessMetallic.uasset" 560
"../../../../../../Users/NIVELLEMENDIOLA-PC/Documents/GitHub/prototype/Content/PLASMA/Objects/Crate/Crate_Center.uasset" 561
"../../../../../../Users/NIVELLEMENDIOLA-PC/Documents/GitHub/prototype/Content/PLASMA/Objects/Crate/Crate_Crate_Edge_BaseColor.uasset" 562
"../../../../../../Users/NIVELLEMENDIOLA-PC/Documents/GitHub/prototype/Content/PLASMA/Objects/Crate/Crate_Crate_Edge_Normal.uasset" 563
"../../../../../../Users/NIVELLEMENDIOLA-PC/Documents/GitHub/prototype/Content/PLASMA/Objects/Crate/Crate_Crate_Edge_OcclusionRoughnessMetallic.uasset" 564
"../../../../../../Users/NIVELLEMENDIOLA-PC/Documents/GitHub/prototype/Content/PLASMA/Objects/Crate/Crate_Edge.uasset" 565
"../../../../../../Users/NIVELLEMENDIOLA-PC/Documents/GitHub/prototype/Content/PLASMA/Objects/Crate/Crate_Crate_Inner_BaseColor.uasset" 566
"../../../../../../Users/NIVELLEMENDIOLA-PC/Documents/GitHub/prototype/Content/PLASMA/Objects/Crate/Crate_Crate_Inner_Normal.uasset" 567
"../../../../../../Users/NIVELLEMENDIOLA-PC/Documents/GitHub/prototype/Content/PLASMA/Objects/Crate/Crate_Crate_Inner_OcclusionRoughnessMetallic.uasset" 568
"../../../../../../Users/NIVELLEMENDIOLA-PC/Documents/GitHub/prototype/Content/PLASMA/Objects/Crate/Crate_Inner.uasset" 569
"../../../../../../Users/NIVELLEMENDIOLA-PC/Documents/GitHub/prototype/Content/PLASMA/Objects/Crate/Crate_Crate_Mid_BaseColor.uasset" 570
"../../../../../../Users/NIVELLEMENDIOLA-PC/Documents/GitHub/prototype/Content/PLASMA/Objects/Crate/Crate_Crate_Mid_Normal.uasset" 571
"../../../../../../Users/NIVELLEMENDIOLA-PC/Documents/GitHub/prototype/Content/PLASMA/Objects/Crate/Crate_Crate_Mid_OcclusionRoughnessMetallic.uasset" 572
"../../../../../../Users/NIVELLEMENDIOLA-PC/Documents/GitHub/prototype/Content/PLASMA/Objects/Crate/Crate_Mid.uasset" 573
"../../../../../../Users/NIVELLEMENDIOLA-PC/Documents/GitHub/prototype/Content/PLASMA/Objects/Crate/Crate_Crate_Outer_BaseColor.uasset" 574
"../../../../../../Users/NIVELLEMENDIOLA-PC/Documents/GitHub/prototype/Content/PLASMA/Objects/Crate/Crate_Crate_Outer_Normal.uasset" 575
"../../../../../../Users/NIVELLEMENDIOLA-PC/Documents/GitHub/prototype/Content/PLASMA/Objects/Crate/Crate_Crate_Outer_OcclusionRoughnessMetallic.uasset" 576
"../../../../../../Users/NIVELLEMENDIOLA-PC/Documents/GitHub/prototype/Content/PLASMA/Objects/Crate/Crate_Outer.uasset" 577
"../../../../../../Users/NIVELLEMENDIOLA-PC/Documents/GitHub/prototype/Content/PLASMA/Objects/Crate/Crate_Default_Material_BaseColor.uasset" 578
"../../../../../../Users/NIVELLEMENDIOLA-PC/Documents/GitHub/prototype/Content/PLASMA/Objects/Crate/Crate_Default_Material_Normal.uasset" 579
"../../../../../../Users/NIVELLEMENDIOLA-PC/Documents/GitHub/prototype/Content/PLASMA/Objects/Crate/Crate_Default_Material_OcclusionRoughnessMetallic.uasset" 580
"../../../../../../Users/NIVELLEMENDIOLA-PC/Documents/GitHub/prototype/Content/PLASMA/Objects/Crate/Default_Material.uasset" 581
"../../../../../../Users/NIVELLEMENDIOLA-PC/Documents/GitHub/prototype/Content/PLASMA/Objects/Crate/Crate.uasset" 582
"../../../../../../Users/NIVELLEMENDIOLA-PC/Documents/GitHub/prototype/Content/PLASMA/Objects/Pillars/Plasma_Pillar__1__Pillar_Base1_BaseColor.uasset" 583
"../../../../../../Users/NIVELLEMENDIOLA-PC/Documents/GitHub/prototype/Content/PLASMA/Objects/Pillars/Plasma_Pillar__1__Pillar_Base1_Normal.uasset" 584
"../../../../../../Users/NIVELLEMENDIOLA-PC/Documents/GitHub/prototype/Content/PLASMA/Objects/Pillars/Plasma_Pillar__1__Pillar_Base1_OcclusionRoughnessMetallic.uasset" 585
"../../../../../../Users/NIVELLEMENDIOLA-PC/Documents/GitHub/prototype/Content/PLASMA/Objects/Pillars/Pillar_Base1.uasset" 586
"../../../../../../Users/NIVELLEMENDIOLA-PC/Documents/GitHub/prototype/Content/PLASMA/Objects/Pillars/Plasma_Pillar__1__Pillar_Base2_BaseColor.uasset" 587
"../../../../../../Users/NIVELLEMENDIOLA-PC/Documents/GitHub/prototype/Content/PLASMA/Objects/Pillars/Plasma_Pillar__1__Pillar_Base2_Normal.uasset" 588
"../../../../../../Users/NIVELLEMENDIOLA-PC/Documents/GitHub/prototype/Content/PLASMA/Objects/Pillars/Plasma_Pillar__1__Pillar_Base2_OcclusionRoughnessMetallic.uasset" 589
"../../../../../../Users/NIVELLEMENDIOLA-PC/Documents/GitHub/prototype/Content/PLASMA/Objects/Pillars/Pillar_Base2.uasset" 590
"../../../../../../Users/NIVELLEMENDIOLA-PC/Documents/GitHub/prototype/Content/PLASMA/Objects/Pillars/Plasma_Pillar__1__Pillar_Body1_BaseColor.uasset" 591
"../../../../../../Users/NIVELLEMENDIOLA-PC/Documents/GitHub/prototype/Content/PLASMA/Objects/Pillars/Plasma_Pillar__1__Pillar_Body1_Normal.uasset" 592
"../../../../../../Users/NIVELLEMENDIOLA-PC/Documents/GitHub/prototype/Content/PLASMA/Objects/Pillars/Plasma_Pillar__1__Pillar_Body1_OcclusionRoughnessMetallic.uasset" 593
"../../../../../../Users/NIVELLEMENDIOLA-PC/Documents/GitHub/prototype/Content/PLASMA/Objects/Pillars/Pillar_Body1.uasset" 594
"../../../../../../Users/NIVELLEMENDIOLA-PC/Documents/GitHub/prototype/Content/PLASMA/Objects/Pillars/Plasma_Pillar__1__Pillar_Body2_BaseColor.uasset" 595
"../../../../../../Users/NIVELLEMENDIOLA-PC/Documents/GitHub/prototype/Content/PLASMA/Objects/Pillars/Plasma_Pillar__1__Pillar_Body2_Normal.uasset" 596
"../../../../../../Users/NIVELLEMENDIOLA-PC/Documents/GitHub/prototype/Content/PLASMA/Objects/Pillars/Plasma_Pillar__1__Pillar_Body2_OcclusionRoughnessMetallic.uasset" 597
"../../../../../../Users/NIVELLEMENDIOLA-PC/Documents/GitHub/prototype/Content/PLASMA/Objects/Pillars/Pillar_Body2.uasset" 598
"../../../../../../Users/NIVELLEMENDIOLA-PC/Documents/GitHub/prototype/Content/PLASMA/Objects/Pillars/Plasma_Pillar__1__Pillar_Body3_BaseColor.uasset" 599
"../../../../../../Users/NIVELLEMENDIOLA-PC/Documents/GitHub/prototype/Content/PLASMA/Objects/Pillars/Plasma_Pillar__1__Pillar_Body3_Normal.uasset" 600
"../../../../../../Users/NIVELLEMENDIOLA-PC/Documents/GitHub/prototype/Content/PLASMA/Objects/Pillars/Plasma_Pillar__1__Pillar_Body3_OcclusionRoughnessMetallic.uasset" 601
"../../../../../../Users/NIVELLEMENDIOLA-PC/Documents/GitHub/prototype/Content/PLASMA/Objects/Pillars/Pillar_Body3.uasset" 602
"../../../../../../Users/NIVELLEMENDIOLA-PC/Documents/GitHub/prototype/Content/PLASMA/Objects/Pillars/Plasma_Pillar__1__Pillar_Top1_BaseColor.uasset" 603
"../../../../../../Users/NIVELLEMENDIOLA-PC/Documents/GitHub/prototype/Content/PLASMA/Objects/Pillars/Plasma_Pillar__1__Pillar_Top1_Normal.uasset" 604
"../../../../../../Users/NIVELLEMENDIOLA-PC/Documents/GitHub/prototype/Content/PLASMA/Objects/Pillars/Plasma_Pillar__1__Pillar_Top1_OcclusionRoughnessMetallic.uasset" 605
"../../../../../../Users/NIVELLEMENDIOLA-PC/Documents/GitHub/prototype/Content/PLASMA/Objects/Pillars/Pillar_Top1.uasset" 606
"../../../../../../Users/NIVELLEMENDIOLA-PC/Documents/GitHub/prototype/Content/PLASMA/Objects/Pillars/Plasma_Pillar__1__Pillar_Top2_BaseColor.uasset" 607
"../../../../../../Users/NIVELLEMENDIOLA-PC/Documents/GitHub/prototype/Content/PLASMA/Objects/Pillars/Plasma_Pillar__1__Pillar_Top2_Normal.uasset" 608
"../../../../../../Users/NIVELLEMENDIOLA-PC/Documents/GitHub/prototype/Content/PLASMA/Objects/Pillars/Plasma_Pillar__1__Pillar_Top2_OcclusionRoughnessMetallic.uasset" 609
"../../../../../../Users/NIVELLEMENDIOLA-PC/Documents/GitHub/prototype/Content/PLASMA/Objects/Pillars/Pillar_Top2.uasset" 610
"../../../../../../Users/NIVELLEMENDIOLA-PC/Documents/GitHub/prototype/Content/PLASMA/Objects/Pillars/Plasma_Pillar__1__Pillar_Top3_BaseColor.uasset" 611
"../../../../../../Users/NIVELLEMENDIOLA-PC/Documents/GitHub/prototype/Content/PLASMA/Objects/Pillars/Plasma_Pillar__1__Pillar_Top3_Normal.uasset" 612
"../../../../../../Users/NIVELLEMENDIOLA-PC/Documents/GitHub/prototype/Content/PLASMA/Objects/Pillars/Plasma_Pillar__1__Pillar_Top3_OcclusionRoughnessMetallic.uasset" 613
"../../../../../../Users/NIVELLEMENDIOLA-PC/Documents/GitHub/prototype/Content/PLASMA/Objects/Pillars/Pillar_Top3.uasset" 614
"../../../../../../Users/NIVELLEMENDIOLA-PC/Documents/GitHub/prototype/Content/PLASMA/Objects/Pillars/Plasma_Pillar.uasset" 615
"../../../../../../Users/NIVELLEMENDIOLA-PC/Documents/GitHub/prototype/Content/PLASMA/Weapon/Axe/Axe_PhysicsAsset.uasset" 616
"../../../../../../Users/NIVELLEMENDIOLA-PC/Documents/GitHub/prototype/Content/PLASMA/Weapon/Axe/Axe_Skeleton.uasset" 617
"../../../../../../Users/NIVELLEMENDIOLA-PC/Documents/GitHub/prototype/Content/PLASMA/Weapon/Axe/Axe.uasset" 618
"../../../../../../Users/NIVELLEMENDIOLA-PC/Documents/GitHub/prototype/Content/PLASMA/Weapon/grenade/Grenade_Grenade_Body1_BaseColor.uasset" 619
"../../../../../../Users/NIVELLEMENDIOLA-PC/Documents/GitHub/prototype/Content/PLASMA/Weapon/grenade/Grenade_Grenade_Body1_Normal.uasset" 620
"../../../../../../Users/NIVELLEMENDIOLA-PC/Documents/GitHub/prototype/Content/PLASMA/Weapon/grenade/Grenade_Grenade_Body1_OcclusionRoughnessMetallic.uasset" 621
"../../../../../../Users/NIVELLEMENDIOLA-PC/Documents/GitHub/prototype/Content/PLASMA/Weapon/grenade/Grenade_Body1.uasset" 622
"../../../../../../Users/NIVELLEMENDIOLA-PC/Documents/GitHub/prototype/Content/PLASMA/Weapon/grenade/Grenade_Grenade_Body2_BaseColor.uasset" 623
"../../../../../../Users/NIVELLEMENDIOLA-PC/Documents/GitHub/prototype/Content/PLASMA/Weapon/grenade/Grenade_Grenade_Body2_Normal.uasset" 624
"../../../../../../Users/NIVELLEMENDIOLA-PC/Documents/GitHub/prototype/Content/PLASMA/Weapon/grenade/Grenade_Grenade_Body2_OcclusionRoughnessMetallic.uasset" 625
"../../../../../../Users/NIVELLEMENDIOLA-PC/Documents/GitHub/prototype/Content/PLASMA/Weapon/grenade/Grenade_Body2.uasset" 626
"../../../../../../Users/NIVELLEMENDIOLA-PC/Documents/GitHub/prototype/Content/PLASMA/Weapon/grenade/Grenade_Grenade_Body3_BaseColor.uasset" 627
"../../../../../../Users/NIVELLEMENDIOLA-PC/Documents/GitHub/prototype/Content/PLASMA/Weapon/grenade/Grenade_Grenade_Body3_Normal.uasset" 628
"../../../../../../Users/NIVELLEMENDIOLA-PC/Documents/GitHub/prototype/Content/PLASMA/Weapon/grenade/Grenade_Grenade_Body3_OcclusionRoughnessMetallic.uasset" 629
"../../../../../../Users/NIVELLEMENDIOLA-PC/Documents/GitHub/prototype/Content/PLASMA/Weapon/grenade/Grenade_Body3.uasset" 630
"../../../../../../Users/NIVELLEMENDIOLA-PC/Documents/GitHub/prototype/Content/PLASMA/Weapon/grenade/Grenade_Grenade_Top1_BaseColor.uasset" 631
"../../../../../../Users/NIVELLEMENDIOLA-PC/Documents/GitHub/prototype/Content/PLASMA/Weapon/grenade/Grenade_Grenade_Top1_Normal.uasset" 632
"../../../../../../Users/NIVELLEMENDIOLA-PC/Documents/GitHub/prototype/Content/PLASMA/Weapon/grenade/Grenade_Grenade_Top1_OcclusionRoughnessMetallic.uasset" 633
"../../../../../../Users/NIVELLEMENDIOLA-PC/Documents/GitHub/prototype/Content/PLASMA/Weapon/grenade/Grenade_Top1.uasset" 634
"../../../../../../Users/NIVELLEMENDIOLA-PC/Documents/GitHub/prototype/Content/PLASMA/Weapon/grenade/Grenade_Grenade_Top2_BaseColor.uasset" 635
"../../../../../../Users/NIVELLEMENDIOLA-PC/Documents/GitHub/prototype/Content/PLASMA/Weapon/grenade/Grenade_Grenade_Top2_Normal.uasset" 636
"../../../../../../Users/NIVELLEMENDIOLA-PC/Documents/GitHub/prototype/Content/PLASMA/Weapon/grenade/Grenade_Grenade_Top2_OcclusionRoughnessMetallic.uasset" 637
"../../../../../../Users/NIVELLEMENDIOLA-PC/Documents/GitHub/prototype/Content/PLASMA/Weapon/grenade/Grenade_Top2.uasset" 638
"../../../../../../Users/NIVELLEMENDIOLA-PC/Documents/GitHub/prototype/Content/PLASMA/Weapon/grenade/Grenade.uasset" 639
"../../../../../../Users/NIVELLEMENDIOLA-PC/Documents/GitHub/prototype/Content/level/prototype_level.umap" 640
"../../../../../../Users/NIVELLEMENDIOLA-PC/Documents/GitHub/prototype/Content/PLASMA/UI/Images/levelLoading/Win.uasset" 641
"../../../../../../Users/NIVELLEMENDIOLA-PC/Documents/GitHub/prototype/Content/PLASMA/UI/Widget/W_Win.uasset" 642
"../../../../../../Users/NIVELLEMENDIOLA-PC/Documents/GitHub/prototype/Content/Plasma.uasset" 643
"../../../../../../Users/NIVELLEMENDIOLA-PC/Documents/GitHub/prototype/Content/level/Stage1_BuiltData.uasset" 644
"../../../../../../Users/NIVELLEMENDIOLA-PC/Documents/GitHub/prototype/Content/PLASMA/Assets/coffin_edge_BaseColor.uasset" 645
"../../../../../../Users/NIVELLEMENDIOLA-PC/Documents/GitHub/prototype/Content/PLASMA/Assets/coffin_edge_Normal.uasset" 646
"../../../../../../Users/NIVELLEMENDIOLA-PC/Documents/GitHub/prototype/Content/PLASMA/Assets/coffin_edge_OcclusionRoughnessMetallic.uasset" 647
"../../../../../../Users/NIVELLEMENDIOLA-PC/Documents/GitHub/prototype/Content/PLASMA/Assets/edge.uasset" 648
"../../../../../../Users/NIVELLEMENDIOLA-PC/Documents/GitHub/prototype/Content/PLASMA/Assets/coffin_Glass_BaseColor.uasset" 649
"../../../../../../Users/NIVELLEMENDIOLA-PC/Documents/GitHub/prototype/Content/PLASMA/Assets/coffin_Glass_Normal.uasset" 650
"../../../../../../Users/NIVELLEMENDIOLA-PC/Documents/GitHub/prototype/Content/PLASMA/Assets/coffin_Glass_OcclusionRoughnessMetallic.uasset" 651
"../../../../../../Users/NIVELLEMENDIOLA-PC/Documents/GitHub/prototype/Content/PLASMA/Assets/Glass.uasset" 652
"../../../../../../Users/NIVELLEMENDIOLA-PC/Documents/GitHub/prototype/Content/PLASMA/Assets/coffin_lambert3_BaseColor.uasset" 653
"../../../../../../Users/NIVELLEMENDIOLA-PC/Documents/GitHub/prototype/Content/PLASMA/Assets/coffin_lambert3_Normal.uasset" 654
"../../../../../../Users/NIVELLEMENDIOLA-PC/Documents/GitHub/prototype/Content/PLASMA/Assets/coffin_lambert3_OcclusionRoughnessMetallic.uasset" 655
"../../../../../../Users/NIVELLEMENDIOLA-PC/Documents/GitHub/prototype/Content/PLASMA/Assets/lambert3.uasset" 656
"../../../../../../Users/NIVELLEMENDIOLA-PC/Documents/GitHub/prototype/Content/PLASMA/Assets/coffin.uasset" 657
"../../../../../../Users/NIVELLEMENDIOLA-PC/Documents/GitHub/prototype/Content/PLASMA/Assets/pipe_lambert2_BaseColor.uasset" 658
"../../../../../../Users/NIVELLEMENDIOLA-PC/Documents/GitHub/prototype/Content/PLASMA/Assets/pipe_lambert2_Normal.uasset" 659
"../../../../../../Users/NIVELLEMENDIOLA-PC/Documents/GitHub/prototype/Content/PLASMA/Assets/pipe_lambert2_OcclusionRoughnessMetallic.uasset" 660
"../../../../../../Users/NIVELLEMENDIOLA-PC/Documents/GitHub/prototype/Content/PLASMA/Assets/lambert2.uasset" 661
"../../../../../../Users/NIVELLEMENDIOLA-PC/Documents/GitHub/prototype/Content/PLASMA/Assets/pipe.uasset" 662
"../../../../../../Users/NIVELLEMENDIOLA-PC/Documents/GitHub/prototype/Content/PLASMA/Assets/sidecoffin.uasset" 663
"../../../../../../Users/NIVELLEMENDIOLA-PC/Documents/GitHub/prototype/Content/PLASMA/Sound/Background2.uasset" 664
"../../../../../../Users/NIVELLEMENDIOLA-PC/Documents/GitHub/prototype/Content/PLASMA/Sound/Background2_Cue.uasset" 665
"../../../../../../Users/NIVELLEMENDIOLA-PC/Documents/GitHub/prototype/Content/PLASMA/UI/Images/levelLoading/11122.uasset" 666
"../../../../../../Users/NIVELLEMENDIOLA-PC/Documents/GitHub/prototype/Content/PLASMA/UI/Widget/W_Level1Map.uasset" 667
"../../../../../../Users/NIVELLEMENDIOLA-PC/Documents/GitHub/prototype/Content/test/Barreltube/material2_lambert5_BaseColor.uasset" 668
"../../../../../../Users/NIVELLEMENDIOLA-PC/Documents/GitHub/prototype/Content/test/Barreltube/material2_lambert5_Normal.uasset" 669
"../../../../../../Users/NIVELLEMENDIOLA-PC/Documents/GitHub/prototype/Content/test/Barreltube/material2_lambert5_OcclusionRoughnessMetallic.uasset" 670
"../../../../../../Users/NIVELLEMENDIOLA-PC/Documents/GitHub/prototype/Content/test/Barreltube/lambert5.uasset" 671
"../../../../../../Users/NIVELLEMENDIOLA-PC/Documents/GitHub/prototype/Content/test/Barreltube/material2_material2_inner_BaseColor.uasset" 672
"../../../../../../Users/NIVELLEMENDIOLA-PC/Documents/GitHub/prototype/Content/test/Barreltube/material2_material2_inner_Normal.uasset" 673
"../../../../../../Users/NIVELLEMENDIOLA-PC/Documents/GitHub/prototype/Content/test/Barreltube/material2_material2_inner_OcclusionRoughnessMetallic.uasset" 674
"../../../../../../Users/NIVELLEMENDIOLA-PC/Documents/GitHub/prototype/Content/test/Barreltube/material2_inner.uasset" 675
"../../../../../../Users/NIVELLEMENDIOLA-PC/Documents/GitHub/prototype/Content/test/Barreltube/material2_material2_outer_BaseColor.uasset" 676
"../../../../../../Users/NIVELLEMENDIOLA-PC/Documents/GitHub/prototype/Content/test/Barreltube/material2_material2_outer_Normal.uasset" 677
"../../../../../../Users/NIVELLEMENDIOLA-PC/Documents/GitHub/prototype/Content/test/Barreltube/material2_material2_outer_OcclusionRoughnessMetallic.uasset" 678
"../../../../../../Users/NIVELLEMENDIOLA-PC/Documents/GitHub/prototype/Content/test/Barreltube/material2_outer.uasset" 679
"../../../../../../Users/NIVELLEMENDIOLA-PC/Documents/GitHub/prototype/Content/test/Barreltube/material2_material2_tube_BaseColor.uasset" 680
"../../../../../../Users/NIVELLEMENDIOLA-PC/Documents/GitHub/prototype/Content/test/Barreltube/material2_material2_tube_Normal.uasset" 681
"../../../../../../Users/NIVELLEMENDIOLA-PC/Documents/GitHub/prototype/Content/test/Barreltube/material2_material2_tube_OcclusionRoughnessMetallic.uasset" 682
"../../../../../../Users/NIVELLEMENDIOLA-PC/Documents/GitHub/prototype/Content/test/Barreltube/material2_tube.uasset" 683
"../../../../../../Users/NIVELLEMENDIOLA-PC/Documents/GitHub/prototype/Content/test/Barreltube/Pipewithbarrel.uasset" 684
"../../../../../../Users/NIVELLEMENDIOLA-PC/Documents/GitHub/prototype/Content/test/Computer/Plasma_Material7_Material7_casing_BaseColor.uasset" 685
"../../../../../../Users/NIVELLEMENDIOLA-PC/Documents/GitHub/prototype/Content/test/Computer/Plasma_Material7_Material7_casing_Normal.uasset" 686
"../../../../../../Users/NIVELLEMENDIOLA-PC/Documents/GitHub/prototype/Content/test/Computer/Plasma_Material7_Material7_casing_OcclusionRoughnessMetallic.uasset" 687
"../../../../../../Users/NIVELLEMENDIOLA-PC/Documents/GitHub/prototype/Content/test/Computer/Material7_casing.uasset" 688
"../../../../../../Users/NIVELLEMENDIOLA-PC/Documents/GitHub/prototype/Content/test/Computer/Plasma_Material7_Material7_inner_screen_BaseColor.uasset" 689
"../../../../../../Users/NIVELLEMENDIOLA-PC/Documents/GitHub/prototype/Content/test/Computer/Plasma_Material7_Material7_inner_screen_Normal.uasset" 690
"../../../../../../Users/NIVELLEMENDIOLA-PC/Documents/GitHub/prototype/Content/test/Computer/Plasma_Material7_Material7_inner_screen_OcclusionRoughnessMetallic.uasset" 691
"../../../../../../Users/NIVELLEMENDIOLA-PC/Documents/GitHub/prototype/Content/test/Computer/Material7_inner_screen.uasset" 692
"../../../../../../Users/NIVELLEMENDIOLA-PC/Documents/GitHub/prototype/Content/test/Computer/Plasma_Material7.uasset" 693
"../../../../../../Users/NIVELLEMENDIOLA-PC/Documents/GitHub/prototype/Content/level/Stage1.umap" 694
"../../../../../../Users/NIVELLEMENDIOLA-PC/Documents/GitHub/prototype/Content/neil/Level2_BuiltData.uasset" 695
"../../../../../../Users/NIVELLEMENDIOLA-PC/Documents/GitHub/prototype/Content/neil/Level2.umap" 696
"../../../../../../Users/NIVELLEMENDIOLA-PC/Documents/GitHub/prototype/Content/PLASMA/Levels/DebugMap_BuiltData.uasset" 697
"../../../../../../Users/NIVELLEMENDIOLA-PC/Documents/GitHub/prototype/Content/PLASMA/Levels/DebugMap.umap" 698
"../../../../../../Users/NIVELLEMENDIOLA-PC/Documents/GitHub/prototype/Content/PLASMA/UI/Images/Story/story1.uasset" 699
"../../../../../../Users/NIVELLEMENDIOLA-PC/Documents/GitHub/prototype/Content/PLASMA/UI/Widget/W_Story1.uasset" 700
"../../../../../../Users/NIVELLEMENDIOLA-PC/Documents/GitHub/prototype/Content/PLASMA/Levels/Story1.umap" 701
"../../../../../../Users/NIVELLEMENDIOLA-PC/Documents/GitHub/prototype/Content/PLASMA/UI/Images/Story/STORY2.uasset" 702
"../../../../../../Users/NIVELLEMENDIOLA-PC/Documents/GitHub/prototype/Content/PLASMA/UI/Widget/W_Story2.uasset" 703
"../../../../../../Users/NIVELLEMENDIOLA-PC/Documents/GitHub/prototype/Content/PLASMA/Levels/Story2.umap" 704
"../../../../../../Users/NIVELLEMENDIOLA-PC/Documents/GitHub/prototype/Content/PLASMA/UI/Images/Story/STORY3.uasset" 705
"../../../../../../Users/NIVELLEMENDIOLA-PC/Documents/GitHub/prototype/Content/PLASMA/UI/Widget/W_Story3.uasset" 706
"../../../../../../Users/NIVELLEMENDIOLA-PC/Documents/GitHub/prototype/Content/PLASMA/Levels/Story3.umap" 707
"../../../Engine/Content/Maps/Entry.umap" 708
