Log file open, 05/20/18 01:22:13
LogWindows: Failed to load 'aqProf.dll' (GetLastError=126)
LogWindows: File 'aqProf.dll' does not exist
LogWindows: Failed to load 'VtuneApi.dll' (GetLastError=126)
LogWindows: File 'VtuneApi.dll' does not exist
LogWindows: Failed to load 'VtuneApi32e.dll' (GetLastError=126)
LogWindows: File 'VtuneApi32e.dll' does not exist
LogInit: Display: Running engine for game: prototype
LogPlatformFile: Not using cached read wrapper
LogInit: Display: RandInit(1854157410) SRandInit(1854157410).
LogInit: Read version file with build ID '3944462'
LogInit: Overriding engine version to CL 4033788, compatible CL 3944462
LogInit: Registered custom module enumerator with build ID '3944462'
LogTaskGraph: Started task graph with 5 named threads and 11 total threads with 3 sets of task threads.
LogStats: Stats thread started at 0.122991
LogD3D11RHI: Aftermath initialized
LogICUInternationalization: Display: ICU TimeZone Detection - Raw Offset: +8:00, Platform Override: ''
LogModuleManager: Display: Found up-to-date module file ../../../Engine/Plugins/Marketplace/Substance/Binaries/Win64/UE4Editor-SubstanceCore.dll (API version 3944462).
LogModuleManager: Display: Found up-to-date module file ../../../Engine/Plugins/Marketplace/Substance/Binaries/Win64/UE4Editor-SubstanceEditor.dll (API version 3944462).
LogModuleManager: Display: Found up-to-date module file ../../../Engine/Plugins/Marketplace/Substance/Binaries/Win64/UE4Editor-SubstanceSource.dll (API version 3944462).
LogModuleManager: Display: Found up-to-date module file ../../../Engine/Plugins/Marketplace/Substance/Binaries/Win64/UE4Editor-SubstanceLiveLink.dll (API version 3944462).
LogModuleManager: Display: Found up-to-date module file ../../../Engine/Plugins/Runtime/ApexDestruction/Binaries/Win64/UE4Editor-ApexDestruction.dll (API version 3944462).
LogModuleManager: Display: Found up-to-date module file ../../../Engine/Plugins/Runtime/ApexDestruction/Binaries/Win64/UE4Editor-ApexDestructionEditor.dll (API version 3944462).
LogModuleManager: Display: Found up-to-date module file ../../../Engine/Plugins/2D/Paper2D/Binaries/Win64/UE4Editor-Paper2D.dll (API version 3944462).
LogModuleManager: Display: Found up-to-date module file ../../../Engine/Plugins/2D/Paper2D/Binaries/Win64/UE4Editor-Paper2DEditor.dll (API version 3944462).
LogModuleManager: Display: Found up-to-date module file ../../../Engine/Plugins/2D/Paper2D/Binaries/Win64/UE4Editor-PaperSpriteSheetImporter.dll (API version 3944462).
LogModuleManager: Display: Found up-to-date module file ../../../Engine/Plugins/2D/Paper2D/Binaries/Win64/UE4Editor-PaperTiledImporter.dll (API version 3944462).
LogModuleManager: Display: Found up-to-date module file ../../../Engine/Plugins/2D/Paper2D/Binaries/Win64/UE4Editor-SmartSnapping.dll (API version 3944462).
LogModuleManager: Display: Found up-to-date module file ../../../Engine/Plugins/Blendables/LightPropagationVolume/Binaries/Win64/UE4Editor-LightPropagationVolumeRuntime.dll (API version 3944462).
LogModuleManager: Display: Found up-to-date module file ../../../Engine/Plugins/Blendables/LightPropagationVolume/Binaries/Win64/UE4Editor-LightPropagationVolumeEditor.dll (API version 3944462).
LogModuleManager: Display: Found up-to-date module file ../../../Engine/Plugins/Developer/CLionSourceCodeAccess/Binaries/Win64/UE4Editor-CLionSourceCodeAccess.dll (API version 3944462).
LogModuleManager: Display: Found up-to-date module file ../../../Engine/Plugins/Developer/GitSourceControl/Binaries/Win64/UE4Editor-GitSourceControl.dll (API version 3944462).
LogModuleManager: Display: Found up-to-date module file ../../../Engine/Plugins/Developer/PerforceSourceControl/Binaries/Win64/UE4Editor-PerforceSourceControl.dll (API version 3944462).
LogModuleManager: Display: Found up-to-date module file ../../../Engine/Plugins/Developer/SubversionSourceControl/Binaries/Win64/UE4Editor-SubversionSourceControl.dll (API version 3944462).
LogModuleManager: Display: Found up-to-date module file ../../../Engine/Plugins/Developer/UObjectPlugin/Binaries/Win64/UE4Editor-UObjectPlugin.dll (API version 3944462).
LogModuleManager: Display: Found up-to-date module file ../../../Engine/Plugins/Developer/VisualStudioCodeSourceCodeAccess/Binaries/Win64/UE4Editor-VisualStudioCodeSourceCodeAccess.dll (API version 3944462).
LogModuleManager: Display: Found up-to-date module file ../../../Engine/Plugins/Developer/VisualStudioSourceCodeAccess/Binaries/Win64/UE4Editor-VisualStudioSourceCodeAccess.dll (API version 3944462).
LogModuleManager: Display: Found up-to-date module file ../../../Engine/Plugins/Editor/AssetManagerEditor/Binaries/Win64/UE4Editor-AssetManagerEditor.dll (API version 3944462).
LogModuleManager: Display: Found up-to-date module file ../../../Engine/Plugins/Editor/CryptoKeys/Binaries/Win64/UE4Editor-CryptoKeys.dll (API version 3944462).
LogModuleManager: Display: Found up-to-date module file ../../../Engine/Plugins/Editor/CryptoKeys/Binaries/Win64/UE4Editor-CryptoKeysOpenSSL.dll (API version 3944462).
LogModuleManager: Display: Found up-to-date module file ../../../Engine/Plugins/Editor/DataValidation/Binaries/Win64/UE4Editor-DataValidation.dll (API version 3944462).
LogModuleManager: Display: Found up-to-date module file ../../../Engine/Plugins/Editor/FacialAnimation/Binaries/Win64/UE4Editor-FacialAnimation.dll (API version 3944462).
LogModuleManager: Display: Found up-to-date module file ../../../Engine/Plugins/Editor/FacialAnimation/Binaries/Win64/UE4Editor-FacialAnimationEditor.dll (API version 3944462).
LogModuleManager: Display: Found up-to-date module file ../../../Engine/Plugins/Editor/GameplayTagsEditor/Binaries/Win64/UE4Editor-GameplayTagsEditor.dll (API version 3944462).
LogModuleManager: Display: Found up-to-date module file ../../../Engine/Plugins/Editor/MobileLauncherProfileWizard/Binaries/Win64/UE4Editor-MobileLauncherProfileWizard.dll (API version 3944462).
LogModuleManager: Display: Found up-to-date module file ../../../Engine/Plugins/Editor/PluginBrowser/Binaries/Win64/UE4Editor-PluginBrowser.dll (API version 3944462).
LogModuleManager: Display: Found up-to-date module file ../../../Engine/Plugins/Editor/SpeedTreeImporter/Binaries/Win64/UE4Editor-SpeedTreeImporter.dll (API version 3944462).
LogModuleManager: Display: Found up-to-date module file ../../../Engine/Plugins/Enterprise/DatasmithContent/Binaries/Win64/UE4Editor-DatasmithContent.dll (API version 3944462).
LogModuleManager: Display: Found up-to-date module file ../../../Engine/Plugins/Experimental/AlembicImporter/Binaries/Win64/UE4Editor-AlembicImporter.dll (API version 3944462).
LogModuleManager: Display: Found up-to-date module file ../../../Engine/Plugins/Experimental/AlembicImporter/Binaries/Win64/UE4Editor-AlembicLibrary.dll (API version 3944462).
LogModuleManager: Display: Found up-to-date module file ../../../Engine/Plugins/Experimental/CharacterAI/Binaries/Win64/UE4Editor-CharacterAI.dll (API version 3944462).
LogModuleManager: Display: Found up-to-date module file ../../../Engine/Plugins/Experimental/HTML5Networking/Binaries/Win64/UE4Editor-HTML5Networking.dll (API version 3944462).
LogModuleManager: Display: Found up-to-date module file ../../../Engine/Plugins/Media/AndroidMedia/Binaries/Win64/UE4Editor-AndroidMediaEditor.dll (API version 3944462).
LogModuleManager: Display: Found up-to-date module file ../../../Engine/Plugins/Media/AndroidMedia/Binaries/Win64/UE4Editor-AndroidMediaFactory.dll (API version 3944462).
LogModuleManager: Display: Found up-to-date module file ../../../Engine/Plugins/Media/AvfMedia/Binaries/Win64/UE4Editor-AvfMediaEditor.dll (API version 3944462).
LogModuleManager: Display: Found up-to-date module file ../../../Engine/Plugins/Media/AvfMedia/Binaries/Win64/UE4Editor-AvfMediaFactory.dll (API version 3944462).
LogModuleManager: Display: Found up-to-date module file ../../../Engine/Plugins/Media/AvfMedia/Binaries/Win64/UE4Editor-AvfMediaFactory.dll (API version 3944462).
LogModuleManager: Display: Found up-to-date module file ../../../Engine/Plugins/Media/ImgMedia/Binaries/Win64/UE4Editor-ImgMedia.dll (API version 3944462).
LogModuleManager: Display: Found up-to-date module file ../../../Engine/Plugins/Media/ImgMedia/Binaries/Win64/UE4Editor-ImgMediaEditor.dll (API version 3944462).
LogModuleManager: Display: Found up-to-date module file ../../../Engine/Plugins/Media/ImgMedia/Binaries/Win64/UE4Editor-ImgMediaFactory.dll (API version 3944462).
LogModuleManager: Display: Found up-to-date module file ../../../Engine/Plugins/Media/ImgMedia/Binaries/Win64/UE4Editor-ImgMediaFactory.dll (API version 3944462).
LogModuleManager: Display: Found up-to-date module file ../../../Engine/Plugins/Media/ImgMedia/Binaries/Win64/UE4Editor-OpenExrWrapper.dll (API version 3944462).
LogModuleManager: Display: Found up-to-date module file ../../../Engine/Plugins/Media/LinearTimecode/Binaries/Win64/UE4Editor-LinearTimecode.dll (API version 3944462).
LogModuleManager: Display: Found up-to-date module file ../../../Engine/Plugins/Media/MediaCompositing/Binaries/Win64/UE4Editor-MediaCompositing.dll (API version 3944462).
LogModuleManager: Display: Found up-to-date module file ../../../Engine/Plugins/Media/MediaCompositing/Binaries/Win64/UE4Editor-MediaCompositingEditor.dll (API version 3944462).
LogModuleManager: Display: Found up-to-date module file ../../../Engine/Plugins/Media/MediaPlayerEditor/Binaries/Win64/UE4Editor-MediaPlayerEditor.dll (API version 3944462).
LogModuleManager: Display: Found up-to-date module file ../../../Engine/Plugins/Media/WmfMedia/Binaries/Win64/UE4Editor-WmfMedia.dll (API version 3944462).
LogModuleManager: Display: Found up-to-date module file ../../../Engine/Plugins/Media/WmfMedia/Binaries/Win64/UE4Editor-WmfMediaEditor.dll (API version 3944462).
LogModuleManager: Display: Found up-to-date module file ../../../Engine/Plugins/Media/WmfMedia/Binaries/Win64/UE4Editor-WmfMediaFactory.dll (API version 3944462).
LogModuleManager: Display: Found up-to-date module file ../../../Engine/Plugins/Media/WmfMedia/Binaries/Win64/UE4Editor-WmfMediaFactory.dll (API version 3944462).
LogModuleManager: Display: Found up-to-date module file ../../../Engine/Plugins/Messaging/TcpMessaging/Binaries/Win64/UE4Editor-TcpMessaging.dll (API version 3944462).
LogModuleManager: Display: Found up-to-date module file ../../../Engine/Plugins/Messaging/UdpMessaging/Binaries/Win64/UE4Editor-UdpMessaging.dll (API version 3944462).
LogModuleManager: Display: Found up-to-date module file ../../../Engine/Plugins/MovieScene/ActorSequence/Binaries/Win64/UE4Editor-ActorSequence.dll (API version 3944462).
LogModuleManager: Display: Found up-to-date module file ../../../Engine/Plugins/MovieScene/LevelSequenceEditor/Binaries/Win64/UE4Editor-LevelSequenceEditor.dll (API version 3944462).
LogModuleManager: Display: Found up-to-date module file ../../../Engine/Plugins/MovieScene/MatineeToLevelSequence/Binaries/Win64/UE4Editor-MatineeToLevelSequence.dll (API version 3944462).
LogModuleManager: Display: Found up-to-date module file ../../../Engine/Plugins/NetcodeUnitTest/NetcodeUnitTest/Binaries/Win64/UE4Editor-NetcodeUnitTest.dll (API version 3944462).
LogModuleManager: Display: Found up-to-date module file ../../../Engine/Plugins/NetcodeUnitTest/NUTUnrealEngine4/Binaries/Win64/UE4Editor-NUTUnrealEngine4.dll (API version 3944462).
LogModuleManager: Display: Found up-to-date module file ../../../Engine/Plugins/Online/OnlineSubsystem/Binaries/Win64/UE4Editor-OnlineSubsystem.dll (API version 3944462).
LogModuleManager: Display: Found up-to-date module file ../../../Engine/Plugins/Runtime/AndroidPermission/Binaries/Win64/UE4Editor-AndroidPermission.dll (API version 3944462).
LogModuleManager: Display: Found up-to-date module file ../../../Engine/Plugins/Online/OnlineSubsystemNull/Binaries/Win64/UE4Editor-OnlineSubsystemNull.dll (API version 3944462).
LogModuleManager: Display: Found up-to-date module file ../../../Engine/Plugins/Online/OnlineSubsystemUtils/Binaries/Win64/UE4Editor-OnlineSubsystemUtils.dll (API version 3944462).
LogModuleManager: Display: Found up-to-date module file ../../../Engine/Plugins/Online/OnlineSubsystemUtils/Binaries/Win64/UE4Editor-OnlineBlueprintSupport.dll (API version 3944462).
LogModuleManager: Display: Found up-to-date module file ../../../Engine/Plugins/Runtime/AndroidDeviceProfileSelector/Binaries/Win64/UE4Editor-AndroidDeviceProfileSelector.dll (API version 3944462).
LogModuleManager: Display: Found up-to-date module file ../../../Engine/Plugins/Runtime/AppleARKit/Binaries/Win64/UE4Editor-AppleARKit.dll (API version 3944462).
LogModuleManager: Display: Found up-to-date module file ../../../Engine/Plugins/Runtime/ProceduralMeshComponent/Binaries/Win64/UE4Editor-ProceduralMeshComponent.dll (API version 3944462).
LogModuleManager: Display: Found up-to-date module file ../../../Engine/Plugins/Runtime/ProceduralMeshComponent/Binaries/Win64/UE4Editor-ProceduralMeshComponentEditor.dll (API version 3944462).
LogModuleManager: Display: Found up-to-date module file ../../../Engine/Plugins/Animation/LiveLink/Binaries/Win64/UE4Editor-LiveLink.dll (API version 3944462).
LogModuleManager: Display: Found up-to-date module file ../../../Engine/Plugins/Animation/LiveLink/Binaries/Win64/UE4Editor-LiveLinkEditor.dll (API version 3944462).
LogModuleManager: Display: Found up-to-date module file ../../../Engine/Plugins/Runtime/ArchVisCharacter/Binaries/Win64/UE4Editor-ArchVisCharacter.dll (API version 3944462).
LogModuleManager: Display: Found up-to-date module file ../../../Engine/Plugins/Runtime/AudioCapture/Binaries/Win64/UE4Editor-AudioCapture.dll (API version 3944462).
LogModuleManager: Display: Found up-to-date module file ../../../Engine/Plugins/Runtime/AudioCapture/Binaries/Win64/UE4Editor-AudioCaptureEditor.dll (API version 3944462).
LogModuleManager: Display: Found up-to-date module file ../../../Engine/Plugins/Runtime/CableComponent/Binaries/Win64/UE4Editor-CableComponent.dll (API version 3944462).
LogModuleManager: Display: Found up-to-date module file ../../../Engine/Plugins/Runtime/CustomMeshComponent/Binaries/Win64/UE4Editor-CustomMeshComponent.dll (API version 3944462).
LogModuleManager: Display: Found up-to-date module file ../../../Engine/Plugins/Runtime/ExampleDeviceProfileSelector/Binaries/Win64/UE4Editor-ExampleDeviceProfileSelector.dll (API version 3944462).
LogModuleManager: Display: Found up-to-date module file ../../../Engine/Plugins/Runtime/ImmediatePhysics/Binaries/Win64/UE4Editor-ImmediatePhysics.dll (API version 3944462).
LogModuleManager: Display: Found up-to-date module file ../../../Engine/Plugins/Runtime/ImmediatePhysics/Binaries/Win64/UE4Editor-ImmediatePhysicsEditor.dll (API version 3944462).
LogModuleManager: Display: Found up-to-date module file ../../../Engine/Plugins/Runtime/LocationServicesBPLibrary/Binaries/Win64/UE4Editor-LocationServicesBPLibrary.dll (API version 3944462).
LogModuleManager: Display: Found up-to-date module file ../../../Engine/Plugins/Runtime/MobilePatchingUtils/Binaries/Win64/UE4Editor-MobilePatchingUtils.dll (API version 3944462).
LogModuleManager: Display: Found up-to-date module file ../../../Engine/Plugins/Runtime/Oculus/OculusVR/Binaries/Win64/UE4Editor-OculusHMD.dll (API version 3944462).
LogModuleManager: Display: Found up-to-date module file ../../../Engine/Plugins/Runtime/Oculus/OculusVR/Binaries/Win64/UE4Editor-OculusInput.dll (API version 3944462).
LogModuleManager: Display: Found up-to-date module file ../../../Engine/Plugins/Runtime/Oculus/OculusVR/Binaries/Win64/UE4Editor-OculusEditor.dll (API version 3944462).
LogModuleManager: Display: Found up-to-date module file ../../../Engine/Plugins/Runtime/PhysXVehicles/Binaries/Win64/UE4Editor-PhysXVehicles.dll (API version 3944462).
LogModuleManager: Display: Found up-to-date module file ../../../Engine/Plugins/Runtime/PhysXVehicles/Binaries/Win64/UE4Editor-PhysXVehiclesEditor.dll (API version 3944462).
LogModuleManager: Display: Found up-to-date module file ../../../Engine/Plugins/Runtime/RuntimePhysXCooking/Binaries/Win64/UE4Editor-RuntimePhysXCooking.dll (API version 3944462).
LogModuleManager: Display: Found up-to-date module file ../../../Engine/Plugins/Runtime/Steam/SteamVR/Binaries/Win64/UE4Editor-SteamVR.dll (API version 3944462).
LogModuleManager: Display: Found up-to-date module file ../../../Engine/Plugins/Runtime/Steam/SteamVR/Binaries/Win64/UE4Editor-SteamVRController.dll (API version 3944462).
LogModuleManager: Display: Found up-to-date module file ../../../Engine/Plugins/Runtime/WindowsMoviePlayer/Binaries/Win64/UE4Editor-WindowsMoviePlayer.dll (API version 3944462).
LogPluginManager: Mounting plugin Paper2D
LogPluginManager: Mounting plugin LiveLink
LogPluginManager: Mounting plugin LightPropagationVolume
LogPluginManager: Mounting plugin CLionSourceCodeAccess
LogPluginManager: Mounting plugin CodeLiteSourceCodeAccess
LogPluginManager: Mounting plugin GitSourceControl
LogPluginManager: Mounting plugin KDevelopSourceCodeAccess
LogPluginManager: Mounting plugin NullSourceCodeAccess
LogPluginManager: Mounting plugin PerforceSourceControl
LogPluginManager: Mounting plugin SubversionSourceControl
LogPluginManager: Mounting plugin UObjectPlugin
LogPluginManager: Mounting plugin VisualStudioCodeSourceCodeAccess
LogPluginManager: Mounting plugin VisualStudioSourceCodeAccess
LogPluginManager: Mounting plugin XCodeSourceCodeAccess
LogPluginManager: Mounting plugin AssetManagerEditor
LogPluginManager: Mounting plugin CryptoKeys
LogPluginManager: Mounting plugin DataValidation
LogPluginManager: Mounting plugin FacialAnimation
LogPluginManager: Mounting plugin GameplayTagsEditor
LogPluginManager: Mounting plugin MobileLauncherProfileWizard
LogPluginManager: Mounting plugin PluginBrowser
LogPluginManager: Mounting plugin SpeedTreeImporter
LogPluginManager: Mounting plugin DatasmithContent
LogPluginManager: Mounting plugin AlembicImporter
LogPluginManager: Mounting plugin CharacterAI
LogPluginManager: Mounting plugin HTML5Networking
LogPluginManager: Mounting plugin Substance
LogPluginManager: Mounting plugin AndroidMedia
LogPluginManager: Mounting plugin AvfMedia
LogPluginManager: Mounting plugin ImgMedia
LogPluginManager: Mounting plugin LinearTimecode
LogPluginManager: Mounting plugin MediaCompositing
LogPluginManager: Mounting plugin MediaPlayerEditor
LogPluginManager: Mounting plugin WmfMedia
LogPluginManager: Mounting plugin TcpMessaging
LogPluginManager: Mounting plugin UdpMessaging
LogPluginManager: Mounting plugin ActorSequence
LogPluginManager: Mounting plugin LevelSequenceEditor
LogPluginManager: Mounting plugin MatineeToLevelSequence
LogPluginManager: Mounting plugin NetcodeUnitTest
LogPluginManager: Mounting plugin NUTUnrealEngine4
LogPluginManager: Mounting plugin OnlineSubsystemGooglePlay
LogPluginManager: Mounting plugin OnlineSubsystemIOS
LogPluginManager: Mounting plugin OnlineSubsystem
LogPluginManager: Mounting plugin OnlineSubsystemNull
LogPluginManager: Mounting plugin OnlineSubsystemUtils
LogPluginManager: Mounting plugin AndroidDeviceProfileSelector
LogPluginManager: Mounting plugin AndroidMoviePlayer
LogPluginManager: Mounting plugin AndroidPermission
LogPluginManager: Mounting plugin ApexDestruction
LogPluginManager: Mounting plugin AppleARKit
LogPluginManager: Mounting plugin AppleMoviePlayer
LogPluginManager: Mounting plugin ArchVisCharacter
LogPluginManager: Mounting plugin AudioCapture
LogPluginManager: Mounting plugin CableComponent
LogPluginManager: Mounting plugin CustomMeshComponent
LogPluginManager: Mounting plugin ExampleDeviceProfileSelector
LogPluginManager: Mounting plugin GoogleCloudMessaging
LogPluginManager: Mounting plugin ImmediatePhysics
LogPluginManager: Mounting plugin IOSDeviceProfileSelector
LogPluginManager: Mounting plugin LinuxDeviceProfileSelector
LogPluginManager: Mounting plugin LocationServicesBPLibrary
LogPluginManager: Mounting plugin MobilePatchingUtils
LogPluginManager: Mounting plugin OculusVR
LogPluginManager: Plugin shader directory ../../../Engine/Plugins/Runtime/Oculus/OculusVR/Shaders found
LogPluginManager: Mapping shader source directory ../../../Engine/Plugins/Runtime/Oculus/OculusVR/Shaders to virtual directory /Plugin/OculusVR
LogPluginManager: Mounting plugin PhysXVehicles
LogPluginManager: Mounting plugin ProceduralMeshComponent
LogPluginManager: Mounting plugin RuntimePhysXCooking
LogPluginManager: Mounting plugin SteamVR
LogPluginManager: Mounting plugin WindowsMoviePlayer
LogStreaming: Display: Took  0.693s to configure plugins.
LogInit: Using libcurl 7.47.1
LogInit:  - built for x86_64-pc-win32
LogInit:  - supports SSL with OpenSSL/1.0.2g
LogInit:  - supports HTTP deflate (compression) using libz 1.2.8
LogInit:  - other features:
LogInit:      CURL_VERSION_SSL
LogInit:      CURL_VERSION_LIBZ
LogInit:      CURL_VERSION_IPV6
LogInit:      CURL_VERSION_ASYNCHDNS
LogInit:      CURL_VERSION_LARGEFILE
LogInit:      CURL_VERSION_IDN
LogInit:  CurlRequestOptions (configurable via config and command line):
LogInit:  - bVerifyPeer = false  - Libcurl will NOT verify peer certificate
LogInit:  - bUseHttpProxy = false  - Libcurl will NOT use HTTP proxy
LogInit:  - bDontReuseConnections = false  - Libcurl will reuse connections
LogInit:  - CertBundlePath = nullptr  - Libcurl will use whatever was configured at build time.
LogInit:  - MaxHostConnections = 16  - Libcurl will limit the number of connections to a host
LogInit:  - LocalHostAddr = Default
LogInit: WinSock: version 1.1 (2.2), MaxSocks=32767, MaxUdp=65467
LogInit: WinSock: I am NIVELLEMENDIOLA (192.168.1.3:0)
LogInit: Build: ++UE4+Release-4.19-CL-4033788
LogInit: Engine Version: 4.19.2-4033788+++UE4+Release-4.19
LogInit: Compatible Engine Version: 4.19.0-3944462+++UE4+Release-4.19
LogInit: Net CL: 3944462
LogDevObjectVersion: Number of dev versions registered: 18
LogDevObjectVersion:   Dev-Blueprints (B0D832E4-1F89-4F0D-ACCF-7EB736FD4AA2): 10
LogDevObjectVersion:   Dev-Build (E1C64328-A22C-4D53-A36C-8E866417BD8C): 0
LogDevObjectVersion:   Dev-Core (375EC13C-06E4-48FB-B500-84F0262A717E): 2
LogDevObjectVersion:   Dev-Editor (E4B068ED-F494-42E9-A231-DA0B2E46BB41): 23
LogDevObjectVersion:   Dev-Framework (CFFC743F-43B0-4480-9391-14DF171D2073): 33
LogDevObjectVersion:   Dev-Mobile (B02B49B5-BB20-44E9-A304-32B752E40360): 2
LogDevObjectVersion:   Dev-Networking (A4E4105C-59A1-49B5-A7C5-40C4547EDFEE): 0
LogDevObjectVersion:   Dev-Online (39C831C9-5AE6-47DC-9A44-9C173E1C8E7C): 0
LogDevObjectVersion:   Dev-Physics (78F01B33-EBEA-4F98-B9B4-84EACCB95AA2): 0
LogDevObjectVersion:   Dev-Platform (6631380F-2D4D-43E0-8009-CF276956A95A): 0
LogDevObjectVersion:   Dev-Rendering (12F88B9F-8875-4AFC-A67C-D90C383ABD29): 25
LogDevObjectVersion:   Dev-Sequencer (7B5AE74C-D270-4C10-A958-57980B212A5A): 6
LogDevObjectVersion:   Dev-VR (D7296918-1DD6-4BDD-9DE2-64A83CC13884): 1
LogDevObjectVersion:   Dev-LoadTimes (C2A15278-BFE7-4AFE-6C17-90FF531DF755): 1
LogDevObjectVersion:   Private-Geometry (6EACA3D4-40EC-4CC1-B786-8BED09428FC5): 2
LogDevObjectVersion:   Dev-AnimPhys (29E575DD-E0A3-4627-9D10-D276232CDCEA): 16
LogDevObjectVersion:   Dev-ReflectionCapture (6B266CEC-1EC7-4B8F-A30B-E4D90942FC07): 1
LogDevObjectVersion:   Dev-Automation (0DF73D61-A23F-47EA-B727-89E90C41499A): 1
LogInit: Compiled (64-bit): Apr 27 2018 02:06:57
LogInit: Compiled with Visual C++: 19.00.24215.01
LogInit: Build Configuration: Development
LogInit: Branch Name: ++UE4+Release-4.19
LogInit: Command Line:  
LogInit: Base Directory: C:/Program Files/Epic Games/UE_4.19/Engine/Binaries/Win64/
LogInit: Installed Engine Build: 1
LogStreaming: Display: Took  0.000s to delete old logs.
LogInit: Presizing for max 8388607 objects, including 0 objects not considered by GC, pre-allocating 0 bytes for permanent pool.
LogInit: Object subsystem initialized
[2018.05.19-17.22.14:392][  0]LogInit: Selected Device Profile: [Windows]
[2018.05.19-17.22.14:392][  0]LogInit: Applying CVar settings loaded from the selected device profile: [Windows]
[2018.05.19-17.22.14:406][  0]LogInit: Computer: NIVELLEMENDIOLA
[2018.05.19-17.22.14:406][  0]LogInit: User: NIVELLEMENDIOLAPC
[2018.05.19-17.22.14:406][  0]LogInit: CPU Page size=4096, Cores=2
[2018.05.19-17.22.14:406][  0]LogInit: High frequency timer resolution =3.604970 MHz
[2018.05.19-17.22.14:407][  0]LogMemory: Memory total: Physical=7.9GB (8GB approx)
[2018.05.19-17.22.14:407][  0]LogMemory: Platform Memory Stats for Windows
[2018.05.19-17.22.14:407][  0]LogMemory: Process Physical Memory: 275.10 MB used, 275.10 MB peak
[2018.05.19-17.22.14:407][  0]LogMemory: Process Virtual Memory: 268.30 MB used, 268.30 MB peak
[2018.05.19-17.22.14:407][  0]LogMemory: Physical Memory: 2487.48 MB used,  5576.89 MB free, 8064.37 MB total
[2018.05.19-17.22.14:407][  0]LogMemory: Virtual Memory: 630.87 MB used,  5576.89 MB free, 8388608.00 MB total
[2018.05.19-17.22.14:428][  0]LogInit: Using OS detected language (en-US).
[2018.05.19-17.22.14:428][  0]LogInit: Using OS detected locale (en-US).
[2018.05.19-17.22.14:430][  0]LogTextLocalizationManager: No specific localization for 'en-US' exists, so the 'en' localization will be used.
[2018.05.19-17.22.14:823][  0]LogStreaming: Display: Took  0.394s to EndInitTextLocalization.
[2018.05.19-17.22.14:823][  0]LogWindows: Failed to load 'shcore.dll' (GetLastError=126)
[2018.05.19-17.22.14:823][  0]LogWindows: File 'shcore.dll' does not exist
[2018.05.19-17.22.14:823][  0]LogInit: Setting process to DPI aware
[2018.05.19-17.22.14:824][  0]LogWindows: Failed to load 'shcore.dll' (GetLastError=126)
[2018.05.19-17.22.14:824][  0]LogWindows: File 'shcore.dll' does not exist
[2018.05.19-17.22.14:824][  0]LogInit: Setting process to DPI aware
[2018.05.19-17.22.14:849][  0]LogSlate: New Slate User Created.  User Index 0, Is Virtual User: 0
[2018.05.19-17.22.14:849][  0]LogSlate: Slate User Registered.  User Index 0, Is Virtual User: 0
[2018.05.19-17.22.15:005][  0]LogD3D11RHI: D3D11 adapters:
[2018.05.19-17.22.15:030][  0]LogD3D11RHI:    0. 'NVIDIA GeForce GT 730' (Feature Level 11_0)
[2018.05.19-17.22.15:030][  0]LogD3D11RHI:       1983/0/3776 MB DedicatedVideo/DedicatedSystem/SharedSystem, Outputs:2, VendorId:0x10de
[2018.05.19-17.22.15:034][  0]LogD3D11RHI:    1. 'Intel(R) HD Graphics 4400' (Feature Level 11_0)
[2018.05.19-17.22.15:034][  0]LogD3D11RHI:       192/0/1632 MB DedicatedVideo/DedicatedSystem/SharedSystem, Outputs:1, VendorId:0x8086
[2018.05.19-17.22.15:034][  0]LogD3D11RHI: Chosen D3D11 Adapter: 0
[2018.05.19-17.22.15:039][  0]LogD3D11RHI: Creating new Direct3DDevice
[2018.05.19-17.22.15:039][  0]LogD3D11RHI:     GPU DeviceId: 0x1287 (for the marketing name, search the web for "GPU Device Id")
[2018.05.19-17.22.15:039][  0]LogWindows: EnumDisplayDevices:
[2018.05.19-17.22.15:039][  0]LogWindows:    0. 'NVIDIA GeForce GT 730' (P:1 D:1)
[2018.05.19-17.22.15:039][  0]LogWindows:    1. 'NVIDIA GeForce GT 730' (P:0 D:1)
[2018.05.19-17.22.15:039][  0]LogWindows:    2. 'NVIDIA GeForce GT 730' (P:0 D:0)
[2018.05.19-17.22.15:039][  0]LogWindows:    3. 'Intel(R) HD Graphics 4400' (P:0 D:1)
[2018.05.19-17.22.15:039][  0]LogWindows:    4. 'Intel(R) HD Graphics 4400' (P:0 D:0)
[2018.05.19-17.22.15:039][  0]LogWindows:    5. 'Intel(R) HD Graphics 4400' (P:0 D:0)
[2018.05.19-17.22.15:040][  0]LogWindows:    6. 'RDPDD Chained DD' (P:0 D:0)
[2018.05.19-17.22.15:040][  0]LogWindows:    7. 'RDP Encoder Mirror Driver' (P:0 D:0)
[2018.05.19-17.22.15:040][  0]LogWindows:    8. 'RDP Reflector Display Driver' (P:0 D:0)
[2018.05.19-17.22.15:040][  0]LogWindows: DebugString: PrimaryIsNotTheChoosenAdapter PrimaryIsNotTheChoosenAdapter PrimaryIsNotTheChoosenAdapter GetVideoDriverDetailsInvalid PrimaryIsNotTheChoosenAdapter GetVideoDriverDetailsInvalid PrimaryIsNotTheChoosenAdapter GetVideoDriverDetailsInvalid PrimaryIsNotTheChoosenAdapter FoundDriverCount:3 
[2018.05.19-17.22.15:040][  0]LogD3D11RHI:     Adapter Name: NVIDIA GeForce GT 730
[2018.05.19-17.22.15:040][  0]LogD3D11RHI:   Driver Version: 397.31 (internal:24.21.13.9731, unified:397.31)
[2018.05.19-17.22.15:040][  0]LogD3D11RHI:      Driver Date: 4-22-2018
[2018.05.19-17.22.15:040][  0]LogRHI: Texture pool is 1388 MB (70% of 1983 MB)
[2018.05.19-17.22.15:052][  0]LogD3D11RHI: [Aftermath] Aftermath enabled and primed
[2018.05.19-17.22.15:052][  0]LogD3D11RHI: [Aftermath] Aftermath enabled and primed
[2018.05.19-17.22.15:052][  0]LogD3D11RHI: Async texture creation enabled
[2018.05.19-17.22.15:067][  0]LogD3D11RHI: GPU Timing Frequency: 1000.000000 (Debug: 2 2)
[2018.05.19-17.22.15:113][  0]LogShaderCompilers: Guid format shader working directory is -10 characters bigger than the processId version (../../../../../../Users/NIVELLEMENDIOLA-PC/Documents/GitHub/prototype/Intermediate/Shaders/WorkingDirectory/5788/).
[2018.05.19-17.22.15:113][  0]LogShaderCompilers: Cleaned the shader compiler working directory 'C:/Users/NIVELLEMENDIOLA-PC/AppData/Local/Temp/UnrealShaderWorkingDir/3004F2D145128A139F47EF916450D577/'.
[2018.05.19-17.22.15:298][  0]LogTemp: Display: Loaded TP AllDesktopTargetPlatform
[2018.05.19-17.22.15:310][  0]LogTemp: Display: Loaded TP MacClientTargetPlatform
[2018.05.19-17.22.15:322][  0]LogTemp: Display: Loaded TP MacNoEditorTargetPlatform
[2018.05.19-17.22.15:334][  0]LogTemp: Display: Loaded TP MacServerTargetPlatform
[2018.05.19-17.22.15:346][  0]LogTemp: Display: Loaded TP MacTargetPlatform
[2018.05.19-17.22.15:358][  0]LogTemp: Display: Loaded TP WindowsClientTargetPlatform
[2018.05.19-17.22.15:371][  0]LogTemp: Display: Loaded TP WindowsNoEditorTargetPlatform
[2018.05.19-17.22.15:383][  0]LogTemp: Display: Loaded TP WindowsServerTargetPlatform
[2018.05.19-17.22.15:389][  0]LogTemp: Display: Loaded TP WindowsTargetPlatform
[2018.05.19-17.22.15:400][  0]LogTemp: Display: Loaded TP Android_ASTCTargetPlatform
[2018.05.19-17.22.15:412][  0]LogTemp: Display: Loaded TP Android_ATCTargetPlatform
[2018.05.19-17.22.15:423][  0]LogTemp: Display: Loaded TP Android_DXTTargetPlatform
[2018.05.19-17.22.15:434][  0]LogTemp: Display: Loaded TP Android_ETC1aTargetPlatform
[2018.05.19-17.22.15:445][  0]LogTemp: Display: Loaded TP Android_ETC1TargetPlatform
[2018.05.19-17.22.15:456][  0]LogTemp: Display: Loaded TP Android_ETC2TargetPlatform
[2018.05.19-17.22.15:479][  0]LogTemp: Display: Loaded TP Android_MultiTargetPlatform
[2018.05.19-17.22.15:479][  0]LogTemp: Display: Loaded TP Android_PVRTCTargetPlatform
[2018.05.19-17.22.15:490][  0]LogTemp: Display: Loaded TP AndroidTargetPlatform
[2018.05.19-17.22.15:490][  0]LogTemp: Display: Loaded TP HTML5TargetPlatform
[2018.05.19-17.22.15:524][  0]LogTemp: Display: Loaded TP IOSTargetPlatform
[2018.05.19-17.22.15:534][  0]LogTemp: Display: Loaded TP TVOSTargetPlatform
[2018.05.19-17.22.15:546][  0]LogTemp: Display: Loaded TP LinuxClientTargetPlatform
[2018.05.19-17.22.15:556][  0]LogTemp: Display: Loaded TP LinuxNoEditorTargetPlatform
[2018.05.19-17.22.15:567][  0]LogTemp: Display: Loaded TP LinuxServerTargetPlatform
[2018.05.19-17.22.15:579][  0]LogTemp: Display: Loaded TP LinuxTargetPlatform
[2018.05.19-17.22.15:579][  0]LogTargetPlatformManager: Display: Building Assets For Windows
[2018.05.19-17.22.15:643][  0]LogXGEController: Cleaning working directory: C:/Users/NIVELLEMENDIOLA-PC/AppData/Local/Temp/UnrealXGEWorkingDir/
[2018.05.19-17.22.15:643][  0]LogXGEController: Cannot use XGE Controller as Incredibuild is not installed on this machine.
[2018.05.19-17.22.15:643][  0]LogShaderCompilers: Cannot use XGE Shader Compiler as Incredibuild is not installed on this machine.
[2018.05.19-17.22.15:643][  0]LogShaderCompilers: Display: Using Local Shader Compiler.
[2018.05.19-17.22.16:301][  0]LogDerivedDataCache: Display: Max Cache Size: 512 MB
[2018.05.19-17.22.16:373][  0]LogDerivedDataCache: Loaded boot cache 0.07s 74MB C:/Users/NIVELLEMENDIOLA-PC/AppData/Local/UnrealEngine/4.19/DerivedDataCache/Boot.ddc.
[2018.05.19-17.22.16:373][  0]LogDerivedDataCache: Display: Loaded Boot cache: C:/Users/NIVELLEMENDIOLA-PC/AppData/Local/UnrealEngine/4.19/DerivedDataCache/Boot.ddc
[2018.05.19-17.22.16:373][  0]LogDerivedDataCache: FDerivedDataBackendGraph:  Pak pak cache file ../../../../../../Users/NIVELLEMENDIOLA-PC/Documents/GitHub/prototype/DerivedDataCache/DDC.ddp not found, will not use a pak cache.
[2018.05.19-17.22.16:373][  0]LogDerivedDataCache: Unable to find inner node Pak for hierarchical cache Hierarchy.
[2018.05.19-17.22.16:373][  0]LogDerivedDataCache: FDerivedDataBackendGraph:  CompressedPak pak cache file ../../../../../../Users/NIVELLEMENDIOLA-PC/Documents/GitHub/prototype/DerivedDataCache/Compressed.ddp not found, will not use a pak cache.
[2018.05.19-17.22.16:373][  0]LogDerivedDataCache: Unable to find inner node CompressedPak for hierarchical cache Hierarchy.
[2018.05.19-17.22.16:390][  0]LogDerivedDataCache: Display: Pak cache opened for reading ../../../Engine/DerivedDataCache/Compressed.ddp.
[2018.05.19-17.22.16:401][  0]LogDerivedDataCache: Using Local data cache path C:/Users/NIVELLEMENDIOLA-PC/AppData/Local/UnrealEngine/Common/DerivedDataCache: Writable
[2018.05.19-17.22.16:401][  0]LogDerivedDataCache: Shared data cache path not found in *engine.ini, will not use an Shared cache.
[2018.05.19-17.22.16:401][  0]LogDerivedDataCache: Unable to find inner node Shared for hierarchical cache Hierarchy.
[2018.05.19-17.22.16:412][  0]LogMaterial: Verifying Global Shaders for PCD3D_SM5
[2018.05.19-17.22.16:412][  0]LogSlate: Using Freetype 2.6.0
[2018.05.19-17.22.16:413][  0]LogSlate: SlateFontCache - WITH_FREETYPE: 1, WITH_HARFBUZZ: 1
[2018.05.19-17.22.16:413][  0]LogSlate: SlateFontCache - WITH_FREETYPE: 1, WITH_HARFBUZZ: 1
[2018.05.19-17.22.16:502][  0]LogAssetRegistry: FAssetRegistry took 0.0242 seconds to start up
[2018.05.19-17.22.16:819][  0]LogInit: Selected Device Profile: [Windows]
[2018.05.19-17.22.16:941][  0]LogSimplygon: Simplygon DLL not present - disabling.
[2018.05.19-17.22.16:943][  0]LogMeshReduction: Using SimplygonSwarm for distributed automatic mesh merging
[2018.05.19-17.22.16:943][  0]LogMeshReduction: Using QuadricMeshReduction for automatic static mesh reduction
[2018.05.19-17.22.16:943][  0]LogMeshReduction: No automatic skeletal mesh reduction module available
[2018.05.19-17.22.16:943][  0]LogMeshReduction: No automatic mesh merging module available
[2018.05.19-17.22.16:943][  0]LogMeshMerging: No automatic mesh merging module available
[2018.05.19-17.22.16:966][  0]LogNetVersion: prototype , NetCL: 3944462, EngineNetVer: 2, GameNetVer: 0 (Checksum: 2571807811)
[2018.05.19-17.22.17:353][  0]LogPackageLocalizationCache: Processed 9 localized package path(s) for 2 prioritized culture(s) in 0.049653 seconds
[2018.05.19-17.22.17:359][  0]LogUObjectArray: 36728 objects as part of root set at end of initial load.
[2018.05.19-17.22.17:359][  0]LogUObjectAllocator: 7314312 out of 0 bytes used by permanent object pool.
[2018.05.19-17.22.17:359][  0]LogUObjectArray: CloseDisregardForGC: 0/0 objects in disregard for GC pool
[2018.05.19-17.22.18:681][  0]LogSubstanceCoreModule: Substance [CPU] Engine Loaded, Max Texture Size = 2048
[2018.05.19-17.22.18:692][  0]LogTcpMessaging: Initializing TcpMessaging bridge
[2018.05.19-17.22.18:711][  0]LogUdpMessaging: Initializing bridge on interface 0.0.0.0:0 to multicast group 230.0.0.1:6666.
[2018.05.19-17.22.18:952][  0]SourceControl: Source control is disabled
[2018.05.19-17.22.19:556][  0]LogAndroidPermission: UAndroidPermissionCallbackProxy::GetInstance
[2018.05.19-17.22.19:636][  0]LogOcInput: OculusInput pre-init called
[2018.05.19-17.22.19:808][  0]LogEngine: Initializing Engine...
[2018.05.19-17.22.19:809][  0]LogHMD: Failed to initialize OpenVR with code 110
[2018.05.19-17.22.19:810][  0]LogStats: UGameplayTagsManager::ConstructGameplayTagTree: Construct from data asset -  0.000 s
[2018.05.19-17.22.19:810][  0]LogStats: UGameplayTagsManager::ConstructGameplayTagTree: GameplayTagTreeChangedEvent.Broadcast -  0.000 s
[2018.05.19-17.22.20:038][  0]LogAIModule: Creating AISystem for world Untitled
[2018.05.19-17.22.20:053][  0]LogInit: XAudio2 using 'SAMSUNG (NVIDIA High Definition Audio)' : 2 channels at 48 kHz using 16 bits per sample (channel mask 0x3)
[2018.05.19-17.22.20:057][  0]LogInit: FAudioDevice initialized.
[2018.05.19-17.22.20:469][  0]LogDerivedDataCache: Saved boot cache 0.41s 74MB C:/Users/NIVELLEMENDIOLA-PC/AppData/Local/UnrealEngine/4.19/DerivedDataCache/Boot.ddc.
[2018.05.19-17.22.20:489][  0]LogInit: Texture streaming: Enabled
[2018.05.19-17.22.20:513][  0]LogEngineSessionManager: EngineSessionManager initialized
[2018.05.19-17.22.20:521][  0]LogInit: Transaction tracking system initialized
[2018.05.19-17.22.20:537][  0]BlueprintLog: New page: Editor Load
[2018.05.19-17.22.20:588][  0]LocalizationService: Localization service is disabled
[2018.05.19-17.22.20:653][  0]LogConsoleResponse: Display: 
[2018.05.19-17.22.20:811][  0]LogCook: Display: Max memory allowance for cook 16384mb min free memory 0mb
[2018.05.19-17.22.20:811][  0]LogCook: Display: Mobile HDR setting 1
[2018.05.19-17.22.20:811][  0]LogGameplayTags: Display: UGameplayTagsManager::DoneAddingNativeTags. DelegateIsBound: 0
[2018.05.19-17.22.20:811][  0]LogStats: UGameplayTagsManager::ConstructGameplayTagTree: Construct from data asset -  0.000 s
[2018.05.19-17.22.20:811][  0]LogStats: UGameplayTagsManager::ConstructGameplayTagTree: GameplayTagTreeChangedEvent.Broadcast -  0.000 s
[2018.05.19-17.22.21:025][  0]LogFileCache: Scanning file cache for directory 'C:/Users/NIVELLEMENDIOLA-PC/Documents/GitHub/prototype/Content/' took 0.02s
[2018.05.19-17.22.21:025][  0]Cmd: MAP LOAD FILE="../../../../../../Users/NIVELLEMENDIOLA-PC/Documents/GitHub/prototype/Content/level/Stage1.umap" TEMPLATE=0 SHOWPROGRESS=1 FEATURELEVEL=3
[2018.05.19-17.22.21:025][  0]LightingResults: New page: Lighting Build
[2018.05.19-17.22.21:027][  0]MapCheck: New page: Map Check
[2018.05.19-17.22.21:027][  0]LightingResults: New page: Lighting Build
[2018.05.19-17.22.21:085][  0]LogUObjectGlobals: Created PersistentFrame Addr=0x0000000045c2dd00, Size=1360, Default__CH_ENEMY1_C Function /Game/PLASMA/Character/Enemy/Enemy1/BP/CH_ENEMY1.CH_ENEMY1_C:ExecuteUbergraph_CH_ENEMY1
[2018.05.19-17.22.21:091][  0]LogUObjectGlobals: Created PersistentFrame Addr=0x0000000044032f80, Size=64, Default__BP_ANIM_Enemy1_C Function /Game/PLASMA/Character/Enemy/Enemy1/BP/BP_ANIM_Enemy1.BP_ANIM_Enemy1_C:ExecuteUbergraph_BP_ANIM_Enemy1
[2018.05.19-17.22.21:092][  0]LogUObjectGlobals: Created PersistentFrame Addr=0x0000000025aab220, Size=32, Default__bullet_C Function /Game/bullet.bullet_C:ExecuteUbergraph_bullet
[2018.05.19-17.22.21:168][  0]LogUObjectGlobals: Created PersistentFrame Addr=0x00000000250e89a0, Size=72, Default__AnimBP_Main_C Function /Game/PLASMA/Character/Main/BP/AnimBP_Main.AnimBP_Main_C:ExecuteUbergraph_AnimBP_Main
[2018.05.19-17.22.21:417][  0]LogUObjectGlobals: Created PersistentFrame Addr=0x00000000255038d0, Size=80, Default__BP_Handgun_C Function /Game/weapon/shotgun_2/BP_Handgun.BP_Handgun_C:ExecuteUbergraph_BP_Handgun
[2018.05.19-17.22.21:602][  0]LogUObjectGlobals: Created PersistentFrame Addr=0x00000000255025c0, Size=80, Default__BP_Rifle_C Function /Game/weapon/shotgun_2/BP_Rifle.BP_Rifle_C:ExecuteUbergraph_BP_Rifle
[2018.05.19-17.22.21:660][  0]LogUObjectGlobals: Created PersistentFrame Addr=0x000000002933ade0, Size=80, Default__BP_shotgun1_C Function /Game/weapon/shotgun_2/BP_shotgun1.BP_shotgun1_C:ExecuteUbergraph_BP_shotgun1
[2018.05.19-17.22.21:801][  0]LogUObjectGlobals: Created PersistentFrame Addr=0x00000000292f8cc0, Size=272, Default__CH_Main_C Function /Game/PLASMA/Character/Main/BP/CH_Main.CH_Main_C:ExecuteUbergraph_CH_Main
[2018.05.19-17.22.22:098][  0]LogUObjectGlobals: Created PersistentFrame Addr=0x000000002244f548, Size=56, Default__EnemyBullet_C Function /Game/EnemyBullet.EnemyBullet_C:ExecuteUbergraph_EnemyBullet
[2018.05.19-17.22.22:570][  0]LogUObjectGlobals: Created PersistentFrame Addr=0x00000000296acb80, Size=192, Default__Enemy1_PC_C Function /Game/PLASMA/Character/Enemy/Enemy1/BP/AI_BP/Enemy1_PC.Enemy1_PC_C:ExecuteUbergraph_Enemy1_PC
[2018.05.19-17.22.22:576][  0]LogUObjectGlobals: Created PersistentFrame Addr=0x00000000296a1be0, Size=32, Default__Enemy1_AttackAnimation_C Function /Game/PLASMA/Character/Enemy/Enemy1/BP/AI_BP/Enemy1_AttackAnimation.Enemy1_AttackAnimation_C:ExecuteUbergraph_Enemy1_AttackAnimation
[2018.05.19-17.22.22:598][  0]LogUObjectGlobals: Created PersistentFrame Addr=0x00000000296a1940, Size=32, Default__Enemy1_ClearFocus_C Function /Game/PLASMA/Character/Enemy/Enemy1/BP/AI_BP/Enemy1_ClearFocus.Enemy1_ClearFocus_C:ExecuteUbergraph_Enemy1_ClearFocus
[2018.05.19-17.22.22:615][  0]LogUObjectGlobals: Created PersistentFrame Addr=0x0000000029852cc8, Size=40, Default__Enemy1_GetPlayerLocation_C Function /Game/PLASMA/Character/Enemy/Enemy1/BP/AI_BP/Enemy1_GetPlayerLocation.Enemy1_GetPlayerLocation_C:ExecuteUbergraph_Enemy1_GetPlayerLocation
[2018.05.19-17.22.22:633][  0]LogUObjectGlobals: Created PersistentFrame Addr=0x000000002244eda0, Size=56, Default__Enemy1_GetRoamLocation_C Function /Game/PLASMA/Character/Enemy/Enemy1/BP/AI_BP/Enemy1_GetRoamLocation.Enemy1_GetRoamLocation_C:ExecuteUbergraph_Enemy1_GetRoamLocation
[2018.05.19-17.22.22:644][  0]LogUObjectGlobals: Created PersistentFrame Addr=0x000000002265dbb0, Size=112, Default__Enemy1_GotoLastLocation_C Function /Game/PLASMA/Character/Enemy/Enemy1/BP/AI_BP/Enemy1_GotoLastLocation.Enemy1_GotoLastLocation_C:ExecuteUbergraph_Enemy1_GotoLastLocation
[2018.05.19-17.22.22:661][  0]LogUObjectGlobals: Created PersistentFrame Addr=0x000000002265da60, Size=112, Default__Enemy1_MoveSmoothly_C Function /Game/PLASMA/Character/Enemy/Enemy1/BP/AI_BP/Enemy1_MoveSmoothly.Enemy1_MoveSmoothly_C:ExecuteUbergraph_Enemy1_MoveSmoothly
[2018.05.19-17.22.22:670][  0]LogUObjectGlobals: Created PersistentFrame Addr=0x00000000298527a0, Size=40, Default__Enemy1_SetPlayerFocus_C Function /Game/PLASMA/Character/Enemy/Enemy1/BP/AI_BP/Enemy1_SetPlayerFocus.Enemy1_SetPlayerFocus_C:ExecuteUbergraph_Enemy1_SetPlayerFocus
[2018.05.19-17.22.22:734][  0]LogUObjectGlobals: Destroyed PersistentFrame Addr=0x00000000250e89a0, Size=72
[2018.05.19-17.22.22:735][  0]LogUObjectGlobals: Created PersistentFrame Addr=0x000000002a267d30, Size=72, Default__AnimBP_Main_C Function /Engine/Transient.REINST_AnimBP_Main_C_0:ExecuteUbergraph_AnimBP_Main
[2018.05.19-17.22.22:735][  0]LogUObjectGlobals: Destroyed PersistentFrame Addr=0x0000000044032f80, Size=64
[2018.05.19-17.22.22:735][  0]LogUObjectGlobals: Created PersistentFrame Addr=0x000000002a257e80, Size=64, Default__BP_ANIM_Enemy1_C Function /Engine/Transient.REINST_BP_ANIM_Enemy1_C_1:ExecuteUbergraph_BP_ANIM_Enemy1
[2018.05.19-17.22.22:735][  0]LogUObjectGlobals: Destroyed PersistentFrame Addr=0x00000000255038d0, Size=80
[2018.05.19-17.22.22:735][  0]LogUObjectGlobals: Created PersistentFrame Addr=0x000000002a267a10, Size=80, Default__BP_Handgun_C Function /Engine/Transient.REINST_BP_Handgun_C_2:ExecuteUbergraph_BP_Handgun
[2018.05.19-17.22.22:735][  0]LogUObjectGlobals: Destroyed PersistentFrame Addr=0x00000000255025c0, Size=80
[2018.05.19-17.22.22:735][  0]LogUObjectGlobals: Created PersistentFrame Addr=0x000000002a267880, Size=80, Default__BP_Rifle_C Function /Engine/Transient.REINST_BP_Rifle_C_3:ExecuteUbergraph_BP_Rifle
[2018.05.19-17.22.22:736][  0]LogUObjectGlobals: Destroyed PersistentFrame Addr=0x000000002933ade0, Size=80
[2018.05.19-17.22.22:736][  0]LogUObjectGlobals: Created PersistentFrame Addr=0x000000002a2676f0, Size=80, Default__BP_shotgun1_C Function /Engine/Transient.REINST_BP_shotgun1_C_4:ExecuteUbergraph_BP_shotgun1
[2018.05.19-17.22.22:736][  0]LogUObjectGlobals: Destroyed PersistentFrame Addr=0x0000000025aab220, Size=32
[2018.05.19-17.22.22:736][  0]LogUObjectGlobals: Created PersistentFrame Addr=0x000000002a286640, Size=32, Default__bullet_C Function /Engine/Transient.REINST_bullet_C_5:ExecuteUbergraph_bullet
[2018.05.19-17.22.22:736][  0]LogUObjectGlobals: Destroyed PersistentFrame Addr=0x000000002244f548, Size=56
[2018.05.19-17.22.22:736][  0]LogUObjectGlobals: Created PersistentFrame Addr=0x000000002a347dd0, Size=56, Default__EnemyBullet_C Function /Engine/Transient.REINST_EnemyBullet_C_6:ExecuteUbergraph_EnemyBullet
[2018.05.19-17.22.22:737][  0]LogUObjectGlobals: Destroyed PersistentFrame Addr=0x0000000045c2dd00, Size=1360
[2018.05.19-17.22.22:737][  0]LogUObjectGlobals: Created PersistentFrame Addr=0x000000002a24d600, Size=1360, Default__CH_ENEMY1_C Function /Engine/Transient.REINST_CH_ENEMY1_C_7:ExecuteUbergraph_CH_ENEMY1
[2018.05.19-17.22.22:739][  0]LogUObjectGlobals: Destroyed PersistentFrame Addr=0x00000000292f8cc0, Size=272
[2018.05.19-17.22.22:739][  0]LogUObjectGlobals: Created PersistentFrame Addr=0x0000000029b5dd00, Size=272, Default__CH_Main_C Function /Engine/Transient.REINST_CH_Main_C_8:ExecuteUbergraph_CH_Main
[2018.05.19-17.22.22:739][  0]LogUObjectGlobals: Destroyed PersistentFrame Addr=0x00000000296a1be0, Size=32
[2018.05.19-17.22.22:739][  0]LogUObjectGlobals: Created PersistentFrame Addr=0x000000002a286460, Size=32, Default__Enemy1_AttackAnimation_C Function /Engine/Transient.REINST_Enemy1_AttackAnimation_C_9:ExecuteUbergraph_Enemy1_AttackAnimation
[2018.05.19-17.22.22:739][  0]LogUObjectGlobals: Destroyed PersistentFrame Addr=0x00000000296a1940, Size=32
[2018.05.19-17.22.22:739][  0]LogUObjectGlobals: Created PersistentFrame Addr=0x000000002a2863e0, Size=32, Default__Enemy1_ClearFocus_C Function /Engine/Transient.REINST_Enemy1_ClearFocus_C_10:ExecuteUbergraph_Enemy1_ClearFocus
[2018.05.19-17.22.22:739][  0]LogUObjectGlobals: Destroyed PersistentFrame Addr=0x0000000029852cc8, Size=40
[2018.05.19-17.22.22:739][  0]LogUObjectGlobals: Created PersistentFrame Addr=0x0000000029852cc8, Size=40, Default__Enemy1_GetPlayerLocation_C Function /Engine/Transient.REINST_Enemy1_GetPlayerLocation_C_11:ExecuteUbergraph_Enemy1_GetPlayerLocation
[2018.05.19-17.22.22:740][  0]LogUObjectGlobals: Destroyed PersistentFrame Addr=0x000000002244eda0, Size=56
[2018.05.19-17.22.22:740][  0]LogUObjectGlobals: Created PersistentFrame Addr=0x000000002a347d60, Size=56, Default__Enemy1_GetRoamLocation_C Function /Engine/Transient.REINST_Enemy1_GetRoamLocation_C_12:ExecuteUbergraph_Enemy1_GetRoamLocation
[2018.05.19-17.22.22:740][  0]LogUObjectGlobals: Destroyed PersistentFrame Addr=0x000000002265dbb0, Size=112
[2018.05.19-17.22.22:740][  0]LogUObjectGlobals: Created PersistentFrame Addr=0x000000002a2b5b40, Size=112, Default__Enemy1_GotoLastLocation_C Function /Engine/Transient.REINST_Enemy1_GotoLastLocation_C_13:ExecuteUbergraph_Enemy1_GotoLastLocation
[2018.05.19-17.22.22:740][  0]LogUObjectGlobals: Destroyed PersistentFrame Addr=0x000000002265da60, Size=112
[2018.05.19-17.22.22:740][  0]LogUObjectGlobals: Created PersistentFrame Addr=0x000000002a2b58a0, Size=112, Default__Enemy1_MoveSmoothly_C Function /Engine/Transient.REINST_Enemy1_MoveSmoothly_C_14:ExecuteUbergraph_Enemy1_MoveSmoothly
[2018.05.19-17.22.22:740][  0]LogUObjectGlobals: Destroyed PersistentFrame Addr=0x00000000296acb80, Size=192
[2018.05.19-17.22.22:740][  0]LogUObjectGlobals: Created PersistentFrame Addr=0x00000000296acb80, Size=192, Default__Enemy1_PC_C Function /Engine/Transient.REINST_Enemy1_PC_C_15:ExecuteUbergraph_Enemy1_PC
[2018.05.19-17.22.22:740][  0]LogUObjectGlobals: Destroyed PersistentFrame Addr=0x00000000298527a0, Size=40
[2018.05.19-17.22.22:740][  0]LogUObjectGlobals: Created PersistentFrame Addr=0x00000000298527a0, Size=40, Default__Enemy1_SetPlayerFocus_C Function /Engine/Transient.REINST_Enemy1_SetPlayerFocus_C_16:ExecuteUbergraph_Enemy1_SetPlayerFocus
[2018.05.19-17.22.22:794][  0]LogUObjectGlobals: Created PersistentFrame Addr=0x00000000501a05e0, Size=72, Default__AnimBP_Main_C Function /Game/PLASMA/Character/Main/BP/AnimBP_Main.AnimBP_Main_C:ExecuteUbergraph_AnimBP_Main
[2018.05.19-17.22.22:795][  0]LogUObjectGlobals: Created PersistentFrame Addr=0x00000000501ae300, Size=64, Default__BP_ANIM_Enemy1_C Function /Game/PLASMA/Character/Enemy/Enemy1/BP/BP_ANIM_Enemy1.BP_ANIM_Enemy1_C:ExecuteUbergraph_BP_ANIM_Enemy1
[2018.05.19-17.22.22:796][  0]LogUObjectGlobals: Created PersistentFrame Addr=0x000000005013f100, Size=80, Default__BP_Handgun_C Function /Game/weapon/shotgun_2/BP_Handgun.BP_Handgun_C:ExecuteUbergraph_BP_Handgun
[2018.05.19-17.22.22:796][  0]LogUObjectGlobals: Created PersistentFrame Addr=0x000000005013eca0, Size=80, Default__BP_Rifle_C Function /Game/weapon/shotgun_2/BP_Rifle.BP_Rifle_C:ExecuteUbergraph_BP_Rifle
[2018.05.19-17.22.22:797][  0]LogUObjectGlobals: Created PersistentFrame Addr=0x000000005013e840, Size=80, Default__BP_shotgun1_C Function /Game/weapon/shotgun_2/BP_shotgun1.BP_shotgun1_C:ExecuteUbergraph_BP_shotgun1
[2018.05.19-17.22.22:797][  0]LogUObjectGlobals: Created PersistentFrame Addr=0x0000000050190d80, Size=32, Default__bullet_C Function /Game/bullet.bullet_C:ExecuteUbergraph_bullet
[2018.05.19-17.22.22:798][  0]LogUObjectGlobals: Created PersistentFrame Addr=0x0000000050155cc8, Size=56, Default__EnemyBullet_C Function /Game/EnemyBullet.EnemyBullet_C:ExecuteUbergraph_EnemyBullet
[2018.05.19-17.22.22:802][  0]LogUObjectGlobals: Created PersistentFrame Addr=0x00000000500d7200, Size=1360, Default__CH_ENEMY1_C Function /Game/PLASMA/Character/Enemy/Enemy1/BP/CH_ENEMY1.CH_ENEMY1_C:ExecuteUbergraph_CH_ENEMY1
[2018.05.19-17.22.22:811][  0]LogUObjectGlobals: Created PersistentFrame Addr=0x0000000029fb8900, Size=272, Default__CH_Main_C Function /Game/PLASMA/Character/Main/BP/CH_Main.CH_Main_C:ExecuteUbergraph_CH_Main
[2018.05.19-17.22.22:815][  0]LogUObjectGlobals: Created PersistentFrame Addr=0x00000000500e01e0, Size=32, Default__Enemy1_AttackAnimation_C Function /Game/PLASMA/Character/Enemy/Enemy1/BP/AI_BP/Enemy1_AttackAnimation.Enemy1_AttackAnimation_C:ExecuteUbergraph_Enemy1_AttackAnimation
[2018.05.19-17.22.22:815][  0]LogUObjectGlobals: Created PersistentFrame Addr=0x000000004ffebf60, Size=32, Default__Enemy1_ClearFocus_C Function /Game/PLASMA/Character/Enemy/Enemy1/BP/AI_BP/Enemy1_ClearFocus.Enemy1_ClearFocus_C:ExecuteUbergraph_Enemy1_ClearFocus
[2018.05.19-17.22.22:816][  0]LogUObjectGlobals: Created PersistentFrame Addr=0x00000000501bf218, Size=40, Default__Enemy1_GetPlayerLocation_C Function /Game/PLASMA/Character/Enemy/Enemy1/BP/AI_BP/Enemy1_GetPlayerLocation.Enemy1_GetPlayerLocation_C:ExecuteUbergraph_Enemy1_GetPlayerLocation
[2018.05.19-17.22.22:816][  0]LogUObjectGlobals: Created PersistentFrame Addr=0x0000000050021e88, Size=56, Default__Enemy1_GetRoamLocation_C Function /Game/PLASMA/Character/Enemy/Enemy1/BP/AI_BP/Enemy1_GetRoamLocation.Enemy1_GetRoamLocation_C:ExecuteUbergraph_Enemy1_GetRoamLocation
[2018.05.19-17.22.22:817][  0]LogUObjectGlobals: Created PersistentFrame Addr=0x000000004ffbea20, Size=112, Default__Enemy1_GotoLastLocation_C Function /Game/PLASMA/Character/Enemy/Enemy1/BP/AI_BP/Enemy1_GotoLastLocation.Enemy1_GotoLastLocation_C:ExecuteUbergraph_Enemy1_GotoLastLocation
[2018.05.19-17.22.22:818][  0]LogUObjectGlobals: Created PersistentFrame Addr=0x000000004ffb7040, Size=112, Default__Enemy1_MoveSmoothly_C Function /Game/PLASMA/Character/Enemy/Enemy1/BP/AI_BP/Enemy1_MoveSmoothly.Enemy1_MoveSmoothly_C:ExecuteUbergraph_Enemy1_MoveSmoothly
[2018.05.19-17.22.22:819][  0]LogUObjectGlobals: Created PersistentFrame Addr=0x000000004ffab7c0, Size=192, Default__Enemy1_PC_C Function /Game/PLASMA/Character/Enemy/Enemy1/BP/AI_BP/Enemy1_PC.Enemy1_PC_C:ExecuteUbergraph_Enemy1_PC
[2018.05.19-17.22.22:819][  0]LogUObjectGlobals: Created PersistentFrame Addr=0x00000000501beed0, Size=40, Default__Enemy1_SetPlayerFocus_C Function /Game/PLASMA/Character/Enemy/Enemy1/BP/AI_BP/Enemy1_SetPlayerFocus.Enemy1_SetPlayerFocus_C:ExecuteUbergraph_Enemy1_SetPlayerFocus
[2018.05.19-17.22.22:975][  0]LogUObjectGlobals: Created PersistentFrame Addr=0x00000000501bfa60, Size=40, Default__Plasma_C Function /Game/Plasma.Plasma_C:ExecuteUbergraph_Plasma
[2018.05.19-17.22.22:977][  0]LogUObjectGlobals: Destroyed PersistentFrame Addr=0x00000000501bfa60, Size=40
[2018.05.19-17.22.22:978][  0]LogUObjectGlobals: Created PersistentFrame Addr=0x00000000501bfa60, Size=40, Default__Plasma_C Function /Engine/Transient.REINST_Plasma_C_42:ExecuteUbergraph_Plasma
[2018.05.19-17.22.22:979][  0]LogUObjectGlobals: Created PersistentFrame Addr=0x00000000501bdd78, Size=40, Default__Plasma_C Function /Game/Plasma.Plasma_C:ExecuteUbergraph_Plasma
[2018.05.19-17.22.23:608][  0]LogUObjectGlobals: Created PersistentFrame Addr=0x00000000296b8b30, Size=16, Default__Stage1_C Function /Game/level/Stage1.Stage1_C:ExecuteUbergraph_Stage1
[2018.05.19-17.22.23:610][  0]LogUObjectGlobals: Destroyed PersistentFrame Addr=0x00000000296b8b30, Size=16
[2018.05.19-17.22.23:610][  0]LogUObjectGlobals: Created PersistentFrame Addr=0x00000000296b8b30, Size=16, Default__Stage1_C Function /Engine/Transient.REINST_Stage1_C_47:ExecuteUbergraph_Stage1
[2018.05.19-17.22.23:612][  0]LogUObjectGlobals: Created PersistentFrame Addr=0x00000000296b8600, Size=16, Default__Stage1_C Function /Game/level/Stage1.Stage1_C:ExecuteUbergraph_Stage1
[2018.05.19-17.22.24:636][  0]LogSkeletalMesh: Skeletal Mesh found in DDC [9.431424ms] /Game/PLASMA/Weapon/HandGun/Plasma_HandGun_.Plasma_HandGun_
[2018.05.19-17.22.25:096][  0]LogSkeletalMesh: Skeletal Mesh found in DDC [104.667999ms] /Game/PLASMA/Weapon/Rifle/Plasma_Riflefix.Plasma_Riflefix
[2018.05.19-17.22.25:543][  0]LogSkeletalMesh: Skeletal Mesh found in DDC [9.657223ms] /Game/PLASMA/Weapon/Shotgun/Minishotgun.Minishotgun
[2018.05.19-17.22.27:345][  0]LogSkeletalMesh: Skeletal Mesh found in DDC [17.088631ms] /Game/PLASMA/Character/Main/Mesh/MainChar.MainChar
[2018.05.19-17.22.27:721][  0]LogSkeletalMesh: Skeletal Mesh found in DDC [19.549122ms] /Game/PLASMA/Character/Enemy/Enemy1/Mesh/Enemy1.Enemy1
[2018.05.19-17.22.29:132][  0]LogAIModule: Creating AISystem for world Stage1
[2018.05.19-17.22.29:192][  0]LogEditorServer: Finished looking for orphan Actors (0.000 secs)
[2018.05.19-17.22.29:219][  0]LogUObjectGlobals: Destroyed PersistentFrame Addr=0x000000002a24d600, Size=1360
[2018.05.19-17.22.29:219][  0]LogUObjectGlobals: Destroyed PersistentFrame Addr=0x000000002a257e80, Size=64
[2018.05.19-17.22.29:219][  0]LogUObjectGlobals: Destroyed PersistentFrame Addr=0x000000002a286640, Size=32
[2018.05.19-17.22.29:219][  0]LogUObjectGlobals: Destroyed PersistentFrame Addr=0x000000002a267d30, Size=72
[2018.05.19-17.22.29:219][  0]LogUObjectGlobals: Destroyed PersistentFrame Addr=0x000000002a267a10, Size=80
[2018.05.19-17.22.29:219][  0]LogUObjectGlobals: Destroyed PersistentFrame Addr=0x000000002a267880, Size=80
[2018.05.19-17.22.29:219][  0]LogUObjectGlobals: Destroyed PersistentFrame Addr=0x000000002a2676f0, Size=80
[2018.05.19-17.22.29:219][  0]LogUObjectGlobals: Destroyed PersistentFrame Addr=0x0000000029b5dd00, Size=272
[2018.05.19-17.22.29:219][  0]LogUObjectGlobals: Destroyed PersistentFrame Addr=0x000000002a347dd0, Size=56
[2018.05.19-17.22.29:219][  0]LogUObjectGlobals: Destroyed PersistentFrame Addr=0x00000000296acb80, Size=192
[2018.05.19-17.22.29:219][  0]LogUObjectGlobals: Destroyed PersistentFrame Addr=0x000000002a286460, Size=32
[2018.05.19-17.22.29:219][  0]LogUObjectGlobals: Destroyed PersistentFrame Addr=0x000000002a2863e0, Size=32
[2018.05.19-17.22.29:219][  0]LogUObjectGlobals: Destroyed PersistentFrame Addr=0x0000000029852cc8, Size=40
[2018.05.19-17.22.29:219][  0]LogUObjectGlobals: Destroyed PersistentFrame Addr=0x000000002a347d60, Size=56
[2018.05.19-17.22.29:219][  0]LogUObjectGlobals: Destroyed PersistentFrame Addr=0x000000002a2b5b40, Size=112
[2018.05.19-17.22.29:219][  0]LogUObjectGlobals: Destroyed PersistentFrame Addr=0x000000002a2b58a0, Size=112
[2018.05.19-17.22.29:219][  0]LogUObjectGlobals: Destroyed PersistentFrame Addr=0x00000000298527a0, Size=40
[2018.05.19-17.22.29:219][  0]LogUObjectGlobals: Destroyed PersistentFrame Addr=0x00000000501bfa60, Size=40
[2018.05.19-17.22.29:219][  0]LogUObjectGlobals: Destroyed PersistentFrame Addr=0x00000000296b8b30, Size=16
[2018.05.19-17.22.29:221][  0]Cmd: MAP CHECKDEP NOCLEARLOG
[2018.05.19-17.22.29:282][  0]MapCheck: Map check complete: 0 Error(s), 0 Warning(s), took 61.064ms to complete.
[2018.05.19-17.22.29:282][  0]LogFileHelpers: Loading map 'Stage1' took 8.257
[2018.05.19-17.22.29:409][  0]LogCollectionManager: Loaded 0 collections in 0.003049 seconds
[2018.05.19-17.22.29:441][  0]LogFileCache: Scanning file cache for directory 'C:/Users/NIVELLEMENDIOLA-PC/Documents/GitHub/prototype/Saved/Collections/' took 0.01s
[2018.05.19-17.22.29:441][  0]LogFileCache: Scanning file cache for directory 'C:/Users/NIVELLEMENDIOLA-PC/Documents/GitHub/prototype/Content/Developers/NIVELLEMENDIOLAPC/Collections/' took 0.01s
[2018.05.19-17.22.29:441][  0]LogFileCache: Scanning file cache for directory 'C:/Users/NIVELLEMENDIOLA-PC/Documents/GitHub/prototype/Content/Collections/' took 0.00s
[2018.05.19-17.22.29:441][  0]LogCollectionManager: Rebuilt the GUID cache for 0 collections in 0.000000 seconds
[2018.05.19-17.22.29:453][  0]LogContentBrowser: Native class hierarchy populated in 0.0120 seconds. Added 2475 classes and 569 folders.
[2018.05.19-17.22.29:461][  0]LogContentBrowser: Native class hierarchy updated for 'WidgetCarousel' in 0.0004 seconds. Added 0 classes and 0 folders.
[2018.05.19-17.22.29:499][  0]LogContentBrowser: Native class hierarchy updated for 'AddContentDialog' in 0.0003 seconds. Added 0 classes and 0 folders.
[2018.05.19-17.22.29:504][  0]LogContentBrowser: Native class hierarchy updated for 'SceneOutliner' in 0.0003 seconds. Added 1 classes and 2 folders.
[2018.05.19-17.22.29:600][  0]LogSlate: Took 0.000144 seconds to synchronously load lazily loaded font '../../../Engine/Content/Slate/Fonts/Roboto-Regular.ttf' (155K)
[2018.05.19-17.22.29:601][  0]LogSlate: Took 0.000113 seconds to synchronously load lazily loaded font '../../../Engine/Content/Slate/Fonts/Roboto-Bold.ttf' (160K)
[2018.05.19-17.22.29:606][  0]LogSlate: Took 0.000116 seconds to synchronously load lazily loaded font '../../../Engine/Content/Editor/Slate/Fonts/FontAwesome.ttf' (139K)
[2018.05.19-17.22.29:697][  0]LogRenderer: Reallocating scene render targets to support 824x432 Format 10 NumSamples 1 (Frame:1).
[2018.05.19-17.22.29:759][  0]LogSlate: Took 0.000131 seconds to synchronously load lazily loaded font '../../../Engine/Content/Slate/Fonts/Roboto-Light.ttf' (167K)
[2018.05.19-17.22.29:837][  0]LogContentBrowser: Native class hierarchy updated for 'HierarchicalLODOutliner' in 0.0002 seconds. Added 0 classes and 0 folders.
[2018.05.19-17.22.29:837][  0]LogLoad: (Engine Initialization) Total time: 17.22 seconds
[2018.05.19-17.22.29:837][  0]LogLoad: (Engine Initialization) Total Blueprint compile time: 0.00 seconds
[2018.05.19-17.22.30:232][  0]LogContentStreaming: Texture pool size now 1000 MB
[2018.05.19-17.22.30:288][  1]LogSubstanceLiveLink: Warning: Unable to send data along socket, closing connection
[2018.05.19-17.22.30:871][  2]LogAssetRegistry: Asset discovery search completed in 14.3888 seconds
[2018.05.19-17.22.30:873][  2]LogCollectionManager: Rebuilt the object cache for 0 collections in 0.000001 seconds (found 0 objects)
[2018.05.19-17.22.30:874][  2]LogCollectionManager: Fixed up redirectors for 0 collections in 0.000061 seconds (updated 0 objects)
[2018.05.19-17.22.38:532][ 25]LogSlate: FSceneViewport::OnFocusLost() reason 2
[2018.05.19-17.22.47:576][771]LogSlate: Window 'Source Control Login' being destroyed
[2018.05.19-17.22.55:260][178]SourceControl: fatal: C:/Program Files/Epic Games/UE_4.19/Engine/Content: 'C:/Program Files/Epic Games/UE_4.19/Engine/Content' is outside repository
[2018.05.19-17.22.55:351][178]EditorErrors: Warning: No assets to check in!
[2018.05.19-17.27.29:111][830]LogSlate: Window 'prototype - Unreal Editor' being destroyed
[2018.05.19-17.27.29:461][831]Cmd: QUIT_EDITOR
[2018.05.19-17.27.29:786][831]LogSlate: Slate User Destroyed.  User Index 0, Is Virtual User: 0
[2018.05.19-17.27.29:786][831]LogExit: Preparing to exit.
[2018.05.19-17.27.32:977][831]LogDirectoryWatcher: A directory notification for 'C:/Users/NIVELLEMENDIOLA-PC/Documents/GitHub/prototype/Content/' was aborted.
[2018.05.19-17.27.33:433][831]LogExit: Editor shut down
[2018.05.19-17.27.33:437][831]LogExit: Transaction tracking system shut down
[2018.05.19-17.27.33:439][831]LogUObjectGlobals: Destroyed PersistentFrame Addr=0x00000000501a05e0, Size=72
[2018.05.19-17.27.33:439][831]LogUObjectGlobals: Destroyed PersistentFrame Addr=0x00000000501ae300, Size=64
[2018.05.19-17.27.33:439][831]LogUObjectGlobals: Destroyed PersistentFrame Addr=0x000000005013f100, Size=80
[2018.05.19-17.27.33:439][831]LogUObjectGlobals: Destroyed PersistentFrame Addr=0x000000005013eca0, Size=80
[2018.05.19-17.27.33:439][831]LogUObjectGlobals: Destroyed PersistentFrame Addr=0x000000005013e840, Size=80
[2018.05.19-17.27.33:439][831]LogUObjectGlobals: Destroyed PersistentFrame Addr=0x0000000050190d80, Size=32
[2018.05.19-17.27.33:439][831]LogUObjectGlobals: Destroyed PersistentFrame Addr=0x0000000050155cc8, Size=56
[2018.05.19-17.27.33:439][831]LogUObjectGlobals: Destroyed PersistentFrame Addr=0x00000000500d7200, Size=1360
[2018.05.19-17.27.33:439][831]LogUObjectGlobals: Destroyed PersistentFrame Addr=0x0000000029fb8900, Size=272
[2018.05.19-17.27.33:439][831]LogUObjectGlobals: Destroyed PersistentFrame Addr=0x00000000500e01e0, Size=32
[2018.05.19-17.27.33:439][831]LogUObjectGlobals: Destroyed PersistentFrame Addr=0x000000004ffebf60, Size=32
[2018.05.19-17.27.33:439][831]LogUObjectGlobals: Destroyed PersistentFrame Addr=0x00000000501bf218, Size=40
[2018.05.19-17.27.33:439][831]LogUObjectGlobals: Destroyed PersistentFrame Addr=0x0000000050021e88, Size=56
[2018.05.19-17.27.33:439][831]LogUObjectGlobals: Destroyed PersistentFrame Addr=0x000000004ffbea20, Size=112
[2018.05.19-17.27.33:439][831]LogUObjectGlobals: Destroyed PersistentFrame Addr=0x000000004ffb7040, Size=112
[2018.05.19-17.27.33:439][831]LogUObjectGlobals: Destroyed PersistentFrame Addr=0x000000004ffab7c0, Size=192
[2018.05.19-17.27.33:439][831]LogUObjectGlobals: Destroyed PersistentFrame Addr=0x00000000501beed0, Size=40
[2018.05.19-17.27.33:439][831]LogUObjectGlobals: Destroyed PersistentFrame Addr=0x00000000501bdd78, Size=40
[2018.05.19-17.27.33:442][831]LogUObjectGlobals: Destroyed PersistentFrame Addr=0x00000000296b8600, Size=16
[2018.05.19-17.27.33:573][831]LogDirectoryWatcher: A directory notification for '../../../Engine/Content/' was aborted.
[2018.05.19-17.27.33:573][831]LogDirectoryWatcher: A directory notification for '../../../../../../Users/NIVELLEMENDIOLA-PC/Documents/GitHub/prototype/Content/' was aborted.
[2018.05.19-17.27.33:573][831]LogDirectoryWatcher: A directory notification for '../../Plugins/2D/Paper2D/Content/' was aborted.
[2018.05.19-17.27.33:573][831]LogDirectoryWatcher: A directory notification for '../../Plugins/Enterprise/DatasmithContent/Content/' was aborted.
[2018.05.19-17.27.33:573][831]LogDirectoryWatcher: A directory notification for '../../Plugins/Media/MediaCompositing/Content/' was aborted.
[2018.05.19-17.27.33:573][831]LogDirectoryWatcher: A directory notification for '../../Plugins/Runtime/AppleARKit/Content/' was aborted.
[2018.05.19-17.27.33:573][831]LogDirectoryWatcher: A directory notification for '../../Plugins/Runtime/Oculus/OculusVR/Content/' was aborted.
[2018.05.19-17.27.33:573][831]LogDirectoryWatcher: A directory notification for '../../Plugins/Runtime/Steam/SteamVR/Content/' was aborted.
[2018.05.19-17.27.33:883][831]LogExit: Object subsystem successfully closed.
[2018.05.19-17.27.33:942][831]LogShaderCompilers: Display: Shaders left to compile 0
[2018.05.19-17.27.33:952][831]LogD3D11RHI: Shutdown
[2018.05.19-17.27.33:952][831]LogD3D11RHI: CleanupD3DDevice
[2018.05.19-17.27.33:956][831]LogD3D11RHI: ~FD3D11DynamicRHI
[2018.05.19-17.27.34:083][831]LogModuleManager: Shutting down and abandoning module HierarchicalLODOutliner (586)
[2018.05.19-17.27.34:083][831]LogModuleManager: Shutting down and abandoning module SceneOutliner (584)
[2018.05.19-17.27.34:083][831]LogModuleManager: Shutting down and abandoning module AddContentDialog (582)
[2018.05.19-17.27.34:084][831]LogDirectoryWatcher: A directory notification for 'C:/Program Files/Epic Games/UE_4.19/FeaturePacks/' was aborted.
[2018.05.19-17.27.34:087][831]LogModuleManager: Shutting down and abandoning module WidgetCarousel (581)
[2018.05.19-17.27.34:087][831]LogModuleManager: Shutting down and abandoning module EditorWidgets (578)
[2018.05.19-17.27.34:087][831]LogModuleManager: Shutting down and abandoning module CollectionManager (576)
[2018.05.19-17.27.34:088][831]LogDirectoryWatcher: A directory notification for 'C:/Users/NIVELLEMENDIOLA-PC/Documents/GitHub/prototype/Content/Collections/' was aborted.
[2018.05.19-17.27.34:088][831]LogDirectoryWatcher: A directory notification for 'C:/Users/NIVELLEMENDIOLA-PC/Documents/GitHub/prototype/Content/Developers/NIVELLEMENDIOLAPC/Collections/' was aborted.
[2018.05.19-17.27.34:088][831]LogDirectoryWatcher: A directory notification for 'C:/Users/NIVELLEMENDIOLA-PC/Documents/GitHub/prototype/Saved/Collections/' was aborted.
[2018.05.19-17.27.34:088][831]LogModuleManager: Shutting down and abandoning module StatsViewer (574)
[2018.05.19-17.27.34:088][831]LogModuleManager: Shutting down and abandoning module FoliageEdit (572)
[2018.05.19-17.27.34:088][831]LogModuleManager: Shutting down and abandoning module LandscapeEditor (570)
[2018.05.19-17.27.34:089][831]LogModuleManager: Shutting down and abandoning module MeshPaintMode (568)
[2018.05.19-17.27.34:089][831]LogModuleManager: Shutting down and abandoning module SceneDepthPickerMode (566)
[2018.05.19-17.27.34:089][831]LogModuleManager: Shutting down and abandoning module ActorPickerMode (564)
[2018.05.19-17.27.34:089][831]LogModuleManager: Shutting down and abandoning module GeometryMode (562)
[2018.05.19-17.27.34:089][831]LogModuleManager: Shutting down and abandoning module TextureAlignMode (560)
[2018.05.19-17.27.34:089][831]LogModuleManager: Shutting down and abandoning module BspMode (558)
[2018.05.19-17.27.34:089][831]LogModuleManager: Shutting down and abandoning module PIEPreviewDeviceProfileSelector (556)
[2018.05.19-17.27.34:089][831]LogModuleManager: Shutting down and abandoning module HardwareSurvey (554)
[2018.05.19-17.27.34:089][831]LogModuleManager: Shutting down and abandoning module SequenceRecorderSections (552)
[2018.05.19-17.27.34:089][831]LogModuleManager: Shutting down and abandoning module AutomationWorker (550)
[2018.05.19-17.27.34:089][831]LogModuleManager: Shutting down and abandoning module AudioCaptureEditor (548)
[2018.05.19-17.27.34:089][831]LogModuleManager: Shutting down and abandoning module SequenceRecorder (547)
[2018.05.19-17.27.34:090][831]LogModuleManager: Shutting down and abandoning module MatineeToLevelSequence (544)
[2018.05.19-17.27.34:090][831]LogModuleManager: Shutting down and abandoning module LevelSequenceEditor (542)
[2018.05.19-17.27.34:090][831]LogModuleManager: Shutting down and abandoning module PlacementMode (541)
[2018.05.19-17.27.34:090][831]LogModuleManager: Shutting down and abandoning module MaterialEditor (540)
[2018.05.19-17.27.34:090][831]LogModuleManager: Shutting down and abandoning module WmfMediaFactory (536)
[2018.05.19-17.27.34:090][831]LogModuleManager: Shutting down and abandoning module WmfMediaEditor (534)
[2018.05.19-17.27.34:090][831]LogModuleManager: Shutting down and abandoning module MediaPlayerEditor (532)
[2018.05.19-17.27.34:090][831]LogModuleManager: Shutting down and abandoning module OpenExrWrapper (530)
[2018.05.19-17.27.34:091][831]LogModuleManager: Shutting down and abandoning module ImgMediaFactory (528)
[2018.05.19-17.27.34:091][831]LogModuleManager: Shutting down and abandoning module ImgMediaEditor (526)
[2018.05.19-17.27.34:091][831]LogModuleManager: Shutting down and abandoning module AvfMediaFactory (524)
[2018.05.19-17.27.34:091][831]LogModuleManager: Shutting down and abandoning module AvfMediaEditor (522)
[2018.05.19-17.27.34:091][831]LogModuleManager: Shutting down and abandoning module AndroidMediaFactory (520)
[2018.05.19-17.27.34:091][831]LogModuleManager: Shutting down and abandoning module AndroidMediaEditor (518)
[2018.05.19-17.27.34:091][831]LogModuleManager: Shutting down and abandoning module CharacterAI (516)
[2018.05.19-17.27.34:091][831]LogModuleManager: Shutting down and abandoning module SmartSnapping (514)
[2018.05.19-17.27.34:091][831]LogModuleManager: Shutting down and abandoning module SessionServices (512)
[2018.05.19-17.27.34:091][831]LogModuleManager: Shutting down and abandoning module ViewportSnapping (510)
[2018.05.19-17.27.34:091][831]LogModuleManager: Shutting down and abandoning module ViewportInteraction (508)
[2018.05.19-17.27.34:091][831]LogModuleManager: Shutting down and abandoning module ClothPainter (506)
[2018.05.19-17.27.34:091][831]LogModuleManager: Shutting down and abandoning module SkeletalMeshEditor (505)
[2018.05.19-17.27.34:091][831]LogModuleManager: Shutting down and abandoning module LogVisualizer (502)
[2018.05.19-17.27.34:092][831]LogModuleManager: Shutting down and abandoning module IntroTutorials (500)
[2018.05.19-17.27.34:092][831]LogModuleManager: Shutting down and abandoning module GameProjectGeneration (499)
[2018.05.19-17.27.34:092][831]LogModuleManager: Shutting down and abandoning module IOSPlatformEditor (496)
[2018.05.19-17.27.34:092][831]LogModuleManager: Shutting down and abandoning module HTML5PlatformEditor (494)
[2018.05.19-17.27.34:092][831]LogModuleManager: Shutting down and abandoning module AndroidPlatformEditor (492)
[2018.05.19-17.27.34:092][831]LogModuleManager: Shutting down and abandoning module AndroidDeviceDetection (491)
[2018.05.19-17.27.34:640][831]LogModuleManager: Shutting down and abandoning module WindowsPlatformEditor (488)
[2018.05.19-17.27.34:640][831]LogModuleManager: Shutting down and abandoning module IOSRuntimeSettings (486)
[2018.05.19-17.27.34:640][831]LogModuleManager: Shutting down and abandoning module AndroidRuntimeSettings (484)
[2018.05.19-17.27.34:640][831]LogModuleManager: Shutting down and abandoning module InputBindingEditor (482)
[2018.05.19-17.27.34:640][831]LogModuleManager: Shutting down and abandoning module MergeActors (480)
[2018.05.19-17.27.34:641][831]LogModuleManager: Shutting down and abandoning module LocalizationDashboard (478)
[2018.05.19-17.27.34:641][831]LogModuleManager: Shutting down and abandoning module LocalizationService (477)
[2018.05.19-17.27.34:641][831]LogModuleManager: Shutting down and abandoning module HardwareTargeting (474)
[2018.05.19-17.27.34:641][831]LogModuleManager: Shutting down and abandoning module DeviceProfileEditor (472)
[2018.05.19-17.27.34:641][831]LogModuleManager: Shutting down and abandoning module UndoHistory (470)
[2018.05.19-17.27.34:641][831]LogModuleManager: Shutting down and abandoning module XmlParser (468)
[2018.05.19-17.27.34:641][831]LogModuleManager: Shutting down and abandoning module Blutility (466)
[2018.05.19-17.27.34:641][831]LogModuleManager: Shutting down and abandoning module ProjectSettingsViewer (464)
[2018.05.19-17.27.34:641][831]LogModuleManager: Shutting down and abandoning module ProjectTargetPlatformEditor (463)
[2018.05.19-17.27.34:641][831]LogModuleManager: Shutting down and abandoning module EditorSettingsViewer (460)
[2018.05.19-17.27.34:641][831]LogModuleManager: Shutting down and abandoning module SettingsEditor (458)
[2018.05.19-17.27.34:641][831]LogModuleManager: Shutting down and abandoning module ProjectLauncher (456)
[2018.05.19-17.27.34:641][831]LogModuleManager: Shutting down and abandoning module SessionFrontend (454)
[2018.05.19-17.27.34:641][831]LogModuleManager: Shutting down and abandoning module ProfilerClient (452)
[2018.05.19-17.27.34:641][831]LogModuleManager: Shutting down and abandoning module DeviceManager (450)
[2018.05.19-17.27.34:641][831]LogModuleManager: Shutting down and abandoning module TargetDeviceServices (449)
[2018.05.19-17.27.34:682][831]LogModuleManager: Shutting down and abandoning module AutomationController (446)
[2018.05.19-17.27.34:682][831]LogModuleManager: Shutting down and abandoning module AutomationWindow (444)
[2018.05.19-17.27.34:682][831]LogModuleManager: Shutting down and abandoning module Layers (442)
[2018.05.19-17.27.34:682][831]LogModuleManager: Shutting down and abandoning module ComponentVisualizers (440)
[2018.05.19-17.27.34:682][831]LogModuleManager: Shutting down and abandoning module DetailCustomizations (438)
[2018.05.19-17.27.34:682][831]LogModuleManager: Shutting down and abandoning module PackagesDialog (436)
[2018.05.19-17.27.34:682][831]LogModuleManager: Shutting down and abandoning module Persona (434)
[2018.05.19-17.27.34:682][831]LogModuleManager: Shutting down and abandoning module AdvancedPreviewScene (433)
[2018.05.19-17.27.34:682][831]LogModuleManager: Shutting down and abandoning module AnimGraph (431)
[2018.05.19-17.27.34:682][831]LogModuleManager: Shutting down and abandoning module Kismet (428)
[2018.05.19-17.27.34:683][831]LogModuleManager: Shutting down and abandoning module GraphEditor (426)
[2018.05.19-17.27.34:683][831]LogModuleManager: Shutting down and abandoning module ClassViewer (424)
[2018.05.19-17.27.34:683][831]LogModuleManager: Shutting down and abandoning module Toolbox (422)
[2018.05.19-17.27.34:683][831]LogModuleManager: Shutting down and abandoning module ModuleUI (420)
[2018.05.19-17.27.34:683][831]LogModuleManager: Shutting down and abandoning module MovieSceneTools (418)
[2018.05.19-17.27.34:683][831]LogModuleManager: Shutting down and abandoning module OutputLog (416)
[2018.05.19-17.27.34:683][831]LogModuleManager: Shutting down and abandoning module GammaUI (414)
[2018.05.19-17.27.34:683][831]LogModuleManager: Shutting down and abandoning module Documentation (412)
[2018.05.19-17.27.34:683][831]LogModuleManager: Shutting down and abandoning module MovieSceneTracks (410)
[2018.05.19-17.27.34:683][831]LogModuleManager: Shutting down and abandoning module MovieScene (408)
[2018.05.19-17.27.34:683][831]LogModuleManager: Shutting down and abandoning module StreamingPauseRendering (406)
[2018.05.19-17.27.34:683][831]LogModuleManager: Shutting down and abandoning module LauncherPlatform (404)
[2018.05.19-17.27.34:683][831]LogModuleManager: Shutting down and abandoning module AnalyticsET (402)
[2018.05.19-17.27.34:683][831]LogModuleManager: Shutting down and abandoning module PortalServices (400)
[2018.05.19-17.27.34:683][831]LogModuleManager: Shutting down and abandoning module PortalRpc (398)
[2018.05.19-17.27.34:683][831]LogModuleManager: Shutting down and abandoning module MessagingRpc (396)
[2018.05.19-17.27.34:683][831]LogModuleManager: Shutting down and abandoning module AIModule (394)
[2018.05.19-17.27.34:683][831]LogModuleManager: Shutting down and abandoning module GameplayDebugger (393)
[2018.05.19-17.27.34:683][831]LogModuleManager: Shutting down and abandoning module AITestSuite (391)
[2018.05.19-17.27.34:683][831]LogModuleManager: Shutting down and abandoning module DesktopPlatform (388)
[2018.05.19-17.27.34:683][831]LogModuleManager: Shutting down and abandoning module ProfilerService (386)
[2018.05.19-17.27.34:843][831]LogModuleManager: Shutting down and abandoning module TaskGraph (384)
[2018.05.19-17.27.34:844][831]LogModuleManager: Shutting down and abandoning module SubstanceLiveLink (382)
[2018.05.19-17.27.34:902][831]LogModuleManager: Shutting down and abandoning module SubstanceSource (380)
[2018.05.19-17.27.34:994][831]LogModuleManager: Shutting down and abandoning module SubstanceEditor (378)
[2018.05.19-17.27.35:106][831]LogModuleManager: Shutting down and abandoning module SteamVRController (376)
[2018.05.19-17.27.35:106][831]LogModuleManager: Shutting down and abandoning module ProceduralMeshComponentEditor (374)
[2018.05.19-17.27.35:106][831]LogModuleManager: Shutting down and abandoning module ProceduralMeshComponent (372)
[2018.05.19-17.27.35:106][831]LogModuleManager: Shutting down and abandoning module OculusInput (370)
[2018.05.19-17.27.35:106][831]LogModuleManager: Shutting down and abandoning module MobilePatchingUtils (368)
[2018.05.19-17.27.35:106][831]LogModuleManager: Shutting down and abandoning module CustomMeshComponent (366)
[2018.05.19-17.27.35:106][831]LogModuleManager: Shutting down and abandoning module CableComponent (364)
[2018.05.19-17.27.35:106][831]LogModuleManager: Shutting down and abandoning module AudioCapture (362)
[2018.05.19-17.27.35:106][831]LogModuleManager: Shutting down and abandoning module ArchVisCharacter (360)
[2018.05.19-17.27.35:106][831]LogModuleManager: Shutting down and abandoning module AndroidPermission (358)
[2018.05.19-17.27.35:106][831]LogModuleManager: Shutting down and abandoning module NUTUnrealEngine4 (354)
[2018.05.19-17.27.35:106][831]LogModuleManager: Shutting down and abandoning module NetcodeUnitTest (352)
[2018.05.19-17.27.35:107][831]LogModuleManager: Shutting down and abandoning module MediaCompositingEditor (350)
[2018.05.19-17.27.35:107][831]LogModuleManager: Shutting down and abandoning module MediaCompositing (348)
[2018.05.19-17.27.35:107][831]LogModuleManager: Shutting down and abandoning module LinearTimecode (346)
[2018.05.19-17.27.35:107][831]LogModuleManager: Shutting down and abandoning module ImgMedia (344)
[2018.05.19-17.27.35:123][831]LogModuleManager: Shutting down and abandoning module HTML5Networking (342)
[2018.05.19-17.27.35:123][831]LogModuleManager: Shutting down and abandoning module AlembicImporter (340)
[2018.05.19-17.27.35:123][831]LogModuleManager: Shutting down and abandoning module AlembicLibrary (339)
[2018.05.19-17.27.35:123][831]LogModuleManager: Shutting down and abandoning module GeometryCache (338)
[2018.05.19-17.27.35:123][831]LogModuleManager: Shutting down and abandoning module GeometryCacheEd (337)
[2018.05.19-17.27.35:123][831]LogModuleManager: Shutting down and abandoning module DatasmithContent (332)
[2018.05.19-17.27.35:123][831]LogModuleManager: Shutting down and abandoning module SpeedTreeImporter (330)
[2018.05.19-17.27.35:123][831]LogModuleManager: Shutting down and abandoning module PluginBrowser (328)
[2018.05.19-17.27.35:123][831]LogModuleManager: Shutting down and abandoning module MobileLauncherProfileWizard (326)
[2018.05.19-17.27.35:123][831]LogModuleManager: Shutting down and abandoning module CryptoKeysOpenSSL (324)
[2018.05.19-17.27.35:123][831]LogModuleManager: Shutting down and abandoning module CryptoKeys (322)
[2018.05.19-17.27.35:123][831]LogModuleManager: Shutting down and abandoning module VisualStudioSourceCodeAccess (320)
[2018.05.19-17.27.35:124][831]LogModuleManager: Shutting down and abandoning module VisualStudioCodeSourceCodeAccess (318)
[2018.05.19-17.27.35:124][831]LogModuleManager: Shutting down and abandoning module UObjectPlugin (316)
[2018.05.19-17.27.35:124][831]LogModuleManager: Shutting down and abandoning module SubversionSourceControl (314)
[2018.05.19-17.27.35:124][831]LogModuleManager: Shutting down and abandoning module PerforceSourceControl (312)
[2018.05.19-17.27.35:124][831]LogModuleManager: Shutting down and abandoning module GitSourceControl (310)
[2018.05.19-17.27.35:124][831]LogModuleManager: Shutting down and abandoning module SourceControl (309)
[2018.05.19-17.27.35:124][831]LogModuleManager: Shutting down and abandoning module CLionSourceCodeAccess (306)
[2018.05.19-17.27.35:124][831]LogModuleManager: Shutting down and abandoning module LightPropagationVolumeEditor (304)
[2018.05.19-17.27.35:124][831]LogModuleManager: Shutting down and abandoning module PaperTiledImporter (302)
[2018.05.19-17.27.35:124][831]LogModuleManager: Shutting down and abandoning module PaperSpriteSheetImporter (300)
[2018.05.19-17.27.35:124][831]LogModuleManager: Shutting down and abandoning module Paper2DEditor (298)
[2018.05.19-17.27.35:124][831]LogModuleManager: Shutting down and abandoning module MeshPaint (297)
[2018.05.19-17.27.35:124][831]LogModuleManager: Shutting down and abandoning module RuntimePhysXCooking (294)
[2018.05.19-17.27.35:124][831]LogModuleManager: Shutting down and abandoning module PhysXVehiclesEditor (292)
[2018.05.19-17.27.35:124][831]LogModuleManager: Shutting down and abandoning module PhysXVehicles (290)
[2018.05.19-17.27.35:124][831]LogModuleManager: Shutting down and abandoning module OculusEditor (288)
[2018.05.19-17.27.35:124][831]LogModuleManager: Shutting down and abandoning module LocationServicesBPLibrary (286)
[2018.05.19-17.27.35:124][831]LogModuleManager: Shutting down and abandoning module ImmediatePhysicsEditor (284)
[2018.05.19-17.27.35:124][831]LogModuleManager: Shutting down and abandoning module ImmediatePhysics (282)
[2018.05.19-17.27.35:124][831]LogModuleManager: Shutting down and abandoning module ApexDestructionEditor (280)
[2018.05.19-17.27.35:179][831]LogModuleManager: Shutting down and abandoning module ApexDestruction (278)
[2018.05.19-17.27.35:179][831]LogModuleManager: Shutting down and abandoning module ActorSequence (276)
[2018.05.19-17.27.35:179][831]LogModuleManager: Shutting down and abandoning module UdpMessaging (274)
[2018.05.19-17.27.35:279][831]LogModuleManager: Shutting down and abandoning module TcpMessaging (272)
[2018.05.19-17.27.35:381][831]LogModuleManager: Shutting down and abandoning module SubstanceCore (270)
[2018.05.19-17.27.35:404][831]LogModuleManager: Shutting down and abandoning module GameplayTagsEditor (268)
[2018.05.19-17.27.35:404][831]LogModuleManager: Shutting down and abandoning module FacialAnimationEditor (266)
[2018.05.19-17.27.35:404][831]LogModuleManager: Shutting down and abandoning module FacialAnimation (264)
[2018.05.19-17.27.35:404][831]LogModuleManager: Shutting down and abandoning module DataValidation (262)
[2018.05.19-17.27.35:404][831]LogModuleManager: Shutting down and abandoning module AssetManagerEditor (260)
[2018.05.19-17.27.35:405][831]LogModuleManager: Shutting down and abandoning module LevelEditor (259)
[2018.05.19-17.27.35:405][831]LogModuleManager: Shutting down and abandoning module PixelInspectorModule (258)
[2018.05.19-17.27.35:405][831]LogModuleManager: Shutting down and abandoning module CommonMenuExtensions (256)
[2018.05.19-17.27.35:405][831]LogModuleManager: Shutting down and abandoning module MainFrame (254)
[2018.05.19-17.27.35:405][831]LogModuleManager: Shutting down and abandoning module HotReload (253)
[2018.05.19-17.27.35:406][831]LogModuleManager: Shutting down and abandoning module ContentBrowser (249)
[2018.05.19-17.27.35:407][831]LogModuleManager: Shutting down and abandoning module TreeMap (247)
[2018.05.19-17.27.35:407][831]LogModuleManager: Shutting down and abandoning module LightPropagationVolumeRuntime (244)
[2018.05.19-17.27.35:407][831]LogModuleManager: Shutting down and abandoning module LiveLinkEditor (242)
[2018.05.19-17.27.35:407][831]LogModuleManager: Shutting down and abandoning module LiveLink (240)
[2018.05.19-17.27.35:485][831]LogModuleManager: Shutting down and abandoning module Paper2D (238)
[2018.05.19-17.27.35:486][831]LogModuleManager: Shutting down and abandoning module WindowsMoviePlayer (236)
[2018.05.19-17.27.35:486][831]LogModuleManager: Shutting down and abandoning module WmfMedia (234)
[2018.05.19-17.27.35:487][831]LogModuleManager: Shutting down and abandoning module Media (233)
[2018.05.19-17.27.35:492][831]LogModuleManager: Shutting down and abandoning module PacketHandler (230)
[2018.05.19-17.27.35:492][831]LogModuleManager: Shutting down and abandoning module ClothingSystemEditor (228)
[2018.05.19-17.27.35:492][831]LogModuleManager: Shutting down and abandoning module ClothingSystemRuntime (226)
[2018.05.19-17.27.35:492][831]LogModuleManager: Shutting down and abandoning module MediaAssets (224)
[2018.05.19-17.27.35:493][831]LogModuleManager: Shutting down and abandoning module Overlay (222)
[2018.05.19-17.27.35:493][831]LogModuleManager: Shutting down and abandoning module OverlayEditor (221)
[2018.05.19-17.27.35:493][831]LogModuleManager: Shutting down and abandoning module VREditor (218)
[2018.05.19-17.27.35:493][831]LogModuleManager: Shutting down and abandoning module StringTableEditor (216)
[2018.05.19-17.27.35:493][831]LogModuleManager: Shutting down and abandoning module GameplayTasksEditor (214)
[2018.05.19-17.27.35:493][831]LogModuleManager: Shutting down and abandoning module BehaviorTreeEditor (212)
[2018.05.19-17.27.35:493][831]LogModuleManager: Shutting down and abandoning module FunctionalTesting (210)
[2018.05.19-17.27.35:493][831]LogModuleManager: Shutting down and abandoning module CollisionAnalyzer (208)
[2018.05.19-17.27.35:493][831]LogModuleManager: Shutting down and abandoning module WorkspaceMenuStructure (207)
[2018.05.19-17.27.35:493][831]LogModuleManager: Shutting down and abandoning module UMG (204)
[2018.05.19-17.27.35:493][831]LogModuleManager: Shutting down and abandoning module UMGEditor (203)
[2018.05.19-17.27.35:493][831]LogModuleManager: Shutting down and abandoning module Sequencer (202)
[2018.05.19-17.27.35:493][831]LogModuleManager: Shutting down and abandoning module MessageLog (199)
[2018.05.19-17.27.35:493][831]LogModuleManager: Shutting down and abandoning module SlateReflector (194)
[2018.05.19-17.27.35:494][831]LogModuleManager: Shutting down and abandoning module Slate (192)
[2018.05.19-17.27.35:494][831]LogModuleManager: Shutting down and abandoning module EditorStyle (190)
[2018.05.19-17.27.35:498][831]LogModuleManager: Shutting down and abandoning module MRMesh (188)
[2018.05.19-17.27.35:498][831]LogModuleManager: Shutting down and abandoning module SourceCodeAccess (186)
[2018.05.19-17.27.35:498][831]LogModuleManager: Shutting down and abandoning module HeadMountedDisplay (184)
[2018.05.19-17.27.35:498][831]LogModuleManager: Shutting down and abandoning module XAudio2 (182)
[2018.05.19-17.27.35:498][831]LogModuleManager: Shutting down and abandoning module Networking (180)
[2018.05.19-17.27.35:498][831]LogModuleManager: Shutting down and abandoning module Core (178)
[2018.05.19-17.27.35:498][831]LogModuleManager: Shutting down and abandoning module LevelSequence (176)
[2018.05.19-17.27.35:499][831]LogModuleManager: Shutting down and abandoning module KismetCompiler (174)
[2018.05.19-17.27.35:499][831]LogModuleManager: Shutting down and abandoning module MeshUtilities (172)
[2018.05.19-17.27.35:499][831]LogModuleManager: Shutting down and abandoning module MeshMergeUtilities (171)
[2018.05.19-17.27.35:499][831]LogModuleManager: Shutting down and abandoning module MeshReductionInterface (170)
[2018.05.19-17.27.35:499][831]LogModuleManager: Shutting down and abandoning module SimplygonSwarm (169)
[2018.05.19-17.27.35:499][831]LogModuleManager: Shutting down and abandoning module SimplygonMeshReduction (167)
[2018.05.19-17.27.35:499][831]LogModuleManager: Shutting down and abandoning module QuadricMeshReduction (165)
[2018.05.19-17.27.35:499][831]LogModuleManager: Shutting down and abandoning module MaterialBaking (161)
[2018.05.19-17.27.35:499][831]LogModuleManager: Shutting down and abandoning module DirectoryWatcher (157)
[2018.05.19-17.27.35:502][831]LogModuleManager: Shutting down and abandoning module DerivedDataCache (154)
[2018.05.19-17.27.35:536][831]LogDerivedDataCache: Shutdown
[2018.05.19-17.27.35:537][831]LogModuleManager: Shutting down and abandoning module XGEController (152)
[2018.05.19-17.27.35:537][831]LogXGEController: Cleaning working directory: C:/Users/NIVELLEMENDIOLA-PC/AppData/Local/Temp/UnrealXGEWorkingDir/
[2018.05.19-17.27.35:537][831]LogModuleManager: Shutting down and abandoning module TargetPlatform (150)
[2018.05.19-17.27.35:537][831]LogModuleManager: Shutting down and abandoning module VulkanShaderFormat (149)
[2018.05.19-17.27.35:537][831]LogModuleManager: Shutting down and abandoning module ShaderFormatVectorVM (147)
[2018.05.19-17.27.35:537][831]LogModuleManager: Shutting down and abandoning module ShaderFormatOpenGL (145)
[2018.05.19-17.27.35:537][831]LogModuleManager: Shutting down and abandoning module ShaderFormatD3D (143)
[2018.05.19-17.27.35:537][831]LogModuleManager: Shutting down and abandoning module MetalShaderFormat (141)
[2018.05.19-17.27.35:537][831]LogModuleManager: Shutting down and abandoning module TextureFormatUncompressed (139)
[2018.05.19-17.27.35:537][831]LogModuleManager: Shutting down and abandoning module TextureFormatPVR (137)
[2018.05.19-17.27.35:537][831]LogModuleManager: Shutting down and abandoning module TextureFormatDXT (135)
[2018.05.19-17.27.35:537][831]LogModuleManager: Shutting down and abandoning module TextureFormatIntelISPCTexComp (133)
[2018.05.19-17.27.35:537][831]LogModuleManager: Shutting down and abandoning module TextureFormatASTC (131)
[2018.05.19-17.27.35:538][831]LogModuleManager: Shutting down and abandoning module ImageWrapper (130)
[2018.05.19-17.27.35:538][831]LogModuleManager: Shutting down and abandoning module TextureFormatAndroid (127)
[2018.05.19-17.27.35:538][831]LogModuleManager: Shutting down and abandoning module AudioFormatOpus (125)
[2018.05.19-17.27.35:538][831]LogModuleManager: Shutting down and abandoning module AudioFormatOgg (123)
[2018.05.19-17.27.35:538][831]LogModuleManager: Shutting down and abandoning module AudioFormatADPCM (121)
[2018.05.19-17.27.35:538][831]LogModuleManager: Shutting down and abandoning module LinuxTargetPlatform (119)
[2018.05.19-17.27.35:538][831]LogModuleManager: Shutting down and abandoning module LinuxServerTargetPlatform (117)
[2018.05.19-17.27.35:538][831]LogModuleManager: Shutting down and abandoning module LinuxNoEditorTargetPlatform (115)
[2018.05.19-17.27.35:538][831]LogModuleManager: Shutting down and abandoning module LinuxClientTargetPlatform (113)
[2018.05.19-17.27.35:538][831]LogModuleManager: Shutting down and abandoning module TVOSTargetPlatform (111)
[2018.05.19-17.27.35:538][831]LogModuleManager: Shutting down and abandoning module Messaging (109)
[2018.05.19-17.27.35:538][831]LogModuleManager: Shutting down and abandoning module IOSTargetPlatform (107)
[2018.05.19-17.27.35:538][831]LogModuleManager: Shutting down and abandoning module HTML5TargetPlatform (105)
[2018.05.19-17.27.35:538][831]LogModuleManager: Shutting down and abandoning module AndroidTargetPlatform (103)
[2018.05.19-17.27.35:538][831]LogModuleManager: Shutting down and abandoning module Android_PVRTCTargetPlatform (101)
[2018.05.19-17.27.35:538][831]LogModuleManager: Shutting down and abandoning module Android_MultiTargetPlatform (99)
[2018.05.19-17.27.35:538][831]LogModuleManager: Shutting down and abandoning module Android_ETC2TargetPlatform (97)
[2018.05.19-17.27.35:538][831]LogModuleManager: Shutting down and abandoning module Android_ETC1TargetPlatform (95)
[2018.05.19-17.27.35:538][831]LogModuleManager: Shutting down and abandoning module Android_ETC1aTargetPlatform (93)
[2018.05.19-17.27.35:538][831]LogModuleManager: Shutting down and abandoning module Android_DXTTargetPlatform (91)
[2018.05.19-17.27.35:538][831]LogModuleManager: Shutting down and abandoning module Android_ATCTargetPlatform (89)
[2018.05.19-17.27.35:538][831]LogModuleManager: Shutting down and abandoning module Android_ASTCTargetPlatform (87)
[2018.05.19-17.27.35:538][831]LogModuleManager: Shutting down and abandoning module WindowsTargetPlatform (85)
[2018.05.19-17.27.35:538][831]LogModuleManager: Shutting down and abandoning module WindowsServerTargetPlatform (83)
[2018.05.19-17.27.35:539][831]LogModuleManager: Shutting down and abandoning module WindowsNoEditorTargetPlatform (81)
[2018.05.19-17.27.35:539][831]LogModuleManager: Shutting down and abandoning module WindowsClientTargetPlatform (79)
[2018.05.19-17.27.35:539][831]LogModuleManager: Shutting down and abandoning module MacTargetPlatform (77)
[2018.05.19-17.27.35:539][831]LogModuleManager: Shutting down and abandoning module MacServerTargetPlatform (75)
[2018.05.19-17.27.35:539][831]LogModuleManager: Shutting down and abandoning module MacNoEditorTargetPlatform (73)
[2018.05.19-17.27.35:539][831]LogModuleManager: Shutting down and abandoning module MacClientTargetPlatform (71)
[2018.05.19-17.27.35:539][831]LogModuleManager: Shutting down and abandoning module AllDesktopTargetPlatform (69)
[2018.05.19-17.27.35:539][831]LogModuleManager: Shutting down and abandoning module InputCore (66)
[2018.05.19-17.27.35:539][831]LogModuleManager: Shutting down and abandoning module Settings (64)
[2018.05.19-17.27.35:539][831]LogModuleManager: Shutting down and abandoning module PhysXCooking (62)
[2018.05.19-17.27.35:539][831]LogModuleManager: Shutting down and abandoning module SteamVR (60)
[2018.05.19-17.27.35:539][831]LogModuleManager: Shutting down and abandoning module OculusHMD (58)
[2018.05.19-17.27.35:539][831]LogModuleManager: Shutting down and abandoning module ExampleDeviceProfileSelector (56)
[2018.05.19-17.27.35:539][831]LogModuleManager: Shutting down and abandoning module AppleARKit (54)
[2018.05.19-17.27.35:539][831]LogModuleManager: Shutting down and abandoning module AugmentedReality (51)
[2018.05.19-17.27.35:539][831]LogModuleManager: Shutting down and abandoning module OnlineBlueprintSupport (48)
[2018.05.19-17.27.35:539][831]LogModuleManager: Shutting down and abandoning module OnlineSubsystem (44)
[2018.05.19-17.27.35:539][831]LogModuleManager: Shutting down and abandoning module XMPP (43)
[2018.05.19-17.27.35:539][831]LogModuleManager: Shutting down and abandoning module HTTP (41)
[2018.05.19-17.27.35:539][831]LogHttp: Display: Http module shutting down, but needs to wait on 1 outstanding Http requests:
[2018.05.19-17.27.35:540][831]LogHttp: Display: 	verb=[POST] url=[https://datarouter.ol.epicgames.com/datarouter/api/v1/public/data?SessionID=%7BEA3662CA-45CF-55E4-93EB-9A802B11C538%7D&AppID=UEEditor.Rocket.Release&AppVersion=4.19.2-4033788%2B%2B%2BUE4%2BRelease-4.19&UserID=322bcb974305ba675c8c489b03e15f8a%7Caf9803a384a14a41bf2af80f7039c16d%7C96e3d773-1af5-469c-8b59-925006caf278&AppEnvironment=datacollector-binary&UploadType=eteventstream] status=Processing
[2018.05.19-17.27.35:561][831]LogModuleManager: Shutting down and abandoning module SSL (40)
[2018.05.19-17.27.35:563][831]LogModuleManager: Shutting down and abandoning module AnimationModifiers (36)
[2018.05.19-17.27.35:563][831]LogModuleManager: Shutting down and abandoning module PropertyEditor (35)
[2018.05.19-17.27.35:563][831]LogModuleManager: Shutting down and abandoning module AudioEditor (32)
[2018.05.19-17.27.35:564][831]LogModuleManager: Shutting down and abandoning module TextureCompressor (30)
[2018.05.19-17.27.35:564][831]LogModuleManager: Shutting down and abandoning module ShaderCore (28)
[2018.05.19-17.27.35:564][831]LogModuleManager: Shutting down and abandoning module Landscape (26)
[2018.05.19-17.27.35:564][831]LogModuleManager: Shutting down and abandoning module SlateRHIRenderer (24)
[2018.05.19-17.27.35:568][831]LogModuleManager: Shutting down and abandoning module OpenGLDrv (22)
[2018.05.19-17.27.35:568][831]LogModuleManager: Shutting down and abandoning module D3D11RHI (20)
[2018.05.19-17.27.35:568][831]LogModuleManager: Shutting down and abandoning module AnimGraphRuntime (18)
[2018.05.19-17.27.35:568][831]LogModuleManager: Shutting down and abandoning module Renderer (16)
[2018.05.19-17.27.35:568][831]LogModuleManager: Shutting down and abandoning module Engine (14)
[2018.05.19-17.27.35:568][831]LogModuleManager: Shutting down and abandoning module CoreUObject (12)
[2018.05.19-17.27.35:568][831]LogModuleManager: Shutting down and abandoning module NetworkFile (10)
[2018.05.19-17.27.35:568][831]LogModuleManager: Shutting down and abandoning module CookedIterativeFile (8)
[2018.05.19-17.27.35:568][831]LogModuleManager: Shutting down and abandoning module StreamingFile (6)
[2018.05.19-17.27.35:568][831]LogModuleManager: Shutting down and abandoning module SandboxFile (4)
[2018.05.19-17.27.35:568][831]LogModuleManager: Shutting down and abandoning module PakFile (2)
[2018.05.19-17.27.35:573][831]LogExit: Exiting.
[2018.05.19-17.27.35:595][831]Log file closed, 05/20/18 01:27:35
